mode: set
github.com/kubercloud/ani/services/ani-gateway/internal/router/auth.go:89.42,98.2 8 0
github.com/kubercloud/ani/services/ani-gateway/internal/router/auth.go:100.74,102.41 2 0
github.com/kubercloud/ani/services/ani-gateway/internal/router/auth.go:102.41,105.3 2 0
github.com/kubercloud/ani/services/ani-gateway/internal/router/auth.go:106.2,107.19 2 0
github.com/kubercloud/ani/services/ani-gateway/internal/router/auth.go:107.19,110.3 2 0
github.com/kubercloud/ani/services/ani-gateway/internal/router/auth.go:111.2,111.29 1 0
github.com/kubercloud/ani/services/ani-gateway/internal/router/auth.go:114.77,116.41 2 0
github.com/kubercloud/ani/services/ani-gateway/internal/router/auth.go:116.41,119.3 2 0
github.com/kubercloud/ani/services/ani-gateway/internal/router/auth.go:120.2,121.19 2 0
github.com/kubercloud/ani/services/ani-gateway/internal/router/auth.go:121.19,124.3 2 0
github.com/kubercloud/ani/services/ani-gateway/internal/router/auth.go:125.2,125.29 1 0
github.com/kubercloud/ani/services/ani-gateway/internal/router/auth.go:128.72,130.41 2 0
github.com/kubercloud/ani/services/ani-gateway/internal/router/auth.go:130.41,133.3 2 0
github.com/kubercloud/ani/services/ani-gateway/internal/router/auth.go:134.2,135.19 2 0
github.com/kubercloud/ani/services/ani-gateway/internal/router/auth.go:135.19,138.3 2 0
github.com/kubercloud/ani/services/ani-gateway/internal/router/auth.go:139.2,139.29 1 0
github.com/kubercloud/ani/services/ani-gateway/internal/router/auth.go:142.71,144.41 2 0
github.com/kubercloud/ani/services/ani-gateway/internal/router/auth.go:144.41,147.3 2 0
github.com/kubercloud/ani/services/ani-gateway/internal/router/auth.go:148.2,149.19 2 0
github.com/kubercloud/ani/services/ani-gateway/internal/router/auth.go:149.19,152.3 2 0
github.com/kubercloud/ani/services/ani-gateway/internal/router/auth.go:153.2,153.60 1 0
github.com/kubercloud/ani/services/ani-gateway/internal/router/auth.go:156.77,158.41 2 0
github.com/kubercloud/ani/services/ani-gateway/internal/router/auth.go:158.41,161.3 2 0
github.com/kubercloud/ani/services/ani-gateway/internal/router/auth.go:162.2,163.19 2 0
github.com/kubercloud/ani/services/ani-gateway/internal/router/auth.go:163.19,166.3 2 0
github.com/kubercloud/ani/services/ani-gateway/internal/router/auth.go:167.2,167.34 1 0
github.com/kubercloud/ani/services/ani-gateway/internal/router/auth.go:170.76,173.19 3 0
github.com/kubercloud/ani/services/ani-gateway/internal/router/auth.go:173.19,176.3 2 0
github.com/kubercloud/ani/services/ani-gateway/internal/router/auth.go:177.2,177.29 1 0
github.com/kubercloud/ani/services/ani-gateway/internal/router/auth.go:180.77,182.19 2 0
github.com/kubercloud/ani/services/ani-gateway/internal/router/auth.go:182.19,185.3 2 0
github.com/kubercloud/ani/services/ani-gateway/internal/router/auth.go:186.2,186.60 1 0
github.com/kubercloud/ani/services/ani-gateway/internal/router/auth.go:189.127,190.45 1 1
github.com/kubercloud/ani/services/ani-gateway/internal/router/auth.go:190.45,192.3 1 0
github.com/kubercloud/ani/services/ani-gateway/internal/router/auth.go:193.2,193.46 1 1
github.com/kubercloud/ani/services/ani-gateway/internal/router/auth.go:193.46,195.3 1 1
github.com/kubercloud/ani/services/ani-gateway/internal/router/auth.go:196.2,196.23 1 1
github.com/kubercloud/ani/services/ani-gateway/internal/router/auth.go:196.23,198.3 1 0
github.com/kubercloud/ani/services/ani-gateway/internal/router/auth.go:199.2,203.16 2 1
github.com/kubercloud/ani/services/ani-gateway/internal/router/auth.go:203.16,206.3 2 0
github.com/kubercloud/ani/services/ani-gateway/internal/router/auth.go:207.2,210.26 1 1
github.com/kubercloud/ani/services/ani-gateway/internal/router/auth.go:213.133,214.40 1 1
github.com/kubercloud/ani/services/ani-gateway/internal/router/auth.go:214.40,216.3 1 0
github.com/kubercloud/ani/services/ani-gateway/internal/router/auth.go:217.2,217.39 1 1
github.com/kubercloud/ani/services/ani-gateway/internal/router/auth.go:217.39,219.3 1 1
github.com/kubercloud/ani/services/ani-gateway/internal/router/auth.go:220.2,220.46 1 1
github.com/kubercloud/ani/services/ani-gateway/internal/router/auth.go:220.46,222.3 1 0
github.com/kubercloud/ani/services/ani-gateway/internal/router/auth.go:223.2,223.23 1 1
github.com/kubercloud/ani/services/ani-gateway/internal/router/auth.go:223.23,225.3 1 0
github.com/kubercloud/ani/services/ani-gateway/internal/router/auth.go:226.2,231.16 2 1
github.com/kubercloud/ani/services/ani-gateway/internal/router/auth.go:231.16,234.3 2 0
github.com/kubercloud/ani/services/ani-gateway/internal/router/auth.go:235.2,235.65 1 1
github.com/kubercloud/ani/services/ani-gateway/internal/router/auth.go:238.128,239.43 1 1
github.com/kubercloud/ani/services/ani-gateway/internal/router/auth.go:239.43,241.3 1 1
github.com/kubercloud/ani/services/ani-gateway/internal/router/auth.go:242.2,242.23 1 1
github.com/kubercloud/ani/services/ani-gateway/internal/router/auth.go:242.23,244.3 1 0
github.com/kubercloud/ani/services/ani-gateway/internal/router/auth.go:245.2,246.16 2 1
github.com/kubercloud/ani/services/ani-gateway/internal/router/auth.go:246.16,249.3 2 1
github.com/kubercloud/ani/services/ani-gateway/internal/router/auth.go:250.2,250.63 1 1
github.com/kubercloud/ani/services/ani-gateway/internal/router/auth.go:253.97,254.34 1 1
github.com/kubercloud/ani/services/ani-gateway/internal/router/auth.go:254.34,256.3 1 1
github.com/kubercloud/ani/services/ani-gateway/internal/router/auth.go:257.2,257.23 1 1
github.com/kubercloud/ani/services/ani-gateway/internal/router/auth.go:257.23,259.3 1 0
github.com/kubercloud/ani/services/ani-gateway/internal/router/auth.go:260.2,260.76 1 1
github.com/kubercloud/ani/services/ani-gateway/internal/router/auth.go:260.76,263.3 2 0
github.com/kubercloud/ani/services/ani-gateway/internal/router/auth.go:264.2,264.42 1 1
github.com/kubercloud/ani/services/ani-gateway/internal/router/auth.go:267.172,268.39 1 1
github.com/kubercloud/ani/services/ani-gateway/internal/router/auth.go:268.39,270.3 1 0
github.com/kubercloud/ani/services/ani-gateway/internal/router/auth.go:271.2,271.41 1 1
github.com/kubercloud/ani/services/ani-gateway/internal/router/auth.go:271.41,273.3 1 0
github.com/kubercloud/ani/services/ani-gateway/internal/router/auth.go:274.2,274.37 1 1
github.com/kubercloud/ani/services/ani-gateway/internal/router/auth.go:274.37,276.3 1 0
github.com/kubercloud/ani/services/ani-gateway/internal/router/auth.go:277.2,277.23 1 1
github.com/kubercloud/ani/services/ani-gateway/internal/router/auth.go:277.23,279.3 1 0
github.com/kubercloud/ani/services/ani-gateway/internal/router/auth.go:280.2,281.19 2 1
github.com/kubercloud/ani/services/ani-gateway/internal/router/auth.go:281.19,283.3 1 1
github.com/kubercloud/ani/services/ani-gateway/internal/router/auth.go:284.2,292.16 2 1
github.com/kubercloud/ani/services/ani-gateway/internal/router/auth.go:292.16,295.3 2 0
github.com/kubercloud/ani/services/ani-gateway/internal/router/auth.go:296.2,300.31 1 1
github.com/kubercloud/ani/services/ani-gateway/internal/router/auth.go:303.141,304.39 1 1
github.com/kubercloud/ani/services/ani-gateway/internal/router/auth.go:304.39,306.3 1 0
github.com/kubercloud/ani/services/ani-gateway/internal/router/auth.go:307.2,307.23 1 1
github.com/kubercloud/ani/services/ani-gateway/internal/router/auth.go:307.23,309.3 1 0
github.com/kubercloud/ani/services/ani-gateway/internal/router/auth.go:310.2,314.16 2 1
github.com/kubercloud/ani/services/ani-gateway/internal/router/auth.go:314.16,317.3 2 0
github.com/kubercloud/ani/services/ani-gateway/internal/router/auth.go:318.2,319.37 2 1
github.com/kubercloud/ani/services/ani-gateway/internal/router/auth.go:319.37,321.3 1 1
github.com/kubercloud/ani/services/ani-gateway/internal/router/auth.go:322.2,322.88 1 1
github.com/kubercloud/ani/services/ani-gateway/internal/router/auth.go:325.126,326.39 1 1
github.com/kubercloud/ani/services/ani-gateway/internal/router/auth.go:326.39,328.3 1 0
github.com/kubercloud/ani/services/ani-gateway/internal/router/auth.go:329.2,329.36 1 1
github.com/kubercloud/ani/services/ani-gateway/internal/router/auth.go:329.36,331.3 1 0
github.com/kubercloud/ani/services/ani-gateway/internal/router/auth.go:332.2,332.23 1 1
github.com/kubercloud/ani/services/ani-gateway/internal/router/auth.go:332.23,334.3 1 0
github.com/kubercloud/ani/services/ani-gateway/internal/router/auth.go:335.2,338.17 1 1
github.com/kubercloud/ani/services/ani-gateway/internal/router/auth.go:338.17,341.3 2 1
github.com/kubercloud/ani/services/ani-gateway/internal/router/auth.go:342.2,342.42 1 0
github.com/kubercloud/ani/services/ani-gateway/internal/router/auth.go:345.80,346.22 1 1
github.com/kubercloud/ani/services/ani-gateway/internal/router/auth.go:346.22,348.3 1 0
github.com/kubercloud/ani/services/ani-gateway/internal/router/auth.go:349.2,354.3 1 1
github.com/kubercloud/ani/services/ani-gateway/internal/router/auth.go:357.82,358.18 1 1
github.com/kubercloud/ani/services/ani-gateway/internal/router/auth.go:358.18,360.3 1 0
github.com/kubercloud/ani/services/ani-gateway/internal/router/auth.go:361.2,364.3 1 1
github.com/kubercloud/ani/services/ani-gateway/internal/router/auth.go:367.77,368.16 1 1
github.com/kubercloud/ani/services/ani-gateway/internal/router/auth.go:368.16,370.3 1 0
github.com/kubercloud/ani/services/ani-gateway/internal/router/auth.go:371.2,381.3 1 1
github.com/kubercloud/ani/services/ani-gateway/internal/router/auth.go:384.89,385.36 1 1
github.com/kubercloud/ani/services/ani-gateway/internal/router/auth.go:385.36,387.3 1 0
github.com/kubercloud/ani/services/ani-gateway/internal/router/auth.go:388.2,389.16 2 1
github.com/kubercloud/ani/services/ani-gateway/internal/router/auth.go:389.16,391.3 1 1
github.com/kubercloud/ani/services/ani-gateway/internal/router/auth.go:392.2,392.55 1 1
github.com/kubercloud/ani/services/ani-gateway/internal/router/auth.go:395.59,396.18 1 1
github.com/kubercloud/ani/services/ani-gateway/internal/router/auth.go:396.18,398.3 1 1
github.com/kubercloud/ani/services/ani-gateway/internal/router/auth.go:399.2,399.50 1 1
github.com/kubercloud/ani/services/ani-gateway/internal/router/auth.go:402.53,403.26 1 1
github.com/kubercloud/ani/services/ani-gateway/internal/router/auth.go:404.29,405.80 1 1
github.com/kubercloud/ani/services/ani-gateway/internal/router/auth.go:406.29,407.77 1 0
github.com/kubercloud/ani/services/ani-gateway/internal/router/auth.go:408.32,409.93 1 0
github.com/kubercloud/ani/services/ani-gateway/internal/router/auth.go:410.22,411.73 1 1
github.com/kubercloud/ani/services/ani-gateway/internal/router/auth.go:412.10,413.75 1 0
github.com/kubercloud/ani/services/ani-gateway/internal/router/auth.go:417.89,423.2 1 0
github.com/kubercloud/ani/services/ani-gateway/internal/router/branding_resources.go:12.46,16.2 3 0
github.com/kubercloud/ani/services/ani-gateway/internal/router/branding_resources.go:18.62,25.2 2 0
github.com/kubercloud/ani/services/ani-gateway/internal/router/branding_resources.go:27.65,35.2 3 0
github.com/kubercloud/ani/services/ani-gateway/internal/router/branding_resources.go:37.69,41.2 3 0
github.com/kubercloud/ani/services/ani-gateway/internal/router/core_dev_profile.go:10.81,17.2 1 1
github.com/kubercloud/ani/services/ani-gateway/internal/router/demo_instances.go:30.48,32.2 1 1
github.com/kubercloud/ani/services/ani-gateway/internal/router/demo_instances.go:34.104,35.92 1 1
github.com/kubercloud/ani/services/ani-gateway/internal/router/demo_instances.go:35.92,37.3 1 0
github.com/kubercloud/ani/services/ani-gateway/internal/router/demo_instances.go:38.2,41.12 4 1
github.com/kubercloud/ani/services/ani-gateway/internal/router/demo_instances.go:44.126,48.9 4 1
github.com/kubercloud/ani/services/ani-gateway/internal/router/demo_instances.go:48.9,50.3 1 0
github.com/kubercloud/ani/services/ani-gateway/internal/router/demo_instances.go:51.2,51.20 1 1
github.com/kubercloud/ani/services/ani-gateway/internal/router/demo_instances.go:54.135,58.35 4 1
github.com/kubercloud/ani/services/ani-gateway/internal/router/demo_instances.go:58.35,59.34 1 1
github.com/kubercloud/ani/services/ani-gateway/internal/router/demo_instances.go:59.34,60.12 1 0
github.com/kubercloud/ani/services/ani-gateway/internal/router/demo_instances.go:62.3,62.40 1 1
github.com/kubercloud/ani/services/ani-gateway/internal/router/demo_instances.go:62.40,63.12 1 0
github.com/kubercloud/ani/services/ani-gateway/internal/router/demo_instances.go:65.3,65.36 1 1
github.com/kubercloud/ani/services/ani-gateway/internal/router/demo_instances.go:67.2,67.42 1 1
github.com/kubercloud/ani/services/ani-gateway/internal/router/demo_instances.go:67.42,69.3 1 1
github.com/kubercloud/ani/services/ani-gateway/internal/router/demo_instances.go:70.2,70.21 1 1
github.com/kubercloud/ani/services/ani-gateway/internal/router/demo_instances.go:381.44,383.2 1 1
github.com/kubercloud/ani/services/ani-gateway/internal/router/demo_instances.go:385.124,410.26 7 1
github.com/kubercloud/ani/services/ani-gateway/internal/router/demo_instances.go:410.26,412.3 1 1
github.com/kubercloud/ani/services/ani-gateway/internal/router/demo_instances.go:413.2,418.3 1 1
github.com/kubercloud/ani/services/ani-gateway/internal/router/demo_instances.go:421.133,443.2 21 0
github.com/kubercloud/ani/services/ani-gateway/internal/router/demo_instances.go:445.80,447.41 2 0
github.com/kubercloud/ani/services/ani-gateway/internal/router/demo_instances.go:447.41,450.3 2 0
github.com/kubercloud/ani/services/ani-gateway/internal/router/demo_instances.go:451.2,451.44 1 0
github.com/kubercloud/ani/services/ani-gateway/internal/router/demo_instances.go:451.44,454.3 2 0
github.com/kubercloud/ani/services/ani-gateway/internal/router/demo_instances.go:455.2,456.16 2 0
github.com/kubercloud/ani/services/ani-gateway/internal/router/demo_instances.go:456.16,459.3 2 0
github.com/kubercloud/ani/services/ani-gateway/internal/router/demo_instances.go:460.2,467.16 2 0
github.com/kubercloud/ani/services/ani-gateway/internal/router/demo_instances.go:467.16,470.3 2 0
github.com/kubercloud/ani/services/ani-gateway/internal/router/demo_instances.go:471.2,471.85 1 0
github.com/kubercloud/ani/services/ani-gateway/internal/router/demo_instances.go:471.85,478.3 2 0
github.com/kubercloud/ani/services/ani-gateway/internal/router/demo_instances.go:479.2,483.16 2 0
github.com/kubercloud/ani/services/ani-gateway/internal/router/demo_instances.go:483.16,486.3 2 0
github.com/kubercloud/ani/services/ani-gateway/internal/router/demo_instances.go:487.2,488.29 2 0
github.com/kubercloud/ani/services/ani-gateway/internal/router/demo_instances.go:488.29,490.3 1 0
github.com/kubercloud/ani/services/ani-gateway/internal/router/demo_instances.go:491.2,498.4 1 0
github.com/kubercloud/ani/services/ani-gateway/internal/router/demo_instances.go:501.77,506.16 2 0
github.com/kubercloud/ani/services/ani-gateway/internal/router/demo_instances.go:506.16,509.3 2 0
github.com/kubercloud/ani/services/ani-gateway/internal/router/demo_instances.go:510.2,510.55 1 0
github.com/kubercloud/ani/services/ani-gateway/internal/router/demo_instances.go:513.78,519.16 3 0
github.com/kubercloud/ani/services/ani-gateway/internal/router/demo_instances.go:519.16,522.3 2 0
github.com/kubercloud/ani/services/ani-gateway/internal/router/demo_instances.go:523.2,524.33 2 0
github.com/kubercloud/ani/services/ani-gateway/internal/router/demo_instances.go:524.33,526.3 1 0
github.com/kubercloud/ani/services/ani-gateway/internal/router/demo_instances.go:527.2,527.76 1 0
github.com/kubercloud/ani/services/ani-gateway/internal/router/demo_instances.go:530.83,532.41 2 0
github.com/kubercloud/ani/services/ani-gateway/internal/router/demo_instances.go:532.41,535.3 2 0
github.com/kubercloud/ani/services/ani-gateway/internal/router/demo_instances.go:536.2,536.44 1 0
github.com/kubercloud/ani/services/ani-gateway/internal/router/demo_instances.go:536.44,539.3 2 0
github.com/kubercloud/ani/services/ani-gateway/internal/router/demo_instances.go:540.2,555.56 3 0
github.com/kubercloud/ani/services/ani-gateway/internal/router/demo_instances.go:556.15,557.50 1 0
github.com/kubercloud/ani/services/ani-gateway/internal/router/demo_instances.go:558.14,559.49 1 0
github.com/kubercloud/ani/services/ani-gateway/internal/router/demo_instances.go:560.17,561.52 1 0
github.com/kubercloud/ani/services/ani-gateway/internal/router/demo_instances.go:562.16,571.5 1 0
github.com/kubercloud/ani/services/ani-gateway/internal/router/demo_instances.go:572.16,573.51 1 0
github.com/kubercloud/ani/services/ani-gateway/internal/router/demo_instances.go:574.18,575.53 1 0
github.com/kubercloud/ani/services/ani-gateway/internal/router/demo_instances.go:576.23,577.57 1 0
github.com/kubercloud/ani/services/ani-gateway/internal/router/demo_instances.go:578.23,579.57 1 0
github.com/kubercloud/ani/services/ani-gateway/internal/router/demo_instances.go:580.18,581.53 1 0
github.com/kubercloud/ani/services/ani-gateway/internal/router/demo_instances.go:582.10,584.9 2 0
github.com/kubercloud/ani/services/ani-gateway/internal/router/demo_instances.go:586.2,586.16 1 0
github.com/kubercloud/ani/services/ani-gateway/internal/router/demo_instances.go:586.16,589.3 2 0
github.com/kubercloud/ani/services/ani-gateway/internal/router/demo_instances.go:590.2,593.4 1 0
github.com/kubercloud/ani/services/ani-gateway/internal/router/demo_instances.go:596.88,603.16 2 0
github.com/kubercloud/ani/services/ani-gateway/internal/router/demo_instances.go:603.16,606.3 2 0
github.com/kubercloud/ani/services/ani-gateway/internal/router/demo_instances.go:607.2,608.36 2 0
github.com/kubercloud/ani/services/ani-gateway/internal/router/demo_instances.go:608.36,610.3 1 0
github.com/kubercloud/ani/services/ani-gateway/internal/router/demo_instances.go:611.2,611.110 1 0
github.com/kubercloud/ani/services/ani-gateway/internal/router/demo_instances.go:614.82,616.16 2 0
github.com/kubercloud/ani/services/ani-gateway/internal/router/demo_instances.go:616.16,619.3 2 0
github.com/kubercloud/ani/services/ani-gateway/internal/router/demo_instances.go:620.2,627.16 2 0
github.com/kubercloud/ani/services/ani-gateway/internal/router/demo_instances.go:627.16,630.3 2 0
github.com/kubercloud/ani/services/ani-gateway/internal/router/demo_instances.go:631.2,631.62 1 0
github.com/kubercloud/ani/services/ani-gateway/internal/router/demo_instances.go:634.84,636.16 2 0
github.com/kubercloud/ani/services/ani-gateway/internal/router/demo_instances.go:636.16,639.3 2 0
github.com/kubercloud/ani/services/ani-gateway/internal/router/demo_instances.go:640.2,646.16 2 0
github.com/kubercloud/ani/services/ani-gateway/internal/router/demo_instances.go:646.16,649.3 2 0
github.com/kubercloud/ani/services/ani-gateway/internal/router/demo_instances.go:650.2,650.64 1 0
github.com/kubercloud/ani/services/ani-gateway/internal/router/demo_instances.go:653.84,655.16 2 0
github.com/kubercloud/ani/services/ani-gateway/internal/router/demo_instances.go:655.16,658.3 2 0
github.com/kubercloud/ani/services/ani-gateway/internal/router/demo_instances.go:659.2,663.16 2 0
github.com/kubercloud/ani/services/ani-gateway/internal/router/demo_instances.go:663.16,666.3 2 0
github.com/kubercloud/ani/services/ani-gateway/internal/router/demo_instances.go:667.2,667.62 1 0
github.com/kubercloud/ani/services/ani-gateway/internal/router/demo_instances.go:670.91,672.16 2 0
github.com/kubercloud/ani/services/ani-gateway/internal/router/demo_instances.go:672.16,675.3 2 0
github.com/kubercloud/ani/services/ani-gateway/internal/router/demo_instances.go:676.2,677.31 2 0
github.com/kubercloud/ani/services/ani-gateway/internal/router/demo_instances.go:677.31,678.42 1 0
github.com/kubercloud/ani/services/ani-gateway/internal/router/demo_instances.go:678.42,681.4 2 0
github.com/kubercloud/ani/services/ani-gateway/internal/router/demo_instances.go:683.2,683.44 1 0
github.com/kubercloud/ani/services/ani-gateway/internal/router/demo_instances.go:683.44,686.3 2 0
github.com/kubercloud/ani/services/ani-gateway/internal/router/demo_instances.go:687.2,688.20 2 0
github.com/kubercloud/ani/services/ani-gateway/internal/router/demo_instances.go:688.20,690.3 1 0
github.com/kubercloud/ani/services/ani-gateway/internal/router/demo_instances.go:691.2,701.16 2 0
github.com/kubercloud/ani/services/ani-gateway/internal/router/demo_instances.go:701.16,704.3 2 0
github.com/kubercloud/ani/services/ani-gateway/internal/router/demo_instances.go:705.2,705.66 1 0
github.com/kubercloud/ani/services/ani-gateway/internal/router/demo_instances.go:708.92,710.16 2 0
github.com/kubercloud/ani/services/ani-gateway/internal/router/demo_instances.go:710.16,713.3 2 0
github.com/kubercloud/ani/services/ani-gateway/internal/router/demo_instances.go:714.2,720.16 2 0
github.com/kubercloud/ani/services/ani-gateway/internal/router/demo_instances.go:720.16,723.3 2 0
github.com/kubercloud/ani/services/ani-gateway/internal/router/demo_instances.go:724.2,724.72 1 0
github.com/kubercloud/ani/services/ani-gateway/internal/router/demo_instances.go:727.86,729.16 2 0
github.com/kubercloud/ani/services/ani-gateway/internal/router/demo_instances.go:729.16,732.3 2 0
github.com/kubercloud/ani/services/ani-gateway/internal/router/demo_instances.go:733.2,733.56 1 0
github.com/kubercloud/ani/services/ani-gateway/internal/router/demo_instances.go:736.77,748.16 3 0
github.com/kubercloud/ani/services/ani-gateway/internal/router/demo_instances.go:748.16,751.3 2 0
github.com/kubercloud/ani/services/ani-gateway/internal/router/demo_instances.go:752.2,752.31 1 0
github.com/kubercloud/ani/services/ani-gateway/internal/router/demo_instances.go:755.81,757.31 2 0
github.com/kubercloud/ani/services/ani-gateway/internal/router/demo_instances.go:757.31,758.42 1 0
github.com/kubercloud/ani/services/ani-gateway/internal/router/demo_instances.go:758.42,761.4 2 0
github.com/kubercloud/ani/services/ani-gateway/internal/router/demo_instances.go:763.2,773.16 3 0
github.com/kubercloud/ani/services/ani-gateway/internal/router/demo_instances.go:773.16,776.3 2 0
github.com/kubercloud/ani/services/ani-gateway/internal/router/demo_instances.go:777.2,777.31 1 0
github.com/kubercloud/ani/services/ani-gateway/internal/router/demo_instances.go:780.85,782.41 2 0
github.com/kubercloud/ani/services/ani-gateway/internal/router/demo_instances.go:782.41,785.3 2 0
github.com/kubercloud/ani/services/ani-gateway/internal/router/demo_instances.go:786.2,790.16 2 0
github.com/kubercloud/ani/services/ani-gateway/internal/router/demo_instances.go:790.16,793.3 2 0
github.com/kubercloud/ani/services/ani-gateway/internal/router/demo_instances.go:794.2,794.41 1 0
github.com/kubercloud/ani/services/ani-gateway/internal/router/demo_instances.go:794.41,797.3 2 0
github.com/kubercloud/ani/services/ani-gateway/internal/router/demo_instances.go:798.2,798.55 1 0
github.com/kubercloud/ani/services/ani-gateway/internal/router/demo_instances.go:798.55,801.3 2 0
github.com/kubercloud/ani/services/ani-gateway/internal/router/demo_instances.go:802.2,803.16 2 0
github.com/kubercloud/ani/services/ani-gateway/internal/router/demo_instances.go:803.16,806.3 2 0
github.com/kubercloud/ani/services/ani-gateway/internal/router/demo_instances.go:807.2,807.31 1 0
github.com/kubercloud/ani/services/ani-gateway/internal/router/demo_instances.go:810.134,815.2 1 0
github.com/kubercloud/ani/services/ani-gateway/internal/router/demo_instances.go:817.95,818.79 1 1
github.com/kubercloud/ani/services/ani-gateway/internal/router/demo_instances.go:818.79,820.3 1 1
github.com/kubercloud/ani/services/ani-gateway/internal/router/demo_instances.go:821.2,821.26 1 1
github.com/kubercloud/ani/services/ani-gateway/internal/router/demo_instances.go:824.69,825.54 1 0
github.com/kubercloud/ani/services/ani-gateway/internal/router/demo_instances.go:826.22,827.40 1 0
github.com/kubercloud/ani/services/ani-gateway/internal/router/demo_instances.go:828.34,829.43 1 0
github.com/kubercloud/ani/services/ani-gateway/internal/router/demo_instances.go:830.10,831.44 1 0
github.com/kubercloud/ani/services/ani-gateway/internal/router/demo_instances.go:835.131,837.19 2 1
github.com/kubercloud/ani/services/ani-gateway/internal/router/demo_instances.go:837.19,839.3 1 0
github.com/kubercloud/ani/services/ani-gateway/internal/router/demo_instances.go:840.2,840.24 1 1
github.com/kubercloud/ani/services/ani-gateway/internal/router/demo_instances.go:840.24,842.3 1 0
github.com/kubercloud/ani/services/ani-gateway/internal/router/demo_instances.go:843.2,843.38 1 1
github.com/kubercloud/ani/services/ani-gateway/internal/router/demo_instances.go:843.38,845.3 1 0
github.com/kubercloud/ani/services/ani-gateway/internal/router/demo_instances.go:846.2,847.16 2 1
github.com/kubercloud/ani/services/ani-gateway/internal/router/demo_instances.go:847.16,849.3 1 0
github.com/kubercloud/ani/services/ani-gateway/internal/router/demo_instances.go:850.2,867.16 13 1
github.com/kubercloud/ani/services/ani-gateway/internal/router/demo_instances.go:867.16,869.47 2 1
github.com/kubercloud/ani/services/ani-gateway/internal/router/demo_instances.go:869.47,871.4 1 0
github.com/kubercloud/ani/services/ani-gateway/internal/router/demo_instances.go:873.2,874.25 2 1
github.com/kubercloud/ani/services/ani-gateway/internal/router/demo_instances.go:874.25,876.3 1 0
github.com/kubercloud/ani/services/ani-gateway/internal/router/demo_instances.go:877.2,882.8 1 1
github.com/kubercloud/ani/services/ani-gateway/internal/router/demo_instances.go:885.72,887.49 2 1
github.com/kubercloud/ani/services/ani-gateway/internal/router/demo_instances.go:887.49,889.3 1 0
github.com/kubercloud/ani/services/ani-gateway/internal/router/demo_instances.go:890.2,891.51 2 1
github.com/kubercloud/ani/services/ani-gateway/internal/router/demo_instances.go:891.51,893.80 2 0
github.com/kubercloud/ani/services/ani-gateway/internal/router/demo_instances.go:893.80,895.4 1 0
github.com/kubercloud/ani/services/ani-gateway/internal/router/demo_instances.go:897.2,897.18 1 1
github.com/kubercloud/ani/services/ani-gateway/internal/router/demo_instances.go:900.51,913.32 3 1
github.com/kubercloud/ani/services/ani-gateway/internal/router/demo_instances.go:913.32,914.42 1 1
github.com/kubercloud/ani/services/ani-gateway/internal/router/demo_instances.go:914.42,916.4 1 0
github.com/kubercloud/ani/services/ani-gateway/internal/router/demo_instances.go:918.2,918.14 1 1
github.com/kubercloud/ani/services/ani-gateway/internal/router/demo_instances.go:921.44,923.17 2 1
github.com/kubercloud/ani/services/ani-gateway/internal/router/demo_instances.go:923.17,925.3 1 0
github.com/kubercloud/ani/services/ani-gateway/internal/router/demo_instances.go:926.2,927.32 2 1
github.com/kubercloud/ani/services/ani-gateway/internal/router/demo_instances.go:930.102,932.16 2 1
github.com/kubercloud/ani/services/ani-gateway/internal/router/demo_instances.go:932.16,934.3 1 0
github.com/kubercloud/ani/services/ani-gateway/internal/router/demo_instances.go:935.2,935.16 1 1
github.com/kubercloud/ani/services/ani-gateway/internal/router/demo_instances.go:935.16,937.3 1 0
github.com/kubercloud/ani/services/ani-gateway/internal/router/demo_instances.go:938.2,939.16 2 1
github.com/kubercloud/ani/services/ani-gateway/internal/router/demo_instances.go:939.16,941.3 1 1
github.com/kubercloud/ani/services/ani-gateway/internal/router/demo_instances.go:942.2,943.16 2 1
github.com/kubercloud/ani/services/ani-gateway/internal/router/demo_instances.go:943.16,945.3 1 0
github.com/kubercloud/ani/services/ani-gateway/internal/router/demo_instances.go:946.2,947.26 2 1
github.com/kubercloud/ani/services/ani-gateway/internal/router/demo_instances.go:947.26,949.3 1 0
github.com/kubercloud/ani/services/ani-gateway/internal/router/demo_instances.go:950.2,979.14 2 1
github.com/kubercloud/ani/services/ani-gateway/internal/router/demo_instances.go:980.28,987.4 1 1
github.com/kubercloud/ani/services/ani-gateway/internal/router/demo_instances.go:988.35,990.117 2 1
github.com/kubercloud/ani/services/ani-gateway/internal/router/demo_instances.go:991.38,1000.4 3 1
github.com/kubercloud/ani/services/ani-gateway/internal/router/demo_instances.go:1001.33,1003.17 2 1
github.com/kubercloud/ani/services/ani-gateway/internal/router/demo_instances.go:1003.17,1005.4 1 0
github.com/kubercloud/ani/services/ani-gateway/internal/router/demo_instances.go:1006.3,1010.114 5 1
github.com/kubercloud/ani/services/ani-gateway/internal/router/demo_instances.go:1011.10,1012.85 1 0
github.com/kubercloud/ani/services/ani-gateway/internal/router/demo_instances.go:1014.2,1014.18 1 1
github.com/kubercloud/ani/services/ani-gateway/internal/router/demo_instances.go:1028.128,1029.69 1 1
github.com/kubercloud/ani/services/ani-gateway/internal/router/demo_instances.go:1029.69,1031.3 1 1
github.com/kubercloud/ani/services/ani-gateway/internal/router/demo_instances.go:1032.2,1042.14 2 1
github.com/kubercloud/ani/services/ani-gateway/internal/router/demo_instances.go:1043.28,1044.26 1 1
github.com/kubercloud/ani/services/ani-gateway/internal/router/demo_instances.go:1044.26,1045.98 1 1
github.com/kubercloud/ani/services/ani-gateway/internal/router/demo_instances.go:1045.98,1047.5 1 1
github.com/kubercloud/ani/services/ani-gateway/internal/router/demo_instances.go:1048.4,1048.104 1 1
github.com/kubercloud/ani/services/ani-gateway/internal/router/demo_instances.go:1048.104,1050.5 1 0
github.com/kubercloud/ani/services/ani-gateway/internal/router/demo_instances.go:1051.4,1051.99 1 1
github.com/kubercloud/ani/services/ani-gateway/internal/router/demo_instances.go:1051.99,1053.5 1 0
github.com/kubercloud/ani/services/ani-gateway/internal/router/demo_instances.go:1054.4,1056.77 3 1
github.com/kubercloud/ani/services/ani-gateway/internal/router/demo_instances.go:1058.35,1059.33 1 1
github.com/kubercloud/ani/services/ani-gateway/internal/router/demo_instances.go:1059.33,1060.98 1 1
github.com/kubercloud/ani/services/ani-gateway/internal/router/demo_instances.go:1060.98,1062.5 1 1
github.com/kubercloud/ani/services/ani-gateway/internal/router/demo_instances.go:1063.4,1063.83 1 1
github.com/kubercloud/ani/services/ani-gateway/internal/router/demo_instances.go:1065.38,1066.36 1 1
github.com/kubercloud/ani/services/ani-gateway/internal/router/demo_instances.go:1066.36,1067.101 1 1
github.com/kubercloud/ani/services/ani-gateway/internal/router/demo_instances.go:1067.101,1069.5 1 0
github.com/kubercloud/ani/services/ani-gateway/internal/router/demo_instances.go:1070.4,1075.110 2 1
github.com/kubercloud/ani/services/ani-gateway/internal/router/demo_instances.go:1075.110,1077.5 1 0
github.com/kubercloud/ani/services/ani-gateway/internal/router/demo_instances.go:1078.4,1078.107 1 1
github.com/kubercloud/ani/services/ani-gateway/internal/router/demo_instances.go:1078.107,1080.5 1 1
github.com/kubercloud/ani/services/ani-gateway/internal/router/demo_instances.go:1081.4,1081.104 1 1
github.com/kubercloud/ani/services/ani-gateway/internal/router/demo_instances.go:1081.104,1083.5 1 0
github.com/kubercloud/ani/services/ani-gateway/internal/router/demo_instances.go:1084.4,1087.88 4 1
github.com/kubercloud/ani/services/ani-gateway/internal/router/demo_instances.go:1089.33,1089.33 0 1
github.com/kubercloud/ani/services/ani-gateway/internal/router/demo_instances.go:1092.2,1092.22 1 1
github.com/kubercloud/ani/services/ani-gateway/internal/router/demo_instances.go:1095.102,1106.30 2 1
github.com/kubercloud/ani/services/ani-gateway/internal/router/demo_instances.go:1106.30,1107.44 1 1
github.com/kubercloud/ani/services/ani-gateway/internal/router/demo_instances.go:1107.44,1109.4 1 1
github.com/kubercloud/ani/services/ani-gateway/internal/router/demo_instances.go:1111.2,1111.12 1 1
github.com/kubercloud/ani/services/ani-gateway/internal/router/demo_instances.go:1114.67,1118.2 1 1
github.com/kubercloud/ani/services/ani-gateway/internal/router/demo_instances.go:1120.69,1123.70 3 1
github.com/kubercloud/ani/services/ani-gateway/internal/router/demo_instances.go:1123.70,1125.3 1 1
github.com/kubercloud/ani/services/ani-gateway/internal/router/demo_instances.go:1126.2,1126.12 1 1
github.com/kubercloud/ani/services/ani-gateway/internal/router/demo_instances.go:1129.70,1130.68 1 1
github.com/kubercloud/ani/services/ani-gateway/internal/router/demo_instances.go:1130.68,1132.3 1 1
github.com/kubercloud/ani/services/ani-gateway/internal/router/demo_instances.go:1133.2,1133.12 1 1
github.com/kubercloud/ani/services/ani-gateway/internal/router/demo_instances.go:1136.82,1139.62 3 1
github.com/kubercloud/ani/services/ani-gateway/internal/router/demo_instances.go:1139.62,1141.3 1 0
github.com/kubercloud/ani/services/ani-gateway/internal/router/demo_instances.go:1142.2,1142.67 1 1
github.com/kubercloud/ani/services/ani-gateway/internal/router/demo_instances.go:1145.98,1147.53 2 1
github.com/kubercloud/ani/services/ani-gateway/internal/router/demo_instances.go:1147.53,1149.32 2 1
github.com/kubercloud/ani/services/ani-gateway/internal/router/demo_instances.go:1149.32,1151.4 1 0
github.com/kubercloud/ani/services/ani-gateway/internal/router/demo_instances.go:1152.3,1152.19 1 1
github.com/kubercloud/ani/services/ani-gateway/internal/router/demo_instances.go:1154.2,1155.16 2 1
github.com/kubercloud/ani/services/ani-gateway/internal/router/demo_instances.go:1156.114,1156.114 0 1
github.com/kubercloud/ani/services/ani-gateway/internal/router/demo_instances.go:1157.10,1158.124 1 0
github.com/kubercloud/ani/services/ani-gateway/internal/router/demo_instances.go:1160.2,1164.8 1 1
github.com/kubercloud/ani/services/ani-gateway/internal/router/demo_instances.go:1167.102,1168.23 1 1
github.com/kubercloud/ani/services/ani-gateway/internal/router/demo_instances.go:1168.23,1170.3 1 1
github.com/kubercloud/ani/services/ani-gateway/internal/router/demo_instances.go:1171.2,1172.31 2 1
github.com/kubercloud/ani/services/ani-gateway/internal/router/demo_instances.go:1172.31,1178.3 1 1
github.com/kubercloud/ani/services/ani-gateway/internal/router/demo_instances.go:1179.2,1179.17 1 1
github.com/kubercloud/ani/services/ani-gateway/internal/router/demo_instances.go:1182.87,1207.2 1 1
github.com/kubercloud/ani/services/ani-gateway/internal/router/demo_instances.go:1209.78,1210.23 1 1
github.com/kubercloud/ani/services/ani-gateway/internal/router/demo_instances.go:1210.23,1212.3 1 1
github.com/kubercloud/ani/services/ani-gateway/internal/router/demo_instances.go:1213.2,1220.3 1 1
github.com/kubercloud/ani/services/ani-gateway/internal/router/demo_instances.go:1223.78,1224.37 1 1
github.com/kubercloud/ani/services/ani-gateway/internal/router/demo_instances.go:1224.37,1226.3 1 1
github.com/kubercloud/ani/services/ani-gateway/internal/router/demo_instances.go:1227.2,1228.47 2 1
github.com/kubercloud/ani/services/ani-gateway/internal/router/demo_instances.go:1228.47,1237.3 1 1
github.com/kubercloud/ani/services/ani-gateway/internal/router/demo_instances.go:1238.2,1238.14 1 1
github.com/kubercloud/ani/services/ani-gateway/internal/router/demo_instances.go:1241.82,1242.29 1 1
github.com/kubercloud/ani/services/ani-gateway/internal/router/demo_instances.go:1242.29,1244.3 1 1
github.com/kubercloud/ani/services/ani-gateway/internal/router/demo_instances.go:1245.2,1246.48 2 1
github.com/kubercloud/ani/services/ani-gateway/internal/router/demo_instances.go:1246.48,1252.3 1 1
github.com/kubercloud/ani/services/ani-gateway/internal/router/demo_instances.go:1253.2,1259.3 1 1
github.com/kubercloud/ani/services/ani-gateway/internal/router/demo_instances.go:1262.70,1263.23 1 1
github.com/kubercloud/ani/services/ani-gateway/internal/router/demo_instances.go:1263.23,1265.3 1 1
github.com/kubercloud/ani/services/ani-gateway/internal/router/demo_instances.go:1266.2,1272.3 1 1
github.com/kubercloud/ani/services/ani-gateway/internal/router/demo_instances.go:1275.78,1276.27 1 1
github.com/kubercloud/ani/services/ani-gateway/internal/router/demo_instances.go:1276.27,1278.3 1 1
github.com/kubercloud/ani/services/ani-gateway/internal/router/demo_instances.go:1279.2,1290.3 1 1
github.com/kubercloud/ani/services/ani-gateway/internal/router/demo_instances.go:1293.80,1294.28 1 1
github.com/kubercloud/ani/services/ani-gateway/internal/router/demo_instances.go:1294.28,1296.3 1 1
github.com/kubercloud/ani/services/ani-gateway/internal/router/demo_instances.go:1297.2,1303.41 2 1
github.com/kubercloud/ani/services/ani-gateway/internal/router/demo_instances.go:1303.41,1305.3 1 1
github.com/kubercloud/ani/services/ani-gateway/internal/router/demo_instances.go:1306.2,1306.41 1 1
github.com/kubercloud/ani/services/ani-gateway/internal/router/demo_instances.go:1306.41,1308.3 1 0
github.com/kubercloud/ani/services/ani-gateway/internal/router/demo_instances.go:1309.2,1309.17 1 1
github.com/kubercloud/ani/services/ani-gateway/internal/router/demo_instances.go:1312.82,1313.32 1 1
github.com/kubercloud/ani/services/ani-gateway/internal/router/demo_instances.go:1313.32,1315.3 1 1
github.com/kubercloud/ani/services/ani-gateway/internal/router/demo_instances.go:1316.2,1317.44 2 1
github.com/kubercloud/ani/services/ani-gateway/internal/router/demo_instances.go:1317.44,1326.33 2 1
github.com/kubercloud/ani/services/ani-gateway/internal/router/demo_instances.go:1326.33,1328.4 1 1
github.com/kubercloud/ani/services/ani-gateway/internal/router/demo_instances.go:1329.3,1329.30 1 1
github.com/kubercloud/ani/services/ani-gateway/internal/router/demo_instances.go:1331.2,1331.14 1 1
github.com/kubercloud/ani/services/ani-gateway/internal/router/demo_instances.go:1334.71,1336.37 2 0
github.com/kubercloud/ani/services/ani-gateway/internal/router/demo_instances.go:1336.37,1343.3 1 0
github.com/kubercloud/ani/services/ani-gateway/internal/router/demo_instances.go:1344.2,1344.14 1 0
github.com/kubercloud/ani/services/ani-gateway/internal/router/demo_instances.go:1347.81,1356.2 1 0
github.com/kubercloud/ani/services/ani-gateway/internal/router/demo_instances.go:1358.90,1360.36 2 0
github.com/kubercloud/ani/services/ani-gateway/internal/router/demo_instances.go:1360.36,1366.3 1 0
github.com/kubercloud/ani/services/ani-gateway/internal/router/demo_instances.go:1367.2,1381.3 1 0
github.com/kubercloud/ani/services/ani-gateway/internal/router/demo_instances.go:1384.100,1386.36 2 1
github.com/kubercloud/ani/services/ani-gateway/internal/router/demo_instances.go:1386.36,1394.3 1 1
github.com/kubercloud/ani/services/ani-gateway/internal/router/demo_instances.go:1395.2,1400.3 1 1
github.com/kubercloud/ani/services/ani-gateway/internal/router/demo_instances.go:1403.106,1405.36 2 0
github.com/kubercloud/ani/services/ani-gateway/internal/router/demo_instances.go:1405.36,1415.3 1 0
github.com/kubercloud/ani/services/ani-gateway/internal/router/demo_instances.go:1416.2,1421.3 1 0
github.com/kubercloud/ani/services/ani-gateway/internal/router/demo_instances.go:1424.100,1438.2 1 1
github.com/kubercloud/ani/services/ani-gateway/internal/router/demo_instances.go:1440.130,1442.36 2 0
github.com/kubercloud/ani/services/ani-gateway/internal/router/demo_instances.go:1442.36,1451.3 1 0
github.com/kubercloud/ani/services/ani-gateway/internal/router/demo_instances.go:1452.2,1457.3 1 0
github.com/kubercloud/ani/services/ani-gateway/internal/router/demo_instances.go:1460.112,1469.2 1 1
github.com/kubercloud/ani/services/ani-gateway/internal/router/demo_instances.go:1471.49,1472.59 1 0
github.com/kubercloud/ani/services/ani-gateway/internal/router/demo_instances.go:1472.59,1474.3 1 0
github.com/kubercloud/ani/services/ani-gateway/internal/router/demo_instances.go:1475.2,1475.22 1 0
github.com/kubercloud/ani/services/ani-gateway/internal/router/demo_instances.go:1478.47,1479.39 1 0
github.com/kubercloud/ani/services/ani-gateway/internal/router/demo_instances.go:1479.39,1480.55 1 0
github.com/kubercloud/ani/services/ani-gateway/internal/router/demo_instances.go:1480.55,1482.4 1 0
github.com/kubercloud/ani/services/ani-gateway/internal/router/demo_instances.go:1484.2,1484.20 1 0
github.com/kubercloud/ani/services/ani-gateway/internal/router/demo_instances.go:1487.85,1493.2 1 0
github.com/kubercloud/ani/services/ani-gateway/internal/router/demo_instances.go:1495.72,1496.9 1 0
github.com/kubercloud/ani/services/ani-gateway/internal/router/demo_instances.go:1497.41,1498.76 1 0
github.com/kubercloud/ani/services/ani-gateway/internal/router/demo_instances.go:1499.41,1500.66 1 0
github.com/kubercloud/ani/services/ani-gateway/internal/router/demo_instances.go:1501.44,1502.71 1 0
github.com/kubercloud/ani/services/ani-gateway/internal/router/demo_instances.go:1503.40,1504.71 1 0
github.com/kubercloud/ani/services/ani-gateway/internal/router/demo_instances.go:1505.10,1506.71 1 0
github.com/kubercloud/ani/services/ani-gateway/internal/router/demo_instances.go:1510.46,1511.39 1 1
github.com/kubercloud/ani/services/ani-gateway/internal/router/demo_instances.go:1511.39,1513.3 1 1
github.com/kubercloud/ani/services/ani-gateway/internal/router/demo_instances.go:1514.2,1514.39 1 0
github.com/kubercloud/ani/services/ani-gateway/internal/router/demo_instances.go:1514.39,1516.3 1 0
github.com/kubercloud/ani/services/ani-gateway/internal/router/demo_instances.go:1517.2,1517.30 1 0
github.com/kubercloud/ani/services/ani-gateway/internal/router/demo_instances.go:1520.47,1521.39 1 1
github.com/kubercloud/ani/services/ani-gateway/internal/router/demo_instances.go:1521.39,1523.3 1 1
github.com/kubercloud/ani/services/ani-gateway/internal/router/demo_instances.go:1524.2,1524.39 1 0
github.com/kubercloud/ani/services/ani-gateway/internal/router/demo_instances.go:1524.39,1526.3 1 0
github.com/kubercloud/ani/services/ani-gateway/internal/router/demo_instances.go:1527.2,1527.36 1 0
github.com/kubercloud/ani/services/ani-gateway/internal/router/demo_instances.go:1530.45,1531.31 1 1
github.com/kubercloud/ani/services/ani-gateway/internal/router/demo_instances.go:1531.31,1532.37 1 1
github.com/kubercloud/ani/services/ani-gateway/internal/router/demo_instances.go:1532.37,1534.4 1 1
github.com/kubercloud/ani/services/ani-gateway/internal/router/demo_instances.go:1536.2,1536.11 1 1
github.com/kubercloud/ani/services/ani-gateway/internal/router/demo_instances.go:1539.43,1541.2 1 1
github.com/kubercloud/ani/services/ani-gateway/internal/router/demo_instances.go:1543.33,1544.8 1 0
github.com/kubercloud/ani/services/ani-gateway/internal/router/demo_instances.go:1544.8,1546.3 1 0
github.com/kubercloud/ani/services/ani-gateway/internal/router/demo_instances.go:1547.2,1547.18 1 0
github.com/kubercloud/ani/services/ani-gateway/internal/router/demo_instances.go:1550.69,1552.15 2 0
github.com/kubercloud/ani/services/ani-gateway/internal/router/demo_instances.go:1552.15,1554.3 1 0
github.com/kubercloud/ani/services/ani-gateway/internal/router/demo_instances.go:1555.2,1556.16 2 0
github.com/kubercloud/ani/services/ani-gateway/internal/router/demo_instances.go:1556.16,1558.3 1 0
github.com/kubercloud/ani/services/ani-gateway/internal/router/demo_instances.go:1559.2,1559.14 1 0
github.com/kubercloud/ani/services/ani-gateway/internal/router/demo_instances.go:1562.43,1563.36 1 1
github.com/kubercloud/ani/services/ani-gateway/internal/router/demo_instances.go:1563.36,1565.3 1 1
github.com/kubercloud/ani/services/ani-gateway/internal/router/demo_instances.go:1566.2,1566.15 1 0
github.com/kubercloud/ani/services/ani-gateway/internal/router/demo_instances.go:1569.82,1576.2 1 1
github.com/kubercloud/ani/services/ani-gateway/internal/router/demo_instances.go:1578.42,1579.15 1 1
github.com/kubercloud/ani/services/ani-gateway/internal/router/demo_instances.go:1579.15,1581.3 1 1
github.com/kubercloud/ani/services/ani-gateway/internal/router/demo_instances.go:1582.2,1582.17 1 1
github.com/kubercloud/ani/services/ani-gateway/internal/router/demo_instances.go:1585.41,1586.31 1 1
github.com/kubercloud/ani/services/ani-gateway/internal/router/demo_instances.go:1586.31,1587.17 1 1
github.com/kubercloud/ani/services/ani-gateway/internal/router/demo_instances.go:1587.17,1589.4 1 1
github.com/kubercloud/ani/services/ani-gateway/internal/router/demo_instances.go:1591.2,1591.10 1 1
github.com/kubercloud/ani/services/ani-gateway/internal/router/demo_instances.go:1596.109,1598.2 1 1
github.com/kubercloud/ani/services/ani-gateway/internal/router/demo_instances.go:1604.114,1606.2 1 0
github.com/kubercloud/ani/services/ani-gateway/internal/router/demo_instances.go:1608.91,1610.2 1 0
github.com/kubercloud/ani/services/ani-gateway/internal/router/demo_instances.go:1612.132,1623.2 2 1
github.com/kubercloud/ani/services/ani-gateway/internal/router/encryption_resources.go:73.40,75.2 1 1
github.com/kubercloud/ani/services/ani-gateway/internal/router/encryption_resources.go:77.82,78.20 1 1
github.com/kubercloud/ani/services/ani-gateway/internal/router/encryption_resources.go:78.20,80.3 1 1
github.com/kubercloud/ani/services/ani-gateway/internal/router/encryption_resources.go:81.2,81.41 1 1
github.com/kubercloud/ani/services/ani-gateway/internal/router/encryption_resources.go:83.101,93.2 9 0
github.com/kubercloud/ani/services/ani-gateway/internal/router/encryption_resources.go:94.81,96.41 2 0
github.com/kubercloud/ani/services/ani-gateway/internal/router/encryption_resources.go:96.41,99.3 2 0
github.com/kubercloud/ani/services/ani-gateway/internal/router/encryption_resources.go:100.2,101.16 2 0
github.com/kubercloud/ani/services/ani-gateway/internal/router/encryption_resources.go:101.16,104.3 2 0
github.com/kubercloud/ani/services/ani-gateway/internal/router/encryption_resources.go:105.2,105.55 1 0
github.com/kubercloud/ani/services/ani-gateway/internal/router/encryption_resources.go:107.80,109.16 2 0
github.com/kubercloud/ani/services/ani-gateway/internal/router/encryption_resources.go:109.16,112.3 2 0
github.com/kubercloud/ani/services/ani-gateway/internal/router/encryption_resources.go:113.2,114.25 2 0
github.com/kubercloud/ani/services/ani-gateway/internal/router/encryption_resources.go:114.25,116.3 1 0
github.com/kubercloud/ani/services/ani-gateway/internal/router/encryption_resources.go:117.2,117.96 1 0
github.com/kubercloud/ani/services/ani-gateway/internal/router/encryption_resources.go:119.78,121.16 2 0
github.com/kubercloud/ani/services/ani-gateway/internal/router/encryption_resources.go:121.16,124.3 2 0
github.com/kubercloud/ani/services/ani-gateway/internal/router/encryption_resources.go:125.2,125.50 1 0
github.com/kubercloud/ani/services/ani-gateway/internal/router/encryption_resources.go:127.81,129.16 2 0
github.com/kubercloud/ani/services/ani-gateway/internal/router/encryption_resources.go:129.16,132.3 2 0
github.com/kubercloud/ani/services/ani-gateway/internal/router/encryption_resources.go:133.2,133.50 1 0
github.com/kubercloud/ani/services/ani-gateway/internal/router/encryption_resources.go:135.81,137.41 2 0
github.com/kubercloud/ani/services/ani-gateway/internal/router/encryption_resources.go:137.41,140.3 2 0
github.com/kubercloud/ani/services/ani-gateway/internal/router/encryption_resources.go:141.2,142.16 2 0
github.com/kubercloud/ani/services/ani-gateway/internal/router/encryption_resources.go:142.16,145.3 2 0
github.com/kubercloud/ani/services/ani-gateway/internal/router/encryption_resources.go:146.2,146.58 1 0
github.com/kubercloud/ani/services/ani-gateway/internal/router/encryption_resources.go:148.81,150.41 2 0
github.com/kubercloud/ani/services/ani-gateway/internal/router/encryption_resources.go:150.41,153.3 2 0
github.com/kubercloud/ani/services/ani-gateway/internal/router/encryption_resources.go:154.2,155.16 2 0
github.com/kubercloud/ani/services/ani-gateway/internal/router/encryption_resources.go:155.16,158.3 2 0
github.com/kubercloud/ani/services/ani-gateway/internal/router/encryption_resources.go:159.2,159.50 1 0
github.com/kubercloud/ani/services/ani-gateway/internal/router/encryption_resources.go:161.76,163.41 2 0
github.com/kubercloud/ani/services/ani-gateway/internal/router/encryption_resources.go:163.41,166.3 2 0
github.com/kubercloud/ani/services/ani-gateway/internal/router/encryption_resources.go:167.2,168.16 2 0
github.com/kubercloud/ani/services/ani-gateway/internal/router/encryption_resources.go:168.16,171.3 2 0
github.com/kubercloud/ani/services/ani-gateway/internal/router/encryption_resources.go:172.2,172.54 1 0
github.com/kubercloud/ani/services/ani-gateway/internal/router/encryption_resources.go:174.89,176.41 2 0
github.com/kubercloud/ani/services/ani-gateway/internal/router/encryption_resources.go:176.41,179.3 2 0
github.com/kubercloud/ani/services/ani-gateway/internal/router/encryption_resources.go:180.2,181.16 2 0
github.com/kubercloud/ani/services/ani-gateway/internal/router/encryption_resources.go:181.16,184.3 2 0
github.com/kubercloud/ani/services/ani-gateway/internal/router/encryption_resources.go:185.2,185.61 1 0
github.com/kubercloud/ani/services/ani-gateway/internal/router/encryption_resources.go:187.75,189.2 1 1
github.com/kubercloud/ani/services/ani-gateway/internal/router/encryption_resources.go:190.99,192.2 1 1
github.com/kubercloud/ani/services/ani-gateway/internal/router/encryption_resources.go:193.84,195.2 1 1
github.com/kubercloud/ani/services/ani-gateway/internal/router/encryption_resources.go:196.105,198.2 1 1
github.com/kubercloud/ani/services/ani-gateway/internal/router/encryption_resources.go:200.106,201.43 1 1
github.com/kubercloud/ani/services/ani-gateway/internal/router/encryption_resources.go:201.43,208.3 1 1
github.com/kubercloud/ani/services/ani-gateway/internal/router/encryption_resources.go:209.2,209.69 1 1
github.com/kubercloud/ani/services/ani-gateway/internal/router/encryption_resources.go:211.61,212.9 1 0
github.com/kubercloud/ani/services/ani-gateway/internal/router/encryption_resources.go:213.41,214.67 1 0
github.com/kubercloud/ani/services/ani-gateway/internal/router/encryption_resources.go:215.41,216.66 1 0
github.com/kubercloud/ani/services/ani-gateway/internal/router/encryption_resources.go:217.40,218.71 1 0
github.com/kubercloud/ani/services/ani-gateway/internal/router/encryption_resources.go:219.10,220.71 1 0
github.com/kubercloud/ani/services/ani-gateway/internal/router/gpu_container_resources.go:12.52,24.2 10 0
github.com/kubercloud/ani/services/ani-gateway/internal/router/gpu_container_resources.go:26.68,30.2 3 0
github.com/kubercloud/ani/services/ani-gateway/internal/router/gpu_container_resources.go:32.69,36.2 3 0
github.com/kubercloud/ani/services/ani-gateway/internal/router/gpu_container_resources.go:38.68,42.2 3 0
github.com/kubercloud/ani/services/ani-gateway/internal/router/gpu_container_resources.go:44.66,48.2 3 0
github.com/kubercloud/ani/services/ani-gateway/internal/router/gpu_container_resources.go:50.69,54.2 3 0
github.com/kubercloud/ani/services/ani-gateway/internal/router/gpu_container_resources.go:56.69,60.2 3 0
github.com/kubercloud/ani/services/ani-gateway/internal/router/gpu_container_resources.go:62.73,66.2 3 0
github.com/kubercloud/ani/services/ani-gateway/internal/router/gpu_container_resources.go:68.75,72.2 3 0
github.com/kubercloud/ani/services/ani-gateway/internal/router/gpu_container_resources.go:74.71,78.2 3 0
github.com/kubercloud/ani/services/ani-gateway/internal/router/gpu_container_resources.go:80.70,84.2 3 0
github.com/kubercloud/ani/services/ani-gateway/internal/router/gpu_inventory_resources.go:80.44,82.2 1 1
github.com/kubercloud/ani/services/ani-gateway/internal/router/gpu_inventory_resources.go:84.85,86.22 2 1
github.com/kubercloud/ani/services/ani-gateway/internal/router/gpu_inventory_resources.go:86.22,88.3 1 1
github.com/kubercloud/ani/services/ani-gateway/internal/router/gpu_inventory_resources.go:88.8,95.3 1 1
github.com/kubercloud/ani/services/ani-gateway/internal/router/gpu_inventory_resources.go:96.2,100.3 1 1
github.com/kubercloud/ani/services/ani-gateway/internal/router/gpu_inventory_resources.go:103.102,108.2 4 0
github.com/kubercloud/ani/services/ani-gateway/internal/router/gpu_inventory_resources.go:110.90,112.16 2 0
github.com/kubercloud/ani/services/ani-gateway/internal/router/gpu_inventory_resources.go:112.16,115.3 2 0
github.com/kubercloud/ani/services/ani-gateway/internal/router/gpu_inventory_resources.go:116.2,117.33 2 0
github.com/kubercloud/ani/services/ani-gateway/internal/router/gpu_inventory_resources.go:120.89,122.16 2 0
github.com/kubercloud/ani/services/ani-gateway/internal/router/gpu_inventory_resources.go:122.16,125.3 2 0
github.com/kubercloud/ani/services/ani-gateway/internal/router/gpu_inventory_resources.go:126.2,126.57 1 0
github.com/kubercloud/ani/services/ani-gateway/internal/router/gpu_inventory_resources.go:129.94,131.16 2 0
github.com/kubercloud/ani/services/ani-gateway/internal/router/gpu_inventory_resources.go:131.16,134.3 2 0
github.com/kubercloud/ani/services/ani-gateway/internal/router/gpu_inventory_resources.go:135.2,135.66 1 0
github.com/kubercloud/ani/services/ani-gateway/internal/router/gpu_inventory_resources.go:138.107,140.38 2 1
github.com/kubercloud/ani/services/ani-gateway/internal/router/gpu_inventory_resources.go:140.38,142.3 1 0
github.com/kubercloud/ani/services/ani-gateway/internal/router/gpu_inventory_resources.go:143.2,143.39 1 1
github.com/kubercloud/ani/services/ani-gateway/internal/router/gpu_inventory_resources.go:143.39,146.3 2 0
github.com/kubercloud/ani/services/ani-gateway/internal/router/gpu_inventory_resources.go:147.2,147.15 1 1
github.com/kubercloud/ani/services/ani-gateway/internal/router/gpu_inventory_resources.go:150.156,152.29 2 1
github.com/kubercloud/ani/services/ani-gateway/internal/router/gpu_inventory_resources.go:152.29,153.88 1 1
github.com/kubercloud/ani/services/ani-gateway/internal/router/gpu_inventory_resources.go:153.88,154.12 1 0
github.com/kubercloud/ani/services/ani-gateway/internal/router/gpu_inventory_resources.go:156.3,156.43 1 1
github.com/kubercloud/ani/services/ani-gateway/internal/router/gpu_inventory_resources.go:156.43,158.104 2 1
github.com/kubercloud/ani/services/ani-gateway/internal/router/gpu_inventory_resources.go:158.104,159.13 1 0
github.com/kubercloud/ani/services/ani-gateway/internal/router/gpu_inventory_resources.go:161.4,161.83 1 1
github.com/kubercloud/ani/services/ani-gateway/internal/router/gpu_inventory_resources.go:161.83,162.13 1 0
github.com/kubercloud/ani/services/ani-gateway/internal/router/gpu_inventory_resources.go:164.4,164.31 1 1
github.com/kubercloud/ani/services/ani-gateway/internal/router/gpu_inventory_resources.go:167.2,172.3 1 1
github.com/kubercloud/ani/services/ani-gateway/internal/router/gpu_inventory_resources.go:175.100,181.29 3 1
github.com/kubercloud/ani/services/ani-gateway/internal/router/gpu_inventory_resources.go:181.29,182.43 1 1
github.com/kubercloud/ani/services/ani-gateway/internal/router/gpu_inventory_resources.go:182.43,185.23 3 1
github.com/kubercloud/ani/services/ani-gateway/internal/router/gpu_inventory_resources.go:186.21,187.25 1 1
github.com/kubercloud/ani/services/ani-gateway/internal/router/gpu_inventory_resources.go:188.18,189.21 1 0
github.com/kubercloud/ani/services/ani-gateway/internal/router/gpu_inventory_resources.go:190.17,191.21 1 1
github.com/kubercloud/ani/services/ani-gateway/internal/router/gpu_inventory_resources.go:193.4,194.21 2 1
github.com/kubercloud/ani/services/ani-gateway/internal/router/gpu_inventory_resources.go:194.21,197.5 2 1
github.com/kubercloud/ani/services/ani-gateway/internal/router/gpu_inventory_resources.go:198.4,199.34 2 1
github.com/kubercloud/ani/services/ani-gateway/internal/router/gpu_inventory_resources.go:199.34,201.5 1 1
github.com/kubercloud/ani/services/ani-gateway/internal/router/gpu_inventory_resources.go:202.4,202.31 1 1
github.com/kubercloud/ani/services/ani-gateway/internal/router/gpu_inventory_resources.go:202.31,204.5 1 0
github.com/kubercloud/ani/services/ani-gateway/internal/router/gpu_inventory_resources.go:207.2,207.33 1 1
github.com/kubercloud/ani/services/ani-gateway/internal/router/gpu_inventory_resources.go:207.33,209.3 1 1
github.com/kubercloud/ani/services/ani-gateway/internal/router/gpu_inventory_resources.go:210.2,210.17 1 1
github.com/kubercloud/ani/services/ani-gateway/internal/router/gpu_inventory_resources.go:213.115,215.2 1 1
github.com/kubercloud/ani/services/ani-gateway/internal/router/gpu_inventory_resources.go:217.127,219.36 2 1
github.com/kubercloud/ani/services/ani-gateway/internal/router/gpu_inventory_resources.go:219.36,232.3 1 1
github.com/kubercloud/ani/services/ani-gateway/internal/router/gpu_inventory_resources.go:233.2,238.3 1 1
github.com/kubercloud/ani/services/ani-gateway/internal/router/gpu_inventory_resources.go:241.150,243.17 2 1
github.com/kubercloud/ani/services/ani-gateway/internal/router/gpu_inventory_resources.go:243.17,245.3 1 1
github.com/kubercloud/ani/services/ani-gateway/internal/router/gpu_inventory_resources.go:246.2,258.3 2 1
github.com/kubercloud/ani/services/ani-gateway/internal/router/gpu_inventory_resources.go:261.70,263.32 2 0
github.com/kubercloud/ani/services/ani-gateway/internal/router/gpu_inventory_resources.go:263.32,265.3 1 0
github.com/kubercloud/ani/services/ani-gateway/internal/router/gpu_inventory_resources.go:266.2,266.12 1 0
github.com/kubercloud/ani/services/ani-gateway/internal/router/gpu_inventory_resources.go:269.63,270.9 1 0
github.com/kubercloud/ani/services/ani-gateway/internal/router/gpu_inventory_resources.go:271.41,272.67 1 0
github.com/kubercloud/ani/services/ani-gateway/internal/router/gpu_inventory_resources.go:273.41,274.66 1 0
github.com/kubercloud/ani/services/ani-gateway/internal/router/gpu_inventory_resources.go:275.40,276.71 1 0
github.com/kubercloud/ani/services/ani-gateway/internal/router/gpu_inventory_resources.go:277.44,278.71 1 0
github.com/kubercloud/ani/services/ani-gateway/internal/router/gpu_inventory_resources.go:279.10,280.71 1 0
github.com/kubercloud/ani/services/ani-gateway/internal/router/health.go:25.43,26.69 1 0
github.com/kubercloud/ani/services/ani-gateway/internal/router/health.go:26.69,28.3 1 0
github.com/kubercloud/ani/services/ani-gateway/internal/router/health.go:29.2,29.68 1 0
github.com/kubercloud/ani/services/ani-gateway/internal/router/health.go:29.68,31.3 1 0
github.com/kubercloud/ani/services/ani-gateway/internal/router/health.go:32.2,32.68 1 0
github.com/kubercloud/ani/services/ani-gateway/internal/router/health.go:32.68,34.3 1 0
github.com/kubercloud/ani/services/ani-gateway/internal/router/health.go:35.2,35.67 1 0
github.com/kubercloud/ani/services/ani-gateway/internal/router/health.go:35.67,37.3 1 0
github.com/kubercloud/ani/services/ani-gateway/internal/router/health.go:40.40,45.2 1 1
github.com/kubercloud/ani/services/ani-gateway/internal/router/health.go:47.41,57.2 1 1
github.com/kubercloud/ani/services/ani-gateway/internal/router/inference_resources.go:12.56,19.2 6 0
github.com/kubercloud/ani/services/ani-gateway/internal/router/inference_resources.go:21.72,25.2 3 0
github.com/kubercloud/ani/services/ani-gateway/internal/router/inference_resources.go:27.73,31.2 3 0
github.com/kubercloud/ani/services/ani-gateway/internal/router/inference_resources.go:33.70,37.2 3 0
github.com/kubercloud/ani/services/ani-gateway/internal/router/inference_resources.go:39.73,43.2 3 0
github.com/kubercloud/ani/services/ani-gateway/internal/router/inference_resources.go:45.73,49.2 3 0
github.com/kubercloud/ani/services/ani-gateway/internal/router/inference_resources.go:51.74,55.2 3 0
github.com/kubercloud/ani/services/ani-gateway/internal/router/k8s_cluster_resources.go:117.40,119.2 1 1
github.com/kubercloud/ani/services/ani-gateway/internal/router/k8s_cluster_resources.go:121.82,122.20 1 1
github.com/kubercloud/ani/services/ani-gateway/internal/router/k8s_cluster_resources.go:122.20,124.3 1 1
github.com/kubercloud/ani/services/ani-gateway/internal/router/k8s_cluster_resources.go:125.2,125.41 1 1
github.com/kubercloud/ani/services/ani-gateway/internal/router/k8s_cluster_resources.go:127.101,142.2 14 0
github.com/kubercloud/ani/services/ani-gateway/internal/router/k8s_cluster_resources.go:143.85,145.41 2 0
github.com/kubercloud/ani/services/ani-gateway/internal/router/k8s_cluster_resources.go:145.41,148.3 2 0
github.com/kubercloud/ani/services/ani-gateway/internal/router/k8s_cluster_resources.go:149.2,149.45 1 0
github.com/kubercloud/ani/services/ani-gateway/internal/router/k8s_cluster_resources.go:149.45,152.3 2 0
github.com/kubercloud/ani/services/ani-gateway/internal/router/k8s_cluster_resources.go:153.2,154.16 2 0
github.com/kubercloud/ani/services/ani-gateway/internal/router/k8s_cluster_resources.go:154.16,157.3 2 0
github.com/kubercloud/ani/services/ani-gateway/internal/router/k8s_cluster_resources.go:158.2,158.55 1 0
github.com/kubercloud/ani/services/ani-gateway/internal/router/k8s_cluster_resources.go:160.84,162.16 2 0
github.com/kubercloud/ani/services/ani-gateway/internal/router/k8s_cluster_resources.go:162.16,165.3 2 0
github.com/kubercloud/ani/services/ani-gateway/internal/router/k8s_cluster_resources.go:166.2,167.25 2 0
github.com/kubercloud/ani/services/ani-gateway/internal/router/k8s_cluster_resources.go:167.25,169.3 1 0
github.com/kubercloud/ani/services/ani-gateway/internal/router/k8s_cluster_resources.go:170.2,170.96 1 0
github.com/kubercloud/ani/services/ani-gateway/internal/router/k8s_cluster_resources.go:172.82,174.16 2 0
github.com/kubercloud/ani/services/ani-gateway/internal/router/k8s_cluster_resources.go:174.16,177.3 2 0
github.com/kubercloud/ani/services/ani-gateway/internal/router/k8s_cluster_resources.go:178.2,178.50 1 0
github.com/kubercloud/ani/services/ani-gateway/internal/router/k8s_cluster_resources.go:180.85,182.16 2 0
github.com/kubercloud/ani/services/ani-gateway/internal/router/k8s_cluster_resources.go:182.16,185.3 2 0
github.com/kubercloud/ani/services/ani-gateway/internal/router/k8s_cluster_resources.go:186.2,186.50 1 0
github.com/kubercloud/ani/services/ani-gateway/internal/router/k8s_cluster_resources.go:188.86,190.41 2 0
github.com/kubercloud/ani/services/ani-gateway/internal/router/k8s_cluster_resources.go:190.41,193.3 2 0
github.com/kubercloud/ani/services/ani-gateway/internal/router/k8s_cluster_resources.go:194.2,195.16 2 0
github.com/kubercloud/ani/services/ani-gateway/internal/router/k8s_cluster_resources.go:195.16,198.3 2 0
github.com/kubercloud/ani/services/ani-gateway/internal/router/k8s_cluster_resources.go:199.2,199.50 1 0
github.com/kubercloud/ani/services/ani-gateway/internal/router/k8s_cluster_resources.go:201.86,203.41 2 0
github.com/kubercloud/ani/services/ani-gateway/internal/router/k8s_cluster_resources.go:203.41,206.3 2 0
github.com/kubercloud/ani/services/ani-gateway/internal/router/k8s_cluster_resources.go:207.2,216.16 2 0
github.com/kubercloud/ani/services/ani-gateway/internal/router/k8s_cluster_resources.go:216.16,219.3 2 0
github.com/kubercloud/ani/services/ani-gateway/internal/router/k8s_cluster_resources.go:220.2,220.63 1 0
github.com/kubercloud/ani/services/ani-gateway/internal/router/k8s_cluster_resources.go:222.85,224.16 2 0
github.com/kubercloud/ani/services/ani-gateway/internal/router/k8s_cluster_resources.go:224.16,227.3 2 0
github.com/kubercloud/ani/services/ani-gateway/internal/router/k8s_cluster_resources.go:228.2,229.27 2 0
github.com/kubercloud/ani/services/ani-gateway/internal/router/k8s_cluster_resources.go:229.27,231.3 1 0
github.com/kubercloud/ani/services/ani-gateway/internal/router/k8s_cluster_resources.go:232.2,232.96 1 0
github.com/kubercloud/ani/services/ani-gateway/internal/router/k8s_cluster_resources.go:234.83,236.16 2 0
github.com/kubercloud/ani/services/ani-gateway/internal/router/k8s_cluster_resources.go:236.16,239.3 2 0
github.com/kubercloud/ani/services/ani-gateway/internal/router/k8s_cluster_resources.go:240.2,240.58 1 0
github.com/kubercloud/ani/services/ani-gateway/internal/router/k8s_cluster_resources.go:242.86,244.41 2 0
github.com/kubercloud/ani/services/ani-gateway/internal/router/k8s_cluster_resources.go:244.41,247.3 2 0
github.com/kubercloud/ani/services/ani-gateway/internal/router/k8s_cluster_resources.go:248.2,257.16 2 0
github.com/kubercloud/ani/services/ani-gateway/internal/router/k8s_cluster_resources.go:257.16,260.3 2 0
github.com/kubercloud/ani/services/ani-gateway/internal/router/k8s_cluster_resources.go:261.2,261.58 1 0
github.com/kubercloud/ani/services/ani-gateway/internal/router/k8s_cluster_resources.go:263.86,265.16 2 0
github.com/kubercloud/ani/services/ani-gateway/internal/router/k8s_cluster_resources.go:265.16,268.3 2 0
github.com/kubercloud/ani/services/ani-gateway/internal/router/k8s_cluster_resources.go:269.2,269.58 1 0
github.com/kubercloud/ani/services/ani-gateway/internal/router/k8s_cluster_resources.go:271.85,273.16 2 0
github.com/kubercloud/ani/services/ani-gateway/internal/router/k8s_cluster_resources.go:273.16,276.3 2 0
github.com/kubercloud/ani/services/ani-gateway/internal/router/k8s_cluster_resources.go:277.2,277.60 1 0
github.com/kubercloud/ani/services/ani-gateway/internal/router/k8s_cluster_resources.go:279.77,281.41 2 0
github.com/kubercloud/ani/services/ani-gateway/internal/router/k8s_cluster_resources.go:281.41,284.3 2 0
github.com/kubercloud/ani/services/ani-gateway/internal/router/k8s_cluster_resources.go:285.2,294.16 2 0
github.com/kubercloud/ani/services/ani-gateway/internal/router/k8s_cluster_resources.go:294.16,297.3 2 0
github.com/kubercloud/ani/services/ani-gateway/internal/router/k8s_cluster_resources.go:298.2,298.55 1 0
github.com/kubercloud/ani/services/ani-gateway/internal/router/k8s_cluster_resources.go:300.85,307.16 2 0
github.com/kubercloud/ani/services/ani-gateway/internal/router/k8s_cluster_resources.go:307.16,310.3 2 0
github.com/kubercloud/ani/services/ani-gateway/internal/router/k8s_cluster_resources.go:311.2,312.27 2 0
github.com/kubercloud/ani/services/ani-gateway/internal/router/k8s_cluster_resources.go:312.27,314.3 1 0
github.com/kubercloud/ani/services/ani-gateway/internal/router/k8s_cluster_resources.go:315.2,315.96 1 0
github.com/kubercloud/ani/services/ani-gateway/internal/router/k8s_cluster_resources.go:317.72,319.48 2 1
github.com/kubercloud/ani/services/ani-gateway/internal/router/k8s_cluster_resources.go:319.48,326.3 1 1
github.com/kubercloud/ani/services/ani-gateway/internal/router/k8s_cluster_resources.go:327.2,327.296 1 1
github.com/kubercloud/ani/services/ani-gateway/internal/router/k8s_cluster_resources.go:329.96,331.65 2 1
github.com/kubercloud/ani/services/ani-gateway/internal/router/k8s_cluster_resources.go:331.65,338.3 1 0
github.com/kubercloud/ani/services/ani-gateway/internal/router/k8s_cluster_resources.go:339.2,357.3 1 1
github.com/kubercloud/ani/services/ani-gateway/internal/router/k8s_cluster_resources.go:359.102,361.2 1 1
github.com/kubercloud/ani/services/ani-gateway/internal/router/k8s_cluster_resources.go:362.87,364.2 1 1
github.com/kubercloud/ani/services/ani-gateway/internal/router/k8s_cluster_resources.go:365.96,367.2 1 1
github.com/kubercloud/ani/services/ani-gateway/internal/router/k8s_cluster_resources.go:368.101,370.2 1 0
github.com/kubercloud/ani/services/ani-gateway/internal/router/k8s_cluster_resources.go:371.61,372.9 1 0
github.com/kubercloud/ani/services/ani-gateway/internal/router/k8s_cluster_resources.go:373.41,374.67 1 0
github.com/kubercloud/ani/services/ani-gateway/internal/router/k8s_cluster_resources.go:375.41,376.66 1 0
github.com/kubercloud/ani/services/ani-gateway/internal/router/k8s_cluster_resources.go:377.51,378.88 1 0
github.com/kubercloud/ani/services/ani-gateway/internal/router/k8s_cluster_resources.go:379.40,380.71 1 0
github.com/kubercloud/ani/services/ani-gateway/internal/router/k8s_cluster_resources.go:381.10,382.71 1 0
github.com/kubercloud/ani/services/ani-gateway/internal/router/kb_resources.go:12.53,23.2 9 0
github.com/kubercloud/ani/services/ani-gateway/internal/router/kb_resources.go:25.69,29.2 3 0
github.com/kubercloud/ani/services/ani-gateway/internal/router/kb_resources.go:31.70,35.2 3 0
github.com/kubercloud/ani/services/ani-gateway/internal/router/kb_resources.go:37.67,41.2 3 0
github.com/kubercloud/ani/services/ani-gateway/internal/router/kb_resources.go:43.70,47.2 3 0
github.com/kubercloud/ani/services/ani-gateway/internal/router/kb_resources.go:49.77,53.2 3 0
github.com/kubercloud/ani/services/ani-gateway/internal/router/kb_resources.go:55.78,59.2 3 0
github.com/kubercloud/ani/services/ani-gateway/internal/router/kb_resources.go:61.78,65.2 3 0
github.com/kubercloud/ani/services/ani-gateway/internal/router/kb_resources.go:67.69,71.2 3 0
github.com/kubercloud/ani/services/ani-gateway/internal/router/kb_resources.go:73.75,80.2 5 0
github.com/kubercloud/ani/services/ani-gateway/internal/router/metering_resources.go:61.36,63.2 1 1
github.com/kubercloud/ani/services/ani-gateway/internal/router/metering_resources.go:65.46,69.2 3 0
github.com/kubercloud/ani/services/ani-gateway/internal/router/metering_resources.go:71.80,73.16 2 0
github.com/kubercloud/ani/services/ani-gateway/internal/router/metering_resources.go:73.16,76.3 2 0
github.com/kubercloud/ani/services/ani-gateway/internal/router/metering_resources.go:77.2,78.16 2 0
github.com/kubercloud/ani/services/ani-gateway/internal/router/metering_resources.go:78.16,81.3 2 0
github.com/kubercloud/ani/services/ani-gateway/internal/router/metering_resources.go:82.2,89.16 2 0
github.com/kubercloud/ani/services/ani-gateway/internal/router/metering_resources.go:89.16,92.3 2 0
github.com/kubercloud/ani/services/ani-gateway/internal/router/metering_resources.go:93.2,93.56 1 0
github.com/kubercloud/ani/services/ani-gateway/internal/router/metering_resources.go:96.86,98.41 2 0
github.com/kubercloud/ani/services/ani-gateway/internal/router/metering_resources.go:98.41,101.3 2 0
github.com/kubercloud/ani/services/ani-gateway/internal/router/metering_resources.go:102.2,103.16 2 0
github.com/kubercloud/ani/services/ani-gateway/internal/router/metering_resources.go:103.16,106.3 2 0
github.com/kubercloud/ani/services/ani-gateway/internal/router/metering_resources.go:107.2,119.16 2 0
github.com/kubercloud/ani/services/ani-gateway/internal/router/metering_resources.go:119.16,122.3 2 0
github.com/kubercloud/ani/services/ani-gateway/internal/router/metering_resources.go:123.2,123.65 1 0
github.com/kubercloud/ani/services/ani-gateway/internal/router/metering_resources.go:126.86,128.36 2 1
github.com/kubercloud/ani/services/ani-gateway/internal/router/metering_resources.go:128.36,136.3 1 0
github.com/kubercloud/ani/services/ani-gateway/internal/router/metering_resources.go:137.2,141.3 1 1
github.com/kubercloud/ani/services/ani-gateway/internal/router/metering_resources.go:144.95,159.2 1 1
github.com/kubercloud/ani/services/ani-gateway/internal/router/metering_resources.go:161.55,162.36 1 0
github.com/kubercloud/ani/services/ani-gateway/internal/router/metering_resources.go:162.36,164.3 1 0
github.com/kubercloud/ani/services/ani-gateway/internal/router/metering_resources.go:165.2,166.16 2 0
github.com/kubercloud/ani/services/ani-gateway/internal/router/metering_resources.go:166.16,168.3 1 0
github.com/kubercloud/ani/services/ani-gateway/internal/router/metering_resources.go:169.2,169.20 1 0
github.com/kubercloud/ani/services/ani-gateway/internal/router/metering_resources.go:172.59,173.9 1 0
github.com/kubercloud/ani/services/ani-gateway/internal/router/metering_resources.go:174.40,175.71 1 0
github.com/kubercloud/ani/services/ani-gateway/internal/router/metering_resources.go:176.10,177.71 1 0
github.com/kubercloud/ani/services/ani-gateway/internal/router/model_resources.go:12.45,20.2 7 0
github.com/kubercloud/ani/services/ani-gateway/internal/router/model_resources.go:22.61,26.2 3 0
github.com/kubercloud/ani/services/ani-gateway/internal/router/model_resources.go:28.62,32.2 3 0
github.com/kubercloud/ani/services/ani-gateway/internal/router/model_resources.go:34.62,38.2 3 0
github.com/kubercloud/ani/services/ani-gateway/internal/router/model_resources.go:40.59,44.2 3 0
github.com/kubercloud/ani/services/ani-gateway/internal/router/model_resources.go:46.62,50.2 3 0
github.com/kubercloud/ani/services/ani-gateway/internal/router/model_resources.go:52.68,56.2 3 0
github.com/kubercloud/ani/services/ani-gateway/internal/router/model_resources.go:58.69,62.2 3 0
github.com/kubercloud/ani/services/ani-gateway/internal/router/network_resources.go:138.34,140.2 1 1
github.com/kubercloud/ani/services/ani-gateway/internal/router/network_resources.go:142.73,143.20 1 1
github.com/kubercloud/ani/services/ani-gateway/internal/router/network_resources.go:143.20,145.3 1 1
github.com/kubercloud/ani/services/ani-gateway/internal/router/network_resources.go:146.2,146.38 1 1
github.com/kubercloud/ani/services/ani-gateway/internal/router/network_resources.go:149.95,173.2 19 0
github.com/kubercloud/ani/services/ani-gateway/internal/router/network_resources.go:175.78,177.41 2 0
github.com/kubercloud/ani/services/ani-gateway/internal/router/network_resources.go:177.41,180.3 2 0
github.com/kubercloud/ani/services/ani-gateway/internal/router/network_resources.go:181.2,187.16 2 0
github.com/kubercloud/ani/services/ani-gateway/internal/router/network_resources.go:187.16,190.3 2 0
github.com/kubercloud/ani/services/ani-gateway/internal/router/network_resources.go:191.2,191.58 1 0
github.com/kubercloud/ani/services/ani-gateway/internal/router/network_resources.go:194.77,196.16 2 0
github.com/kubercloud/ani/services/ani-gateway/internal/router/network_resources.go:196.16,199.3 2 0
github.com/kubercloud/ani/services/ani-gateway/internal/router/network_resources.go:200.2,201.33 2 0
github.com/kubercloud/ani/services/ani-gateway/internal/router/network_resources.go:201.33,203.3 1 0
github.com/kubercloud/ani/services/ani-gateway/internal/router/network_resources.go:204.2,204.96 1 0
github.com/kubercloud/ani/services/ani-gateway/internal/router/network_resources.go:207.75,209.16 2 0
github.com/kubercloud/ani/services/ani-gateway/internal/router/network_resources.go:209.16,212.3 2 0
github.com/kubercloud/ani/services/ani-gateway/internal/router/network_resources.go:213.2,213.53 1 0
github.com/kubercloud/ani/services/ani-gateway/internal/router/network_resources.go:216.78,218.16 2 0
github.com/kubercloud/ani/services/ani-gateway/internal/router/network_resources.go:218.16,221.3 2 0
github.com/kubercloud/ani/services/ani-gateway/internal/router/network_resources.go:222.2,222.53 1 0
github.com/kubercloud/ani/services/ani-gateway/internal/router/network_resources.go:225.81,227.41 2 0
github.com/kubercloud/ani/services/ani-gateway/internal/router/network_resources.go:227.41,230.3 2 0
github.com/kubercloud/ani/services/ani-gateway/internal/router/network_resources.go:231.2,239.16 2 0
github.com/kubercloud/ani/services/ani-gateway/internal/router/network_resources.go:239.16,242.3 2 0
github.com/kubercloud/ani/services/ani-gateway/internal/router/network_resources.go:243.2,243.61 1 0
github.com/kubercloud/ani/services/ani-gateway/internal/router/network_resources.go:246.80,248.16 2 0
github.com/kubercloud/ani/services/ani-gateway/internal/router/network_resources.go:248.16,251.3 2 0
github.com/kubercloud/ani/services/ani-gateway/internal/router/network_resources.go:252.2,253.33 2 0
github.com/kubercloud/ani/services/ani-gateway/internal/router/network_resources.go:253.33,255.3 1 0
github.com/kubercloud/ani/services/ani-gateway/internal/router/network_resources.go:256.2,256.96 1 0
github.com/kubercloud/ani/services/ani-gateway/internal/router/network_resources.go:259.78,261.16 2 0
github.com/kubercloud/ani/services/ani-gateway/internal/router/network_resources.go:261.16,264.3 2 0
github.com/kubercloud/ani/services/ani-gateway/internal/router/network_resources.go:265.2,265.56 1 0
github.com/kubercloud/ani/services/ani-gateway/internal/router/network_resources.go:268.81,270.16 2 0
github.com/kubercloud/ani/services/ani-gateway/internal/router/network_resources.go:270.16,273.3 2 0
github.com/kubercloud/ani/services/ani-gateway/internal/router/network_resources.go:274.2,274.56 1 0
github.com/kubercloud/ani/services/ani-gateway/internal/router/network_resources.go:277.88,279.41 2 0
github.com/kubercloud/ani/services/ani-gateway/internal/router/network_resources.go:279.41,282.3 2 0
github.com/kubercloud/ani/services/ani-gateway/internal/router/network_resources.go:283.2,290.16 2 0
github.com/kubercloud/ani/services/ani-gateway/internal/router/network_resources.go:290.16,293.3 2 0
github.com/kubercloud/ani/services/ani-gateway/internal/router/network_resources.go:294.2,294.68 1 0
github.com/kubercloud/ani/services/ani-gateway/internal/router/network_resources.go:297.87,299.16 2 0
github.com/kubercloud/ani/services/ani-gateway/internal/router/network_resources.go:299.16,302.3 2 0
github.com/kubercloud/ani/services/ani-gateway/internal/router/network_resources.go:303.2,304.33 2 0
github.com/kubercloud/ani/services/ani-gateway/internal/router/network_resources.go:304.33,306.3 1 0
github.com/kubercloud/ani/services/ani-gateway/internal/router/network_resources.go:307.2,307.96 1 0
github.com/kubercloud/ani/services/ani-gateway/internal/router/network_resources.go:310.85,312.16 2 0
github.com/kubercloud/ani/services/ani-gateway/internal/router/network_resources.go:312.16,315.3 2 0
github.com/kubercloud/ani/services/ani-gateway/internal/router/network_resources.go:316.2,316.63 1 0
github.com/kubercloud/ani/services/ani-gateway/internal/router/network_resources.go:319.88,321.16 2 0
github.com/kubercloud/ani/services/ani-gateway/internal/router/network_resources.go:321.16,324.3 2 0
github.com/kubercloud/ani/services/ani-gateway/internal/router/network_resources.go:325.2,325.63 1 0
github.com/kubercloud/ani/services/ani-gateway/internal/router/network_resources.go:328.87,330.41 2 0
github.com/kubercloud/ani/services/ani-gateway/internal/router/network_resources.go:330.41,333.3 2 0
github.com/kubercloud/ani/services/ani-gateway/internal/router/network_resources.go:334.2,343.16 2 0
github.com/kubercloud/ani/services/ani-gateway/internal/router/network_resources.go:343.16,346.3 2 0
github.com/kubercloud/ani/services/ani-gateway/internal/router/network_resources.go:347.2,347.67 1 0
github.com/kubercloud/ani/services/ani-gateway/internal/router/network_resources.go:350.86,352.16 2 0
github.com/kubercloud/ani/services/ani-gateway/internal/router/network_resources.go:352.16,355.3 2 0
github.com/kubercloud/ani/services/ani-gateway/internal/router/network_resources.go:356.2,357.33 2 0
github.com/kubercloud/ani/services/ani-gateway/internal/router/network_resources.go:357.33,359.3 1 0
github.com/kubercloud/ani/services/ani-gateway/internal/router/network_resources.go:360.2,360.96 1 0
github.com/kubercloud/ani/services/ani-gateway/internal/router/network_resources.go:363.84,365.16 2 0
github.com/kubercloud/ani/services/ani-gateway/internal/router/network_resources.go:365.16,368.3 2 0
github.com/kubercloud/ani/services/ani-gateway/internal/router/network_resources.go:369.2,369.62 1 0
github.com/kubercloud/ani/services/ani-gateway/internal/router/network_resources.go:372.87,374.16 2 0
github.com/kubercloud/ani/services/ani-gateway/internal/router/network_resources.go:374.16,377.3 2 0
github.com/kubercloud/ani/services/ani-gateway/internal/router/network_resources.go:378.2,378.62 1 0
github.com/kubercloud/ani/services/ani-gateway/internal/router/network_resources.go:381.80,383.41 2 0
github.com/kubercloud/ani/services/ani-gateway/internal/router/network_resources.go:383.41,386.3 2 0
github.com/kubercloud/ani/services/ani-gateway/internal/router/network_resources.go:387.2,396.16 2 0
github.com/kubercloud/ani/services/ani-gateway/internal/router/network_resources.go:396.16,399.3 2 0
github.com/kubercloud/ani/services/ani-gateway/internal/router/network_resources.go:400.2,400.60 1 0
github.com/kubercloud/ani/services/ani-gateway/internal/router/network_resources.go:403.79,408.16 2 0
github.com/kubercloud/ani/services/ani-gateway/internal/router/network_resources.go:408.16,411.3 2 0
github.com/kubercloud/ani/services/ani-gateway/internal/router/network_resources.go:412.2,413.33 2 0
github.com/kubercloud/ani/services/ani-gateway/internal/router/network_resources.go:413.33,415.3 1 0
github.com/kubercloud/ani/services/ani-gateway/internal/router/network_resources.go:416.2,416.96 1 0
[...]
github.com/kubercloud/ani/services/ani-gateway/main.go:126.69,128.3 1 0
github.com/kubercloud/ani/services/ani-gateway/main.go:129.2,129.53 1 1
github.com/kubercloud/ani/services/ani-gateway/main.go:132.56,136.69 4 1
github.com/kubercloud/ani/services/ani-gateway/main.go:136.69,140.3 3 1
github.com/kubercloud/ani/services/ani-gateway/main.go:141.2,146.94 6 1
github.com/kubercloud/ani/services/ani-gateway/main.go:146.94,147.72 1 1
github.com/kubercloud/ani/services/ani-gateway/main.go:147.72,149.4 1 1
github.com/kubercloud/ani/services/ani-gateway/main.go:151.2,151.12 1 1
github.com/kubercloud/ani/services/ani-gateway/main.go:154.45,155.27 1 1
github.com/kubercloud/ani/services/ani-gateway/main.go:155.27,156.62 1 1
github.com/kubercloud/ani/services/ani-gateway/main.go:156.62,158.4 1 1
github.com/kubercloud/ani/services/ani-gateway/main.go:160.2,160.11 1 1
github.com/kubercloud/ani/services/ani-gateway/network_runtime.go:30.71,45.2 1 1
github.com/kubercloud/ani/services/ani-gateway/network_runtime.go:47.94,48.59 1 1
github.com/kubercloud/ani/services/ani-gateway/network_runtime.go:49.37,50.18 1 1
github.com/kubercloud/ani/services/ani-gateway/network_runtime.go:51.22,52.96 1 1
github.com/kubercloud/ani/services/ani-gateway/network_runtime.go:52.96,54.4 1 1
github.com/kubercloud/ani/services/ani-gateway/network_runtime.go:55.3,66.17 2 1
github.com/kubercloud/ani/services/ani-gateway/network_runtime.go:66.17,68.4 1 0
github.com/kubercloud/ani/services/ani-gateway/network_runtime.go:69.3,84.9 2 1
github.com/kubercloud/ani/services/ani-gateway/network_runtime.go:85.10,86.92 1 0
github.com/kubercloud/ani/services/ani-gateway/runtime_timeout.go:9.56,11.15 2 1
github.com/kubercloud/ani/services/ani-gateway/runtime_timeout.go:11.15,13.3 1 1
github.com/kubercloud/ani/services/ani-gateway/runtime_timeout.go:14.2,15.31 2 0
github.com/kubercloud/ani/services/ani-gateway/runtime_timeout.go:15.31,17.3 1 0
github.com/kubercloud/ani/services/ani-gateway/runtime_timeout.go:18.2,18.15 1 0
github.com/kubercloud/ani/services/ani-gateway/secret_runtime.go:27.69,39.2 1 1
github.com/kubercloud/ani/services/ani-gateway/secret_runtime.go:41.91,42.45 1 1
github.com/kubercloud/ani/services/ani-gateway/secret_runtime.go:43.19,44.18 1 0
github.com/kubercloud/ani/services/ani-gateway/secret_runtime.go:45.25,57.17 2 1
github.com/kubercloud/ani/services/ani-gateway/secret_runtime.go:57.17,59.4 1 0
github.com/kubercloud/ani/services/ani-gateway/secret_runtime.go:60.3,62.9 1 1
github.com/kubercloud/ani/services/ani-gateway/secret_runtime.go:63.10,64.108 1 1
github.com/kubercloud/ani/services/ani-gateway/storage_runtime.go:43.71,69.2 1 1
github.com/kubercloud/ani/services/ani-gateway/storage_runtime.go:71.94,73.59 2 1
github.com/kubercloud/ani/services/ani-gateway/storage_runtime.go:73.59,87.17 2 1
github.com/kubercloud/ani/services/ani-gateway/storage_runtime.go:87.17,89.4 1 0
github.com/kubercloud/ani/services/ani-gateway/storage_runtime.go:90.3,90.74 1 1
github.com/kubercloud/ani/services/ani-gateway/storage_runtime.go:93.2,93.59 1 1
github.com/kubercloud/ani/services/ani-gateway/storage_runtime.go:94.37,95.23 1 1
github.com/kubercloud/ani/services/ani-gateway/storage_runtime.go:95.23,97.4 1 1
github.com/kubercloud/ani/services/ani-gateway/storage_runtime.go:98.3,98.18 1 1
github.com/kubercloud/ani/services/ani-gateway/storage_runtime.go:99.25,100.96 1 1
github.com/kubercloud/ani/services/ani-gateway/storage_runtime.go:100.96,102.4 1 1
github.com/kubercloud/ani/services/ani-gateway/storage_runtime.go:103.3,114.17 2 1
github.com/kubercloud/ani/services/ani-gateway/storage_runtime.go:114.17,116.4 1 0
github.com/kubercloud/ani/services/ani-gateway/storage_runtime.go:117.3,133.64 3 1
github.com/kubercloud/ani/services/ani-gateway/storage_runtime.go:134.10,135.92 1 0
github.com/kubercloud/ani/services/ani-gateway/vector_store_runtime.go:26.79,36.2 1 1
github.com/kubercloud/ani/services/ani-gateway/vector_store_runtime.go:38.106,39.74 1 1
github.com/kubercloud/ani/services/ani-gateway/vector_store_runtime.go:40.37,41.18 1 1
github.com/kubercloud/ani/services/ani-gateway/vector_store_runtime.go:42.16,52.17 2 1
github.com/kubercloud/ani/services/ani-gateway/vector_store_runtime.go:52.17,54.4 1 0
github.com/kubercloud/ani/services/ani-gateway/vector_store_runtime.go:55.3,55.102 1 1
github.com/kubercloud/ani/services/ani-gateway/vector_store_runtime.go:56.10,57.101 1 1
github.com/kubercloud/ani/services/ani-gateway/internal/middleware/audit.go:12.30,13.58 1 0
github.com/kubercloud/ani/services/ani-gateway/internal/middleware/audit.go:13.58,27.10 4 0
github.com/kubercloud/ani/services/ani-gateway/internal/middleware/audit.go:28.25,28.25 0 0
github.com/kubercloud/ani/services/ani-gateway/internal/middleware/audit.go:29.11,29.11 0 0
github.com/kubercloud/ani/services/ani-gateway/internal/middleware/audit.go:48.25,49.12 1 0
github.com/kubercloud/ani/services/ani-gateway/internal/middleware/audit.go:49.12,50.30 1 0
github.com/kubercloud/ani/services/ani-gateway/internal/middleware/audit.go:50.30,53.4 1 0
github.com/kubercloud/ani/services/ani-gateway/internal/middleware/auth.go:16.29,18.2 1 0
github.com/kubercloud/ani/services/ani-gateway/internal/middleware/auth.go:20.60,21.58 1 0
github.com/kubercloud/ani/services/ani-gateway/internal/middleware/auth.go:21.58,22.37 1 0
github.com/kubercloud/ani/services/ani-gateway/internal/middleware/auth.go:22.37,25.4 2 0
github.com/kubercloud/ani/services/ani-gateway/internal/middleware/auth.go:27.3,27.42 1 0
github.com/kubercloud/ani/services/ani-gateway/internal/middleware/auth.go:27.42,29.22 2 0
github.com/kubercloud/ani/services/ani-gateway/internal/middleware/auth.go:29.22,31.5 1 0
github.com/kubercloud/ani/services/ani-gateway/internal/middleware/auth.go:32.4,33.20 2 0
github.com/kubercloud/ani/services/ani-gateway/internal/middleware/auth.go:33.20,35.5 1 0
github.com/kubercloud/ani/services/ani-gateway/internal/middleware/auth.go:36.4,40.10 5 0
github.com/kubercloud/ani/services/ani-gateway/internal/middleware/auth.go:44.3,45.47 2 0
github.com/kubercloud/ani/services/ani-gateway/internal/middleware/auth.go:45.47,47.25 2 0
github.com/kubercloud/ani/services/ani-gateway/internal/middleware/auth.go:47.25,50.5 2 0
github.com/kubercloud/ani/services/ani-gateway/internal/middleware/auth.go:51.4,52.18 2 0
github.com/kubercloud/ani/services/ani-gateway/internal/middleware/auth.go:52.18,55.5 2 0
github.com/kubercloud/ani/services/ani-gateway/internal/middleware/auth.go:56.4,58.10 3 0
github.com/kubercloud/ani/services/ani-gateway/internal/middleware/auth.go:62.3,63.19 2 0
github.com/kubercloud/ani/services/ani-gateway/internal/middleware/auth.go:63.19,64.25 1 0
github.com/kubercloud/ani/services/ani-gateway/internal/middleware/auth.go:64.25,67.5 2 0
github.com/kubercloud/ani/services/ani-gateway/internal/middleware/auth.go:68.4,69.18 2 0
github.com/kubercloud/ani/services/ani-gateway/internal/middleware/auth.go:69.18,72.5 2 0
github.com/kubercloud/ani/services/ani-gateway/internal/middleware/auth.go:73.4,75.10 3 0
github.com/kubercloud/ani/services/ani-gateway/internal/middleware/auth.go:78.3,78.86 1 0
github.com/kubercloud/ani/services/ani-gateway/internal/middleware/auth.go:82.87,86.2 3 1
github.com/kubercloud/ani/services/ani-gateway/internal/middleware/auth.go:88.37,89.14 1 1
github.com/kubercloud/ani/services/ani-gateway/internal/middleware/auth.go:90.143,91.14 1 1
github.com/kubercloud/ani/services/ani-gateway/internal/middleware/auth.go:92.10,93.15 1 1
github.com/kubercloud/ani/services/ani-gateway/internal/middleware/auth_client.go:31.40,33.16 2 0
github.com/kubercloud/ani/services/ani-gateway/internal/middleware/auth_client.go:33.16,35.3 1 0
github.com/kubercloud/ani/services/ani-gateway/internal/middleware/auth_client.go:36.2,38.16 3 0
github.com/kubercloud/ani/services/ani-gateway/internal/middleware/auth_client.go:38.16,40.3 1 0
github.com/kubercloud/ani/services/ani-gateway/internal/middleware/auth_client.go:41.2,44.3 1 0
github.com/kubercloud/ani/services/ani-gateway/internal/middleware/auth_client.go:47.108,51.2 3 0
github.com/kubercloud/ani/services/ani-gateway/internal/middleware/auth_client.go:53.140,57.2 3 0
github.com/kubercloud/ani/services/ani-gateway/internal/middleware/auth_client.go:59.137,63.2 3 0
github.com/kubercloud/ani/services/ani-gateway/internal/middleware/auth_client.go:65.130,69.2 3 0
github.com/kubercloud/ani/services/ani-gateway/internal/middleware/auth_client.go:71.110,75.2 3 0
github.com/kubercloud/ani/services/ani-gateway/internal/middleware/auth_client.go:77.77,82.2 4 0
github.com/kubercloud/ani/services/ani-gateway/internal/middleware/auth_client.go:84.131,88.2 3 0
github.com/kubercloud/ani/services/ani-gateway/internal/middleware/auth_client.go:90.128,94.2 3 0
github.com/kubercloud/ani/services/ani-gateway/internal/middleware/auth_client.go:96.99,101.2 4 0
github.com/kubercloud/ani/services/ani-gateway/internal/middleware/chain.go:8.52,9.18 1 0
github.com/kubercloud/ani/services/ani-gateway/internal/middleware/chain.go:9.18,10.48 1 0
github.com/kubercloud/ani/services/ani-gateway/internal/middleware/chain.go:12.2,20.3 2 0
github.com/kubercloud/ani/services/ani-gateway/internal/middleware/idempotency.go:30.54,31.58 1 1
github.com/kubercloud/ani/services/ani-gateway/internal/middleware/idempotency.go:31.58,32.62 1 1
github.com/kubercloud/ani/services/ani-gateway/internal/middleware/idempotency.go:32.62,35.4 2 0
github.com/kubercloud/ani/services/ani-gateway/internal/middleware/idempotency.go:37.3,39.34 3 1
github.com/kubercloud/ani/services/ani-gateway/internal/middleware/idempotency.go:39.34,42.4 2 0
github.com/kubercloud/ani/services/ani-gateway/internal/middleware/idempotency.go:44.3,46.17 3 1
github.com/kubercloud/ani/services/ani-gateway/internal/middleware/idempotency.go:46.17,49.4 2 1
github.com/kubercloud/ani/services/ani-gateway/internal/middleware/idempotency.go:50.3,50.41 1 1
github.com/kubercloud/ani/services/ani-gateway/internal/middleware/idempotency.go:50.41,54.4 2 0
github.com/kubercloud/ani/services/ani-gateway/internal/middleware/idempotency.go:56.3,57.17 2 1
github.com/kubercloud/ani/services/ani-gateway/internal/middleware/idempotency.go:57.17,61.4 2 0
github.com/kubercloud/ani/services/ani-gateway/internal/middleware/idempotency.go:62.3,62.10 1 1
github.com/kubercloud/ani/services/ani-gateway/internal/middleware/idempotency.go:62.10,64.18 2 0
github.com/kubercloud/ani/services/ani-gateway/internal/middleware/idempotency.go:64.18,67.5 2 0
github.com/kubercloud/ani/services/ani-gateway/internal/middleware/idempotency.go:68.4,70.10 2 0
github.com/kubercloud/ani/services/ani-gateway/internal/middleware/idempotency.go:73.3,80.35 2 1
github.com/kubercloud/ani/services/ani-gateway/internal/middleware/idempotency.go:80.35,82.4 1 0
github.com/kubercloud/ani/services/ani-gateway/internal/middleware/idempotency.go:86.45,87.16 1 1
github.com/kubercloud/ani/services/ani-gateway/internal/middleware/idempotency.go:88.57,89.14 1 1
github.com/kubercloud/ani/services/ani-gateway/internal/middleware/idempotency.go:90.10,91.15 1 0
github.com/kubercloud/ani/services/ani-gateway/internal/middleware/idempotency.go:95.62,96.81 1 1
github.com/kubercloud/ani/services/ani-gateway/internal/middleware/idempotency.go:96.81,98.3 1 1
github.com/kubercloud/ani/services/ani-gateway/internal/middleware/idempotency.go:99.2,102.67 2 1
github.com/kubercloud/ani/services/ani-gateway/internal/middleware/idempotency.go:102.67,104.3 1 0
github.com/kubercloud/ani/services/ani-gateway/internal/middleware/idempotency.go:105.2,105.50 1 1
github.com/kubercloud/ani/services/ani-gateway/internal/middleware/idempotency.go:108.80,111.2 2 1
github.com/kubercloud/ani/services/ani-gateway/internal/middleware/idempotency.go:113.108,115.16 2 1
github.com/kubercloud/ani/services/ani-gateway/internal/middleware/idempotency.go:115.16,117.3 1 1
github.com/kubercloud/ani/services/ani-gateway/internal/middleware/idempotency.go:118.2,119.53 2 1
github.com/kubercloud/ani/services/ani-gateway/internal/middleware/idempotency.go:119.53,121.3 1 0
github.com/kubercloud/ani/services/ani-gateway/internal/middleware/idempotency.go:122.2,122.20 1 1
github.com/kubercloud/ani/services/ani-gateway/internal/middleware/idempotency.go:125.78,126.33 1 1
github.com/kubercloud/ani/services/ani-gateway/internal/middleware/idempotency.go:126.33,130.3 2 1
github.com/kubercloud/ani/services/ani-gateway/internal/middleware/idempotency.go:131.2,133.11 3 1
github.com/kubercloud/ani/services/ani-gateway/internal/middleware/idempotency.go:136.68,138.16 2 1
github.com/kubercloud/ani/services/ani-gateway/internal/middleware/idempotency.go:138.16,139.13 1 0
github.com/kubercloud/ani/services/ani-gateway/internal/middleware/idempotency.go:141.2,141.12 1 1
github.com/kubercloud/ani/services/ani-gateway/internal/middleware/ratelimit.go:15.52,17.58 2 1
github.com/kubercloud/ani/services/ani-gateway/internal/middleware/ratelimit.go:17.58,18.37 1 1
github.com/kubercloud/ani/services/ani-gateway/internal/middleware/ratelimit.go:18.37,21.4 2 0
github.com/kubercloud/ani/services/ani-gateway/internal/middleware/ratelimit.go:22.3,23.21 2 1
github.com/kubercloud/ani/services/ani-gateway/internal/middleware/ratelimit.go:23.21,26.4 2 0
github.com/kubercloud/ani/services/ani-gateway/internal/middleware/ratelimit.go:27.3,28.17 2 1
github.com/kubercloud/ani/services/ani-gateway/internal/middleware/ratelimit.go:28.17,32.4 2 0
github.com/kubercloud/ani/services/ani-gateway/internal/middleware/ratelimit.go:33.3,33.15 1 1
github.com/kubercloud/ani/services/ani-gateway/internal/middleware/ratelimit.go:33.15,37.4 2 1
github.com/kubercloud/ani/services/ani-gateway/internal/middleware/ratelimit.go:38.3,38.14 1 1
github.com/kubercloud/ani/services/ani-gateway/internal/middleware/ratelimit.go:47.127,48.41 1 1
github.com/kubercloud/ani/services/ani-gateway/internal/middleware/ratelimit.go:48.41,50.3 1 0
github.com/kubercloud/ani/services/ani-gateway/internal/middleware/ratelimit.go:51.2,52.16 2 1
github.com/kubercloud/ani/services/ani-gateway/internal/middleware/ratelimit.go:52.16,54.3 1 0
github.com/kubercloud/ani/services/ani-gateway/internal/middleware/ratelimit.go:55.2,55.37 1 1
github.com/kubercloud/ani/services/ani-gateway/internal/middleware/ratelimit.go:58.49,60.64 2 1
github.com/kubercloud/ani/services/ani-gateway/internal/middleware/ratelimit.go:60.64,61.78 1 1
github.com/kubercloud/ani/services/ani-gateway/internal/middleware/ratelimit.go:61.78,63.4 1 1
github.com/kubercloud/ani/services/ani-gateway/internal/middleware/ratelimit.go:65.2,66.62 2 1
github.com/kubercloud/ani/services/ani-gateway/internal/middleware/ratelimit.go:66.62,67.71 1 1
github.com/kubercloud/ani/services/ani-gateway/internal/middleware/ratelimit.go:67.71,69.4 1 1
github.com/kubercloud/ani/services/ani-gateway/internal/middleware/ratelimit.go:71.2,71.61 1 1
github.com/kubercloud/ani/services/ani-gateway/internal/middleware/ratelimit.go:74.57,76.2 1 1
github.com/kubercloud/ani/services/ani-gateway/internal/middleware/ratelimit.go:78.37,81.16 3 1
github.com/kubercloud/ani/services/ani-gateway/internal/middleware/ratelimit.go:81.16,83.3 1 0
github.com/kubercloud/ani/services/ani-gateway/internal/middleware/ratelimit.go:84.2,85.17 2 1
github.com/kubercloud/ani/services/ani-gateway/internal/middleware/rbac.go:16.29,18.2 1 0
github.com/kubercloud/ani/services/ani-gateway/internal/middleware/rbac.go:20.60,21.58 1 0
github.com/kubercloud/ani/services/ani-gateway/internal/middleware/rbac.go:21.58,22.37 1 0
github.com/kubercloud/ani/services/ani-gateway/internal/middleware/rbac.go:22.37,25.4 2 0
github.com/kubercloud/ani/services/ani-gateway/internal/middleware/rbac.go:26.3,26.42 1 0
github.com/kubercloud/ani/services/ani-gateway/internal/middleware/rbac.go:26.42,29.4 2 0
github.com/kubercloud/ani/services/ani-gateway/internal/middleware/rbac.go:30.3,31.21 2 0
github.com/kubercloud/ani/services/ani-gateway/internal/middleware/rbac.go:31.21,35.4 2 0
github.com/kubercloud/ani/services/ani-gateway/internal/middleware/rbac.go:36.3,36.24 1 0
github.com/kubercloud/ani/services/ani-gateway/internal/middleware/rbac.go:36.24,39.4 2 0
github.com/kubercloud/ani/services/ani-gateway/internal/middleware/rbac.go:40.3,48.17 3 0
github.com/kubercloud/ani/services/ani-gateway/internal/middleware/rbac.go:48.17,51.4 2 0
github.com/kubercloud/ani/services/ani-gateway/internal/middleware/rbac.go:52.3,52.25 1 0
github.com/kubercloud/ani/services/ani-gateway/internal/middleware/rbac.go:52.25,54.20 2 0
github.com/kubercloud/ani/services/ani-gateway/internal/middleware/rbac.go:54.20,56.5 1 0
github.com/kubercloud/ani/services/ani-gateway/internal/middleware/rbac.go:57.4,58.10 2 0
github.com/kubercloud/ani/services/ani-gateway/internal/middleware/rbac.go:60.3,60.14 1 0
github.com/kubercloud/ani/services/ani-gateway/internal/middleware/rbac.go:64.60,67.29 3 1
github.com/kubercloud/ani/services/ani-gateway/internal/middleware/rbac.go:67.29,68.39 1 1
github.com/kubercloud/ani/services/ani-gateway/internal/middleware/rbac.go:68.39,70.45 2 1
github.com/kubercloud/ani/services/ani-gateway/internal/middleware/rbac.go:70.45,72.5 1 1
github.com/kubercloud/ani/services/ani-gateway/internal/middleware/rbac.go:73.4,73.9 1 1
github.com/kubercloud/ani/services/ani-gateway/internal/middleware/rbac.go:76.2,76.16 1 1
github.com/kubercloud/ani/services/ani-gateway/internal/middleware/rbac.go:77.39,78.25 1 1
github.com/kubercloud/ani/services/ani-gateway/internal/middleware/rbac.go:79.23,80.28 1 1
github.com/kubercloud/ani/services/ani-gateway/internal/middleware/rbac.go:81.40,82.28 1 1
github.com/kubercloud/ani/services/ani-gateway/internal/middleware/rbac.go:83.25,84.28 1 1
github.com/kubercloud/ani/services/ani-gateway/internal/middleware/rbac.go:85.10,86.43 1 0
github.com/kubercloud/ani/services/ani-gateway/internal/middleware/rbac.go:90.63,92.29 2 0
github.com/kubercloud/ani/services/ani-gateway/internal/middleware/rbac.go:92.29,94.3 1 0
github.com/kubercloud/ani/services/ani-gateway/internal/middleware/rbac.go:95.2,95.11 1 0
github.com/kubercloud/ani/services/ani-gateway/internal/middleware/rbac.go:98.70,100.36 2 0
github.com/kubercloud/ani/services/ani-gateway/internal/middleware/rbac.go:100.36,102.3 1 0
github.com/kubercloud/ani/services/ani-gateway/internal/middleware/rbac.go:103.2,103.12 1 0
github.com/kubercloud/ani/services/ani-gateway/internal/middleware/request_id.go:14.34,15.58 1 1
github.com/kubercloud/ani/services/ani-gateway/internal/middleware/request_id.go:15.58,17.18 2 1
github.com/kubercloud/ani/services/ani-gateway/internal/middleware/request_id.go:17.18,19.4 1 1
github.com/kubercloud/ani/services/ani-gateway/internal/middleware/request_id.go:20.3,22.14 3 1
github.com/kubercloud/ani/services/ani-gateway/internal/middleware/request_id.go:27.49,29.30 2 1
github.com/kubercloud/ani/services/ani-gateway/internal/middleware/request_id.go:29.30,31.3 1 1
github.com/kubercloud/ani/services/ani-gateway/internal/middleware/request_id.go:32.2,32.11 1 0
github.com/kubercloud/ani/services/ani-gateway/internal/middleware/request_id.go:36.48,38.30 2 1
github.com/kubercloud/ani/services/ani-gateway/internal/middleware/request_id.go:38.30,40.3 1 1
github.com/kubercloud/ani/services/ani-gateway/internal/middleware/request_id.go:41.2,41.11 1 0
github.com/kubercloud/ani/services/ani-gateway/internal/middleware/request_id.go:45.46,47.30 2 0
github.com/kubercloud/ani/services/ani-gateway/internal/middleware/request_id.go:47.30,49.3 1 0
github.com/kubercloud/ani/services/ani-gateway/internal/middleware/request_id.go:50.2,50.11 1 0
github.com/kubercloud/ani/services/ani-gateway/internal/middleware/request_id.go:54.80,61.2 2 1
github.com/kubercloud/ani/services/ani-gateway/internal/pkg/errors/errors.go:32.101,42.2 5 0
github.com/kubercloud/ani/services/ani-gateway/internal/pkg/errors/errors.go:44.76,46.2 1 0
github.com/kubercloud/ani/services/ani-gateway/internal/pkg/errors/errors.go:48.63,50.2 1 0
