mode: set
github.com/kubercloud/ani/tools/kms-sm4-live-fixture/main.go:33.13,37.16 4 0
github.com/kubercloud/ani/tools/kms-sm4-live-fixture/main.go:37.16,40.3 2 0
github.com/kubercloud/ani/tools/kms-sm4-live-fixture/main.go:41.2,47.93 3 0
github.com/kubercloud/ani/tools/kms-sm4-live-fixture/main.go:47.93,50.3 2 0
github.com/kubercloud/ani/tools/kms-sm4-live-fixture/main.go:53.90,55.16 2 1
github.com/kubercloud/ani/tools/kms-sm4-live-fixture/main.go:55.16,57.3 1 0
github.com/kubercloud/ani/tools/kms-sm4-live-fixture/main.go:58.2,60.16 3 1
github.com/kubercloud/ani/tools/kms-sm4-live-fixture/main.go:60.16,62.3 1 0
github.com/kubercloud/ani/tools/kms-sm4-live-fixture/main.go:63.2,64.16 2 1
github.com/kubercloud/ani/tools/kms-sm4-live-fixture/main.go:64.16,66.3 1 0
github.com/kubercloud/ani/tools/kms-sm4-live-fixture/main.go:67.2,71.8 1 1
github.com/kubercloud/ani/tools/kms-sm4-live-fixture/main.go:74.40,84.2 9 1
github.com/kubercloud/ani/tools/kms-sm4-live-fixture/main.go:86.65,87.32 1 0
github.com/kubercloud/ani/tools/kms-sm4-live-fixture/main.go:87.32,90.3 2 0
github.com/kubercloud/ani/tools/kms-sm4-live-fixture/main.go:91.2,91.64 1 0
github.com/kubercloud/ani/tools/kms-sm4-live-fixture/main.go:94.68,95.30 1 1
github.com/kubercloud/ani/tools/kms-sm4-live-fixture/main.go:95.30,97.3 1 0
github.com/kubercloud/ani/tools/kms-sm4-live-fixture/main.go:98.2,99.29 2 1
github.com/kubercloud/ani/tools/kms-sm4-live-fixture/main.go:99.29,101.3 1 0
github.com/kubercloud/ani/tools/kms-sm4-live-fixture/main.go:102.2,105.73 4 1
github.com/kubercloud/ani/tools/kms-sm4-live-fixture/main.go:105.73,108.3 2 0
github.com/kubercloud/ani/tools/kms-sm4-live-fixture/main.go:109.2,109.60 1 1
github.com/kubercloud/ani/tools/kms-sm4-live-fixture/main.go:109.60,112.3 2 0
github.com/kubercloud/ani/tools/kms-sm4-live-fixture/main.go:113.2,119.4 1 1
github.com/kubercloud/ani/tools/kms-sm4-live-fixture/main.go:122.69,123.30 1 1
github.com/kubercloud/ani/tools/kms-sm4-live-fixture/main.go:123.30,125.3 1 0
github.com/kubercloud/ani/tools/kms-sm4-live-fixture/main.go:126.2,127.29 2 1
github.com/kubercloud/ani/tools/kms-sm4-live-fixture/main.go:127.29,129.3 1 0
github.com/kubercloud/ani/tools/kms-sm4-live-fixture/main.go:130.2,134.111 5 1
github.com/kubercloud/ani/tools/kms-sm4-live-fixture/main.go:134.111,137.3 2 0
github.com/kubercloud/ani/tools/kms-sm4-live-fixture/main.go:138.2,145.4 2 1
github.com/kubercloud/ani/tools/kms-sm4-live-fixture/main.go:148.70,149.30 1 0
github.com/kubercloud/ani/tools/kms-sm4-live-fixture/main.go:149.30,151.3 1 0
github.com/kubercloud/ani/tools/kms-sm4-live-fixture/main.go:152.2,153.29 2 0
github.com/kubercloud/ani/tools/kms-sm4-live-fixture/main.go:153.29,155.3 1 0
github.com/kubercloud/ani/tools/kms-sm4-live-fixture/main.go:156.2,159.117 4 0
github.com/kubercloud/ani/tools/kms-sm4-live-fixture/main.go:159.117,162.3 2 0
github.com/kubercloud/ani/tools/kms-sm4-live-fixture/main.go:163.2,169.4 2 0
github.com/kubercloud/ani/tools/kms-sm4-live-fixture/main.go:172.69,173.31 1 1
github.com/kubercloud/ani/tools/kms-sm4-live-fixture/main.go:173.31,175.3 1 0
github.com/kubercloud/ani/tools/kms-sm4-live-fixture/main.go:176.2,177.16 2 1
github.com/kubercloud/ani/tools/kms-sm4-live-fixture/main.go:177.16,180.3 2 0
github.com/kubercloud/ani/tools/kms-sm4-live-fixture/main.go:181.2,182.44 2 1
github.com/kubercloud/ani/tools/kms-sm4-live-fixture/main.go:182.44,185.3 2 0
github.com/kubercloud/ani/tools/kms-sm4-live-fixture/main.go:186.2,190.24 5 1
github.com/kubercloud/ani/tools/kms-sm4-live-fixture/main.go:193.69,194.31 1 1
github.com/kubercloud/ani/tools/kms-sm4-live-fixture/main.go:194.31,196.3 1 0
github.com/kubercloud/ani/tools/kms-sm4-live-fixture/main.go:197.2,198.16 2 1
github.com/kubercloud/ani/tools/kms-sm4-live-fixture/main.go:198.16,201.3 2 0
github.com/kubercloud/ani/tools/kms-sm4-live-fixture/main.go:202.2,203.95 2 1
github.com/kubercloud/ani/tools/kms-sm4-live-fixture/main.go:203.95,206.3 2 0
github.com/kubercloud/ani/tools/kms-sm4-live-fixture/main.go:207.2,210.16 4 1
github.com/kubercloud/ani/tools/kms-sm4-live-fixture/main.go:210.16,213.3 2 0
github.com/kubercloud/ani/tools/kms-sm4-live-fixture/main.go:214.2,216.27 3 1
github.com/kubercloud/ani/tools/kms-sm4-live-fixture/main.go:219.70,220.62 1 1
github.com/kubercloud/ani/tools/kms-sm4-live-fixture/main.go:220.62,223.3 2 0
github.com/kubercloud/ani/tools/kms-sm4-live-fixture/main.go:224.2,225.9 2 1
github.com/kubercloud/ani/tools/kms-sm4-live-fixture/main.go:225.9,228.3 2 0
github.com/kubercloud/ani/tools/kms-sm4-live-fixture/main.go:229.2,229.32 1 1
github.com/kubercloud/ani/tools/kms-sm4-live-fixture/main.go:229.32,231.17 2 1
github.com/kubercloud/ani/tools/kms-sm4-live-fixture/main.go:231.17,234.4 2 0
github.com/kubercloud/ani/tools/kms-sm4-live-fixture/main.go:235.3,235.64 1 1
github.com/kubercloud/ani/tools/kms-sm4-live-fixture/main.go:235.64,238.4 2 0
github.com/kubercloud/ani/tools/kms-sm4-live-fixture/main.go:239.3,239.60 1 1
github.com/kubercloud/ani/tools/kms-sm4-live-fixture/main.go:239.60,242.4 2 0
github.com/kubercloud/ani/tools/kms-sm4-live-fixture/main.go:243.3,244.9 2 1
github.com/kubercloud/ani/tools/kms-sm4-live-fixture/main.go:246.2,247.16 2 1
github.com/kubercloud/ani/tools/kms-sm4-live-fixture/main.go:247.16,250.3 2 0
github.com/kubercloud/ani/tools/kms-sm4-live-fixture/main.go:251.2,253.25 3 1
github.com/kubercloud/ani/tools/kms-sm4-live-fixture/main.go:256.57,257.48 1 1
github.com/kubercloud/ani/tools/kms-sm4-live-fixture/main.go:257.48,258.19 1 1
github.com/kubercloud/ani/tools/kms-sm4-live-fixture/main.go:258.19,260.4 1 1
github.com/kubercloud/ani/tools/kms-sm4-live-fixture/main.go:262.2,263.18 2 1
github.com/kubercloud/ani/tools/kms-sm4-live-fixture/main.go:263.18,265.3 1 0
github.com/kubercloud/ani/tools/kms-sm4-live-fixture/main.go:266.2,266.74 1 1
github.com/kubercloud/ani/tools/kms-sm4-live-fixture/main.go:269.79,270.28 1 1
github.com/kubercloud/ani/tools/kms-sm4-live-fixture/main.go:270.28,272.3 1 0
github.com/kubercloud/ani/tools/kms-sm4-live-fixture/main.go:273.2,273.33 1 1
github.com/kubercloud/ani/tools/kms-sm4-live-fixture/main.go:273.33,276.3 2 0
github.com/kubercloud/ani/tools/kms-sm4-live-fixture/main.go:277.2,277.13 1 1
github.com/kubercloud/ani/tools/kms-sm4-live-fixture/main.go:280.80,281.28 1 1
github.com/kubercloud/ani/tools/kms-sm4-live-fixture/main.go:281.28,283.3 1 0
github.com/kubercloud/ani/tools/kms-sm4-live-fixture/main.go:284.2,284.33 1 1
github.com/kubercloud/ani/tools/kms-sm4-live-fixture/main.go:284.33,287.3 2 0
github.com/kubercloud/ani/tools/kms-sm4-live-fixture/main.go:288.2,288.13 1 1
github.com/kubercloud/ani/tools/kms-sm4-live-fixture/main.go:291.77,292.25 1 1
github.com/kubercloud/ani/tools/kms-sm4-live-fixture/main.go:292.25,294.3 1 0
github.com/kubercloud/ani/tools/kms-sm4-live-fixture/main.go:295.2,295.62 1 1
github.com/kubercloud/ani/tools/kms-sm4-live-fixture/main.go:295.62,298.3 2 0
github.com/kubercloud/ani/tools/kms-sm4-live-fixture/main.go:299.2,299.13 1 1
github.com/kubercloud/ani/tools/kms-sm4-live-fixture/main.go:302.71,303.91 1 1
github.com/kubercloud/ani/tools/kms-sm4-live-fixture/main.go:303.91,306.3 2 0
github.com/kubercloud/ani/tools/kms-sm4-live-fixture/main.go:307.2,307.13 1 1
github.com/kubercloud/ani/tools/kms-sm4-live-fixture/main.go:310.62,314.2 3 1
github.com/kubercloud/ani/tools/kms-sm4-live-fixture/main.go:316.54,318.2 1 0
github.com/kubercloud/ani/tools/kms-sm4-live-fixture/main.go:320.60,321.36 1 1
github.com/kubercloud/ani/tools/kms-sm4-live-fixture/main.go:321.36,323.3 1 0
github.com/kubercloud/ani/tools/kms-sm4-live-fixture/main.go:324.2,324.14 1 1
github.com/kubercloud/ani/tools/kms-sm4-live-fixture/main.go:327.45,328.31 1 1
github.com/kubercloud/ani/tools/kms-sm4-live-fixture/main.go:328.31,329.37 1 1
github.com/kubercloud/ani/tools/kms-sm4-live-fixture/main.go:329.37,331.4 1 1
github.com/kubercloud/ani/tools/kms-sm4-live-fixture/main.go:333.2,333.11 1 0
