mode: set
github.com/kubercloud/ani/cli/ani/main.go:42.13,44.2 1 0
github.com/kubercloud/ani/cli/ani/main.go:46.65,53.43 7 1
github.com/kubercloud/ani/cli/ani/main.go:53.43,55.3 1 0
github.com/kubercloud/ani/cli/ani/main.go:56.2,56.18 1 1
github.com/kubercloud/ani/cli/ani/main.go:56.18,57.62 1 1
github.com/kubercloud/ani/cli/ani/main.go:57.62,58.65 1 0
github.com/kubercloud/ani/cli/ani/main.go:58.65,60.5 1 0
github.com/kubercloud/ani/cli/ani/main.go:61.4,61.12 1 0
github.com/kubercloud/ani/cli/ani/main.go:63.3,63.11 1 1
github.com/kubercloud/ani/cli/ani/main.go:65.2,66.16 2 0
github.com/kubercloud/ani/cli/ani/main.go:66.16,67.64 1 0
github.com/kubercloud/ani/cli/ani/main.go:67.64,69.4 1 0
github.com/kubercloud/ani/cli/ani/main.go:70.3,70.11 1 0
github.com/kubercloud/ani/cli/ani/main.go:72.2,73.16 2 0
github.com/kubercloud/ani/cli/ani/main.go:73.16,74.64 1 0
github.com/kubercloud/ani/cli/ani/main.go:74.64,76.4 1 0
github.com/kubercloud/ani/cli/ani/main.go:77.3,77.11 1 0
github.com/kubercloud/ani/cli/ani/main.go:79.2,80.49 2 0
github.com/kubercloud/ani/cli/ani/main.go:80.49,82.3 1 0
github.com/kubercloud/ani/cli/ani/main.go:83.2,83.10 1 0
github.com/kubercloud/ani/cli/ani/main.go:86.58,87.52 1 1
github.com/kubercloud/ani/cli/ani/main.go:88.18,89.78 1 1
github.com/kubercloud/ani/cli/ani/main.go:90.14,98.17 3 1
github.com/kubercloud/ani/cli/ani/main.go:98.17,100.4 1 0
github.com/kubercloud/ani/cli/ani/main.go:101.3,102.30 2 1
github.com/kubercloud/ani/cli/ani/main.go:103.10,104.62 1 0
github.com/kubercloud/ani/cli/ani/main.go:106.2,106.12 1 1
github.com/kubercloud/ani/cli/ani/main.go:109.51,110.19 1 1
github.com/kubercloud/ani/cli/ani/main.go:110.19,112.3 1 0
github.com/kubercloud/ani/cli/ani/main.go:113.2,114.33 2 1
github.com/kubercloud/ani/cli/ani/main.go:114.33,116.3 1 1
github.com/kubercloud/ani/cli/ani/main.go:117.2,119.18 3 1
github.com/kubercloud/ani/cli/ani/main.go:120.19,121.49 1 1
github.com/kubercloud/ani/cli/ani/main.go:122.22,123.53 1 1
github.com/kubercloud/ani/cli/ani/main.go:124.25,125.56 1 1
github.com/kubercloud/ani/cli/ani/main.go:126.33,127.64 1 1
github.com/kubercloud/ani/cli/ani/main.go:128.32,129.63 1 1
github.com/kubercloud/ani/cli/ani/main.go:130.17,131.47 1 1
github.com/kubercloud/ani/cli/ani/main.go:132.21,133.51 1 1
github.com/kubercloud/ani/cli/ani/main.go:134.17,135.47 1 1
github.com/kubercloud/ani/cli/ani/main.go:136.23,137.53 1 1
github.com/kubercloud/ani/cli/ani/main.go:138.25,139.55 1 1
github.com/kubercloud/ani/cli/ani/main.go:140.22,141.52 1 0
github.com/kubercloud/ani/cli/ani/main.go:142.17,143.47 1 0
github.com/kubercloud/ani/cli/ani/main.go:144.27,145.57 1 0
github.com/kubercloud/ani/cli/ani/main.go:146.35,147.65 1 1
github.com/kubercloud/ani/cli/ani/main.go:148.29,149.49 1 1
github.com/kubercloud/ani/cli/ani/main.go:150.24,151.22 1 0
github.com/kubercloud/ani/cli/ani/main.go:151.22,153.4 1 0
github.com/kubercloud/ani/cli/ani/main.go:154.3,154.92 1 0
github.com/kubercloud/ani/cli/ani/main.go:155.10,156.74 1 0
github.com/kubercloud/ani/cli/ani/main.go:160.78,161.22 1 1
github.com/kubercloud/ani/cli/ani/main.go:161.22,163.3 1 0
github.com/kubercloud/ani/cli/ani/main.go:164.2,168.42 5 1
github.com/kubercloud/ani/cli/ani/main.go:168.42,170.3 1 0
github.com/kubercloud/ani/cli/ani/main.go:171.2,172.18 2 1
github.com/kubercloud/ani/cli/ani/main.go:172.18,174.3 1 1
github.com/kubercloud/ani/cli/ani/main.go:175.2,175.19 1 1
github.com/kubercloud/ani/cli/ani/main.go:175.19,177.3 1 1
github.com/kubercloud/ani/cli/ani/main.go:178.2,178.71 1 1
github.com/kubercloud/ani/cli/ani/main.go:181.79,182.21 1 1
github.com/kubercloud/ani/cli/ani/main.go:182.21,184.3 1 0
github.com/kubercloud/ani/cli/ani/main.go:185.2,189.42 5 1
github.com/kubercloud/ani/cli/ani/main.go:189.42,191.3 1 0
github.com/kubercloud/ani/cli/ani/main.go:192.2,192.41 1 1
github.com/kubercloud/ani/cli/ani/main.go:192.41,194.3 1 0
github.com/kubercloud/ani/cli/ani/main.go:195.2,197.21 3 1
github.com/kubercloud/ani/cli/ani/main.go:197.21,199.3 1 1
github.com/kubercloud/ani/cli/ani/main.go:200.2,200.89 1 1
github.com/kubercloud/ani/cli/ani/main.go:203.115,204.19 1 1
github.com/kubercloud/ani/cli/ani/main.go:204.19,206.3 1 0
github.com/kubercloud/ani/cli/ani/main.go:207.2,210.50 4 1
github.com/kubercloud/ani/cli/ani/main.go:210.50,212.3 1 0
github.com/kubercloud/ani/cli/ani/main.go:213.2,214.20 2 1
github.com/kubercloud/ani/cli/ani/main.go:214.20,216.3 1 0
github.com/kubercloud/ani/cli/ani/main.go:217.2,218.16 2 1
github.com/kubercloud/ani/cli/ani/main.go:218.16,220.3 1 0
github.com/kubercloud/ani/cli/ani/main.go:221.2,221.17 1 1
github.com/kubercloud/ani/cli/ani/main.go:221.17,223.3 1 1
github.com/kubercloud/ani/cli/ani/main.go:224.2,224.20 1 1
github.com/kubercloud/ani/cli/ani/main.go:224.20,226.3 1 0
github.com/kubercloud/ani/cli/ani/main.go:227.2,228.16 2 1
github.com/kubercloud/ani/cli/ani/main.go:228.16,230.3 1 0
github.com/kubercloud/ani/cli/ani/main.go:231.2,233.16 3 1
github.com/kubercloud/ani/cli/ani/main.go:233.16,235.3 1 0
github.com/kubercloud/ani/cli/ani/main.go:236.2,236.21 1 1
github.com/kubercloud/ani/cli/ani/main.go:236.21,238.3 1 0
github.com/kubercloud/ani/cli/ani/main.go:239.2,239.53 1 1
github.com/kubercloud/ani/cli/ani/main.go:239.53,241.3 1 0
github.com/kubercloud/ani/cli/ani/main.go:242.2,242.26 1 1
github.com/kubercloud/ani/cli/ani/main.go:245.55,246.61 1 1
github.com/kubercloud/ani/cli/ani/main.go:246.61,248.3 1 0
github.com/kubercloud/ani/cli/ani/main.go:249.2,249.17 1 1
