mode: set
github.com/kubercloud/ani/services/task-service/internal/service/task_service.go:28.87,30.2 1 0
github.com/kubercloud/ani/services/task-service/internal/service/task_service.go:32.53,34.2 1 0
github.com/kubercloud/ani/services/task-service/internal/service/task_service.go:36.107,38.16 2 0
github.com/kubercloud/ani/services/task-service/internal/service/task_service.go:38.16,40.3 1 0
github.com/kubercloud/ani/services/task-service/internal/service/task_service.go:41.2,43.16 3 0
github.com/kubercloud/ani/services/task-service/internal/service/task_service.go:43.16,45.3 1 0
github.com/kubercloud/ani/services/task-service/internal/service/task_service.go:46.2,46.28 1 0
github.com/kubercloud/ani/services/task-service/internal/service/task_service.go:49.110,51.2 1 0
github.com/kubercloud/ani/services/task-service/internal/service/task_service.go:53.126,55.16 2 0
github.com/kubercloud/ani/services/task-service/internal/service/task_service.go:55.16,57.3 1 0
github.com/kubercloud/ani/services/task-service/internal/service/task_service.go:58.2,59.99 2 0
github.com/kubercloud/ani/services/task-service/internal/service/task_service.go:59.99,61.3 1 0
github.com/kubercloud/ani/services/task-service/internal/service/task_service.go:62.2,62.30 1 0
github.com/kubercloud/ani/services/task-service/internal/service/task_service.go:65.140,67.16 2 0
github.com/kubercloud/ani/services/task-service/internal/service/task_service.go:67.16,69.3 1 0
github.com/kubercloud/ani/services/task-service/internal/service/task_service.go:70.2,71.16 2 0
github.com/kubercloud/ani/services/task-service/internal/service/task_service.go:71.16,73.3 1 0
github.com/kubercloud/ani/services/task-service/internal/service/task_service.go:74.2,76.16 3 0
github.com/kubercloud/ani/services/task-service/internal/service/task_service.go:76.16,78.3 1 0
github.com/kubercloud/ani/services/task-service/internal/service/task_service.go:79.2,79.15 1 0
github.com/kubercloud/ani/services/task-service/internal/service/task_service.go:79.15,81.3 1 0
github.com/kubercloud/ani/services/task-service/internal/service/task_service.go:82.2,85.8 1 0
github.com/kubercloud/ani/services/task-service/internal/service/task_service.go:88.126,90.16 2 0
github.com/kubercloud/ani/services/task-service/internal/service/task_service.go:90.16,92.3 1 0
github.com/kubercloud/ani/services/task-service/internal/service/task_service.go:93.2,94.16 2 0
github.com/kubercloud/ani/services/task-service/internal/service/task_service.go:94.16,96.3 1 0
github.com/kubercloud/ani/services/task-service/internal/service/task_service.go:97.2,98.80 2 0
github.com/kubercloud/ani/services/task-service/internal/service/task_service.go:98.80,100.3 1 0
github.com/kubercloud/ani/services/task-service/internal/service/task_service.go:101.2,101.30 1 0
github.com/kubercloud/ani/services/task-service/internal/service/task_service.go:104.106,106.16 2 0
github.com/kubercloud/ani/services/task-service/internal/service/task_service.go:106.16,108.3 1 0
github.com/kubercloud/ani/services/task-service/internal/service/task_service.go:109.2,109.33 1 0
github.com/kubercloud/ani/services/task-service/internal/service/task_service.go:109.33,111.3 1 0
github.com/kubercloud/ani/services/task-service/internal/service/task_service.go:112.2,114.16 3 0
github.com/kubercloud/ani/services/task-service/internal/service/task_service.go:114.16,116.3 1 0
github.com/kubercloud/ani/services/task-service/internal/service/task_service.go:117.2,118.115 2 0
github.com/kubercloud/ani/services/task-service/internal/service/task_service.go:118.115,120.3 1 0
github.com/kubercloud/ani/services/task-service/internal/service/task_service.go:121.2,121.39 1 0
github.com/kubercloud/ani/services/task-service/internal/service/task_service.go:121.39,123.3 1 0
github.com/kubercloud/ani/services/task-service/internal/service/task_service.go:124.2,124.30 1 0
github.com/kubercloud/ani/services/task-service/internal/service/task_service.go:127.114,129.16 2 0
github.com/kubercloud/ani/services/task-service/internal/service/task_service.go:129.16,131.3 1 0
github.com/kubercloud/ani/services/task-service/internal/service/task_service.go:132.2,133.30 2 0
github.com/kubercloud/ani/services/task-service/internal/service/task_service.go:133.30,134.66 1 0
github.com/kubercloud/ani/services/task-service/internal/service/task_service.go:134.66,136.4 1 0
github.com/kubercloud/ani/services/task-service/internal/service/task_service.go:138.2,140.16 3 0
github.com/kubercloud/ani/services/task-service/internal/service/task_service.go:140.16,142.3 1 0
github.com/kubercloud/ani/services/task-service/internal/service/task_service.go:143.2,144.75 2 0
github.com/kubercloud/ani/services/task-service/internal/service/task_service.go:144.75,146.3 1 0
github.com/kubercloud/ani/services/task-service/internal/service/task_service.go:147.2,147.39 1 0
github.com/kubercloud/ani/services/task-service/internal/service/task_service.go:147.39,149.3 1 0
github.com/kubercloud/ani/services/task-service/internal/service/task_service.go:150.2,150.30 1 0
github.com/kubercloud/ani/services/task-service/internal/service/task_service.go:153.74,155.35 2 1
github.com/kubercloud/ani/services/task-service/internal/service/task_service.go:155.35,157.3 1 0
github.com/kubercloud/ani/services/task-service/internal/service/task_service.go:158.2,159.40 2 1
github.com/kubercloud/ani/services/task-service/internal/service/task_service.go:159.40,161.3 1 0
github.com/kubercloud/ani/services/task-service/internal/service/task_service.go:162.2,162.27 1 1
github.com/kubercloud/ani/services/task-service/internal/service/task_service.go:165.99,167.16 2 1
github.com/kubercloud/ani/services/task-service/internal/service/task_service.go:167.16,169.3 1 0
github.com/kubercloud/ani/services/task-service/internal/service/task_service.go:170.2,170.20 1 1
github.com/kubercloud/ani/services/task-service/internal/service/task_service.go:170.20,172.3 1 1
github.com/kubercloud/ani/services/task-service/internal/service/task_service.go:173.2,173.41 1 1
github.com/kubercloud/ani/services/task-service/internal/service/task_service.go:176.63,177.36 1 1
github.com/kubercloud/ani/services/task-service/internal/service/task_service.go:177.36,179.3 1 1
github.com/kubercloud/ani/services/task-service/internal/service/task_service.go:180.2,180.50 1 1
github.com/kubercloud/ani/services/task-service/internal/service/task_service.go:183.47,185.2 1 0
github.com/kubercloud/ani/services/task-service/internal/service/task_service.go:187.61,205.28 2 0
github.com/kubercloud/ani/services/task-service/internal/service/task_service.go:205.28,207.3 1 0
github.com/kubercloud/ani/services/task-service/internal/service/task_service.go:208.2,208.33 1 0
github.com/kubercloud/ani/services/task-service/internal/service/task_service.go:208.33,210.3 1 0
github.com/kubercloud/ani/services/task-service/internal/service/task_service.go:211.2,211.30 1 0
github.com/kubercloud/ani/services/task-service/internal/service/task_service.go:211.30,213.3 1 0
github.com/kubercloud/ani/services/task-service/internal/service/task_service.go:214.2,214.27 1 0
github.com/kubercloud/ani/services/task-service/internal/service/task_service.go:214.27,216.3 1 0
github.com/kubercloud/ani/services/task-service/internal/service/task_service.go:217.2,217.29 1 0
github.com/kubercloud/ani/services/task-service/internal/service/task_service.go:217.29,219.3 1 0
github.com/kubercloud/ani/services/task-service/internal/service/task_service.go:220.2,220.12 1 0
github.com/kubercloud/ani/services/task-service/internal/service/task_service.go:223.32,224.9 1 1
github.com/kubercloud/ani/services/task-service/internal/service/task_service.go:225.41,226.56 1 0
github.com/kubercloud/ani/services/task-service/internal/service/task_service.go:227.82,228.58 1 0
github.com/kubercloud/ani/services/task-service/internal/service/task_service.go:229.43,230.84 1 1
github.com/kubercloud/ani/services/task-service/internal/service/task_service.go:231.42,232.59 1 0
github.com/kubercloud/ani/services/task-service/internal/service/task_service.go:233.45,234.61 1 0
github.com/kubercloud/ani/services/task-service/internal/service/task_service.go:235.10,236.56 1 0
