mode: set
github.com/kubercloud/ani/services/auth-service/internal/service/api_keys.go:42.76,44.2 1 1
github.com/kubercloud/ani/services/auth-service/internal/service/api_keys.go:46.122,48.40 2 0
github.com/kubercloud/ani/services/auth-service/internal/service/api_keys.go:48.40,50.3 1 0
github.com/kubercloud/ani/services/auth-service/internal/service/api_keys.go:51.2,52.16 2 0
github.com/kubercloud/ani/services/auth-service/internal/service/api_keys.go:52.16,54.3 1 0
github.com/kubercloud/ani/services/auth-service/internal/service/api_keys.go:55.2,56.16 2 0
github.com/kubercloud/ani/services/auth-service/internal/service/api_keys.go:56.16,58.3 1 0
github.com/kubercloud/ani/services/auth-service/internal/service/api_keys.go:59.2,60.27 2 0
github.com/kubercloud/ani/services/auth-service/internal/service/api_keys.go:60.27,62.39 2 0
github.com/kubercloud/ani/services/auth-service/internal/service/api_keys.go:62.39,64.4 1 0
github.com/kubercloud/ani/services/auth-service/internal/service/api_keys.go:66.2,67.16 2 0
github.com/kubercloud/ani/services/auth-service/internal/service/api_keys.go:67.16,69.3 1 0
github.com/kubercloud/ani/services/auth-service/internal/service/api_keys.go:71.2,72.16 2 0
github.com/kubercloud/ani/services/auth-service/internal/service/api_keys.go:72.16,74.3 1 0
github.com/kubercloud/ani/services/auth-service/internal/service/api_keys.go:75.2,80.16 5 0
github.com/kubercloud/ani/services/auth-service/internal/service/api_keys.go:80.16,82.3 1 0
github.com/kubercloud/ani/services/auth-service/internal/service/api_keys.go:83.2,84.51 2 0
github.com/kubercloud/ani/services/auth-service/internal/service/api_keys.go:84.51,86.3 1 0
github.com/kubercloud/ani/services/auth-service/internal/service/api_keys.go:88.2,91.16 4 0
github.com/kubercloud/ani/services/auth-service/internal/service/api_keys.go:91.16,93.3 1 0
github.com/kubercloud/ani/services/auth-service/internal/service/api_keys.go:94.2,94.29 1 0
github.com/kubercloud/ani/services/auth-service/internal/service/api_keys.go:94.29,96.3 1 0
github.com/kubercloud/ani/services/auth-service/internal/service/api_keys.go:97.2,98.24 2 0
github.com/kubercloud/ani/services/auth-service/internal/service/api_keys.go:98.24,100.3 1 0
github.com/kubercloud/ani/services/auth-service/internal/service/api_keys.go:101.2,108.16 2 0
github.com/kubercloud/ani/services/auth-service/internal/service/api_keys.go:108.16,110.3 1 0
github.com/kubercloud/ani/services/auth-service/internal/service/api_keys.go:111.2,111.39 1 0
github.com/kubercloud/ani/services/auth-service/internal/service/api_keys.go:111.39,113.3 1 0
github.com/kubercloud/ani/services/auth-service/internal/service/api_keys.go:114.2,118.8 1 0
github.com/kubercloud/ani/services/auth-service/internal/service/api_keys.go:121.118,123.40 2 0
github.com/kubercloud/ani/services/auth-service/internal/service/api_keys.go:123.40,125.3 1 0
github.com/kubercloud/ani/services/auth-service/internal/service/api_keys.go:126.2,127.27 2 0
github.com/kubercloud/ani/services/auth-service/internal/service/api_keys.go:127.27,129.39 2 0
github.com/kubercloud/ani/services/auth-service/internal/service/api_keys.go:129.39,131.4 1 0
github.com/kubercloud/ani/services/auth-service/internal/service/api_keys.go:133.2,135.16 3 0
github.com/kubercloud/ani/services/auth-service/internal/service/api_keys.go:135.16,137.3 1 0
github.com/kubercloud/ani/services/auth-service/internal/service/api_keys.go:138.2,139.51 2 0
github.com/kubercloud/ani/services/auth-service/internal/service/api_keys.go:139.51,141.3 1 0
github.com/kubercloud/ani/services/auth-service/internal/service/api_keys.go:143.2,150.24 3 0
github.com/kubercloud/ani/services/auth-service/internal/service/api_keys.go:150.24,153.3 2 0
github.com/kubercloud/ani/services/auth-service/internal/service/api_keys.go:154.2,157.16 3 0
github.com/kubercloud/ani/services/auth-service/internal/service/api_keys.go:157.16,159.3 1 0
github.com/kubercloud/ani/services/auth-service/internal/service/api_keys.go:160.2,163.18 3 0
github.com/kubercloud/ani/services/auth-service/internal/service/api_keys.go:163.18,169.156 6 0
github.com/kubercloud/ani/services/auth-service/internal/service/api_keys.go:169.156,171.4 1 0
github.com/kubercloud/ani/services/auth-service/internal/service/api_keys.go:172.3,174.22 3 0
github.com/kubercloud/ani/services/auth-service/internal/service/api_keys.go:174.22,176.4 1 0
github.com/kubercloud/ani/services/auth-service/internal/service/api_keys.go:177.3,177.23 1 0
github.com/kubercloud/ani/services/auth-service/internal/service/api_keys.go:177.23,179.4 1 0
github.com/kubercloud/ani/services/auth-service/internal/service/api_keys.go:180.3,180.39 1 0
github.com/kubercloud/ani/services/auth-service/internal/service/api_keys.go:182.2,182.35 1 0
github.com/kubercloud/ani/services/auth-service/internal/service/api_keys.go:182.35,184.3 1 0
github.com/kubercloud/ani/services/auth-service/internal/service/api_keys.go:185.2,185.39 1 0
github.com/kubercloud/ani/services/auth-service/internal/service/api_keys.go:185.39,187.3 1 0
github.com/kubercloud/ani/services/auth-service/internal/service/api_keys.go:188.2,188.18 1 0
github.com/kubercloud/ani/services/auth-service/internal/service/api_keys.go:191.90,193.40 2 0
github.com/kubercloud/ani/services/auth-service/internal/service/api_keys.go:193.40,195.3 1 0
github.com/kubercloud/ani/services/auth-service/internal/service/api_keys.go:196.2,197.37 2 0
github.com/kubercloud/ani/services/auth-service/internal/service/api_keys.go:197.37,199.3 1 0
github.com/kubercloud/ani/services/auth-service/internal/service/api_keys.go:200.2,202.16 3 0
github.com/kubercloud/ani/services/auth-service/internal/service/api_keys.go:202.16,204.3 1 0
github.com/kubercloud/ani/services/auth-service/internal/service/api_keys.go:205.2,206.51 2 0
github.com/kubercloud/ani/services/auth-service/internal/service/api_keys.go:206.51,208.3 1 0
github.com/kubercloud/ani/services/auth-service/internal/service/api_keys.go:209.2,214.16 2 0
github.com/kubercloud/ani/services/auth-service/internal/service/api_keys.go:214.16,216.3 1 0
github.com/kubercloud/ani/services/auth-service/internal/service/api_keys.go:217.2,217.29 1 0
github.com/kubercloud/ani/services/auth-service/internal/service/api_keys.go:217.29,219.3 1 0
github.com/kubercloud/ani/services/auth-service/internal/service/api_keys.go:220.2,220.23 1 0
github.com/kubercloud/ani/services/auth-service/internal/service/api_keys.go:223.94,225.16 2 0
github.com/kubercloud/ani/services/auth-service/internal/service/api_keys.go:225.16,227.3 1 0
github.com/kubercloud/ani/services/auth-service/internal/service/api_keys.go:228.2,230.16 3 0
github.com/kubercloud/ani/services/auth-service/internal/service/api_keys.go:230.16,232.3 1 0
github.com/kubercloud/ani/services/auth-service/internal/service/api_keys.go:233.2,234.51 2 0
github.com/kubercloud/ani/services/auth-service/internal/service/api_keys.go:234.51,236.3 1 0
github.com/kubercloud/ani/services/auth-service/internal/service/api_keys.go:238.2,249.16 5 0
github.com/kubercloud/ani/services/auth-service/internal/service/api_keys.go:249.16,251.3 1 0
github.com/kubercloud/ani/services/auth-service/internal/service/api_keys.go:252.2,252.18 1 0
github.com/kubercloud/ani/services/auth-service/internal/service/api_keys.go:252.18,254.3 1 0
github.com/kubercloud/ani/services/auth-service/internal/service/api_keys.go:255.2,256.71 2 0
github.com/kubercloud/ani/services/auth-service/internal/service/api_keys.go:256.71,258.3 1 0
github.com/kubercloud/ani/services/auth-service/internal/service/api_keys.go:259.2,262.36 1 0
github.com/kubercloud/ani/services/auth-service/internal/service/api_keys.go:262.36,264.3 1 0
github.com/kubercloud/ani/services/auth-service/internal/service/api_keys.go:265.2,265.39 1 0
github.com/kubercloud/ani/services/auth-service/internal/service/api_keys.go:265.39,267.3 1 0
github.com/kubercloud/ani/services/auth-service/internal/service/api_keys.go:268.2,268.24 1 0
github.com/kubercloud/ani/services/auth-service/internal/service/api_keys.go:271.54,273.16 2 1
github.com/kubercloud/ani/services/auth-service/internal/service/api_keys.go:273.16,275.3 1 1
github.com/kubercloud/ani/services/auth-service/internal/service/api_keys.go:276.2,276.37 1 1
github.com/kubercloud/ani/services/auth-service/internal/service/api_keys.go:276.37,278.3 1 1
github.com/kubercloud/ani/services/auth-service/internal/service/api_keys.go:279.2,279.18 1 1
github.com/kubercloud/ani/services/auth-service/internal/service/api_keys.go:282.95,283.18 1 1
github.com/kubercloud/ani/services/auth-service/internal/service/api_keys.go:283.18,285.3 1 0
github.com/kubercloud/ani/services/auth-service/internal/service/api_keys.go:286.2,286.43 1 1
github.com/kubercloud/ani/services/auth-service/internal/service/api_keys.go:286.43,288.3 1 0
github.com/kubercloud/ani/services/auth-service/internal/service/api_keys.go:289.2,290.27 2 1
github.com/kubercloud/ani/services/auth-service/internal/service/api_keys.go:290.27,292.3 1 1
github.com/kubercloud/ani/services/auth-service/internal/service/api_keys.go:293.2,293.23 1 1
github.com/kubercloud/ani/services/auth-service/internal/service/api_keys.go:296.59,297.16 1 1
github.com/kubercloud/ani/services/auth-service/internal/service/api_keys.go:297.16,299.3 1 1
github.com/kubercloud/ani/services/auth-service/internal/service/api_keys.go:300.2,300.35 1 1
github.com/kubercloud/ani/services/auth-service/internal/service/api_keys.go:300.35,302.3 1 1
github.com/kubercloud/ani/services/auth-service/internal/service/api_keys.go:303.2,303.19 1 1
github.com/kubercloud/ani/services/auth-service/internal/service/api_keys.go:306.99,307.49 1 1
github.com/kubercloud/ani/services/auth-service/internal/service/api_keys.go:307.49,309.3 1 1
github.com/kubercloud/ani/services/auth-service/internal/service/api_keys.go:310.2,311.16 2 1
github.com/kubercloud/ani/services/auth-service/internal/service/api_keys.go:311.16,313.3 1 0
github.com/kubercloud/ani/services/auth-service/internal/service/api_keys.go:314.2,314.29 1 1
github.com/kubercloud/ani/services/auth-service/internal/service/api_keys.go:314.29,316.3 1 1
github.com/kubercloud/ani/services/auth-service/internal/service/api_keys.go:317.2,317.12 1 1
github.com/kubercloud/ani/services/auth-service/internal/service/api_keys.go:320.57,322.50 2 1
github.com/kubercloud/ani/services/auth-service/internal/service/api_keys.go:322.50,324.3 1 0
github.com/kubercloud/ani/services/auth-service/internal/service/api_keys.go:325.2,326.73 2 1
github.com/kubercloud/ani/services/auth-service/internal/service/api_keys.go:329.58,331.96 2 1
github.com/kubercloud/ani/services/auth-service/internal/service/api_keys.go:331.96,333.3 1 0
github.com/kubercloud/ani/services/auth-service/internal/service/api_keys.go:334.2,335.40 2 1
github.com/kubercloud/ani/services/auth-service/internal/service/api_keys.go:335.40,337.3 1 0
github.com/kubercloud/ani/services/auth-service/internal/service/api_keys.go:338.2,338.22 1 1
github.com/kubercloud/ani/services/auth-service/internal/service/api_keys.go:341.39,344.2 2 1
github.com/kubercloud/ani/services/auth-service/internal/service/api_keys.go:346.41,347.23 1 0
github.com/kubercloud/ani/services/auth-service/internal/service/api_keys.go:347.23,349.3 1 0
github.com/kubercloud/ani/services/auth-service/internal/service/api_keys.go:350.2,350.20 1 0
github.com/kubercloud/ani/services/auth-service/internal/service/api_keys.go:353.62,354.21 1 1
github.com/kubercloud/ani/services/auth-service/internal/service/api_keys.go:354.21,356.3 1 1
github.com/kubercloud/ani/services/auth-service/internal/service/api_keys.go:357.2,359.28 3 1
github.com/kubercloud/ani/services/auth-service/internal/service/api_keys.go:359.28,361.18 2 1
github.com/kubercloud/ani/services/auth-service/internal/service/api_keys.go:361.18,363.4 1 1
github.com/kubercloud/ani/services/auth-service/internal/service/api_keys.go:364.3,365.22 2 1
github.com/kubercloud/ani/services/auth-service/internal/service/api_keys.go:365.22,366.27 1 1
github.com/kubercloud/ani/services/auth-service/internal/service/api_keys.go:366.27,368.5 1 0
github.com/kubercloud/ani/services/auth-service/internal/service/api_keys.go:369.4,369.21 1 1
github.com/kubercloud/ani/services/auth-service/internal/service/api_keys.go:371.3,371.22 1 1
github.com/kubercloud/ani/services/auth-service/internal/service/api_keys.go:371.22,373.4 1 1
github.com/kubercloud/ani/services/auth-service/internal/service/api_keys.go:374.3,376.59 3 1
github.com/kubercloud/ani/services/auth-service/internal/service/api_keys.go:376.59,378.4 1 1
github.com/kubercloud/ani/services/auth-service/internal/service/api_keys.go:379.3,380.36 2 1
github.com/kubercloud/ani/services/auth-service/internal/service/api_keys.go:380.36,381.12 1 1
github.com/kubercloud/ani/services/auth-service/internal/service/api_keys.go:383.3,384.38 2 1
github.com/kubercloud/ani/services/auth-service/internal/service/api_keys.go:386.2,386.20 1 1
github.com/kubercloud/ani/services/auth-service/internal/service/api_keys.go:389.40,390.18 1 1
github.com/kubercloud/ani/services/auth-service/internal/service/api_keys.go:390.18,392.3 1 1
github.com/kubercloud/ani/services/auth-service/internal/service/api_keys.go:393.2,393.17 1 1
github.com/kubercloud/ani/services/auth-service/internal/service/api_keys.go:393.17,395.3 1 0
github.com/kubercloud/ani/services/auth-service/internal/service/api_keys.go:396.2,396.27 1 1
github.com/kubercloud/ani/services/auth-service/internal/service/api_keys.go:396.27,397.29 1 1
github.com/kubercloud/ani/services/auth-service/internal/service/api_keys.go:397.29,398.12 1 1
github.com/kubercloud/ani/services/auth-service/internal/service/api_keys.go:400.3,400.29 1 1
github.com/kubercloud/ani/services/auth-service/internal/service/api_keys.go:400.29,401.12 1 0
github.com/kubercloud/ani/services/auth-service/internal/service/api_keys.go:403.3,403.29 1 1
github.com/kubercloud/ani/services/auth-service/internal/service/api_keys.go:403.29,404.12 1 0
github.com/kubercloud/ani/services/auth-service/internal/service/api_keys.go:406.3,406.15 1 1
github.com/kubercloud/ani/services/auth-service/internal/service/api_keys.go:408.2,408.13 1 1
github.com/kubercloud/ani/services/auth-service/internal/service/api_keys.go:411.49,413.2 1 0
github.com/kubercloud/ani/services/auth-service/internal/service/auth_service.go:30.94,33.56 3 1
github.com/kubercloud/ani/services/auth-service/internal/service/auth_service.go:33.56,35.3 1 0
github.com/kubercloud/ani/services/auth-service/internal/service/auth_service.go:36.2,37.56 2 1
github.com/kubercloud/ani/services/auth-service/internal/service/auth_service.go:37.56,39.3 1 0
github.com/kubercloud/ani/services/auth-service/internal/service/auth_service.go:40.2,47.3 1 1
github.com/kubercloud/ani/services/auth-service/internal/service/auth_service.go:50.53,52.2 1 0
github.com/kubercloud/ani/services/auth-service/internal/service/auth_service.go:54.95,56.2 1 0
github.com/kubercloud/ani/services/auth-service/internal/service/auth_service.go:58.134,60.2 1 1
github.com/kubercloud/ani/services/auth-service/internal/service/auth_service.go:62.127,64.2 1 1
github.com/kubercloud/ani/services/auth-service/internal/service/auth_service.go:66.119,67.33 1 1
github.com/kubercloud/ani/services/auth-service/internal/service/auth_service.go:67.33,69.3 1 0
github.com/kubercloud/ani/services/auth-service/internal/service/auth_service.go:70.2,70.47 1 1
github.com/kubercloud/ani/services/auth-service/internal/service/auth_service.go:70.47,72.3 1 0
github.com/kubercloud/ani/services/auth-service/internal/service/auth_service.go:73.2,74.16 2 1
github.com/kubercloud/ani/services/auth-service/internal/service/auth_service.go:74.16,76.3 1 0
github.com/kubercloud/ani/services/auth-service/internal/service/auth_service.go:77.2,78.16 2 1
github.com/kubercloud/ani/services/auth-service/internal/service/auth_service.go:78.16,80.3 1 0
github.com/kubercloud/ani/services/auth-service/internal/service/auth_service.go:81.2,81.104 1 1
github.com/kubercloud/ani/services/auth-service/internal/service/auth_service.go:84.112,85.24 1 1
github.com/kubercloud/ani/services/auth-service/internal/service/auth_service.go:85.24,87.3 1 0
github.com/kubercloud/ani/services/auth-service/internal/service/auth_service.go:88.2,88.24 1 1
github.com/kubercloud/ani/services/auth-service/internal/service/auth_service.go:88.24,90.3 1 0
github.com/kubercloud/ani/services/auth-service/internal/service/auth_service.go:91.2,91.85 1 1
github.com/kubercloud/ani/services/auth-service/internal/service/auth_service.go:91.85,93.3 1 0
github.com/kubercloud/ani/services/auth-service/internal/service/auth_service.go:94.2,94.30 1 1
github.com/kubercloud/ani/services/auth-service/internal/service/auth_service.go:97.125,98.26 1 1
github.com/kubercloud/ani/services/auth-service/internal/service/auth_service.go:98.26,100.3 1 0
github.com/kubercloud/ani/services/auth-service/internal/service/auth_service.go:101.2,101.30 1 1
github.com/kubercloud/ani/services/auth-service/internal/service/auth_service.go:101.30,103.17 2 0
github.com/kubercloud/ani/services/auth-service/internal/service/auth_service.go:103.17,104.50 1 0
github.com/kubercloud/ani/services/auth-service/internal/service/auth_service.go:104.50,106.5 1 0
github.com/kubercloud/ani/services/auth-service/internal/service/auth_service.go:107.4,107.70 1 0
github.com/kubercloud/ani/services/auth-service/internal/service/auth_service.go:109.3,113.9 1 0
github.com/kubercloud/ani/services/auth-service/internal/service/auth_service.go:115.2,115.18 1 1
github.com/kubercloud/ani/services/auth-service/internal/service/auth_service.go:115.18,117.3 1 0
github.com/kubercloud/ani/services/auth-service/internal/service/auth_service.go:118.2,119.16 2 1
github.com/kubercloud/ani/services/auth-service/internal/service/auth_service.go:119.16,121.3 1 0
github.com/kubercloud/ani/services/auth-service/internal/service/auth_service.go:122.2,126.8 1 1
github.com/kubercloud/ani/services/auth-service/internal/service/auth_service.go:129.135,130.29 1 1
github.com/kubercloud/ani/services/auth-service/internal/service/auth_service.go:130.29,132.3 1 0
github.com/kubercloud/ani/services/auth-service/internal/service/auth_service.go:133.2,133.54 1 1
github.com/kubercloud/ani/services/auth-service/internal/service/auth_service.go:133.54,135.3 1 0
github.com/kubercloud/ani/services/auth-service/internal/service/auth_service.go:136.2,136.90 1 1
github.com/kubercloud/ani/services/auth-service/internal/service/auth_service.go:136.90,138.3 1 0
github.com/kubercloud/ani/services/auth-service/internal/service/auth_service.go:139.2,139.66 1 1
github.com/kubercloud/ani/services/auth-service/internal/service/auth_service.go:139.66,141.3 1 1
github.com/kubercloud/ani/services/auth-service/internal/service/auth_service.go:142.2,142.40 1 1
github.com/kubercloud/ani/services/auth-service/internal/service/auth_service.go:142.40,143.36 1 0
github.com/kubercloud/ani/services/auth-service/internal/service/auth_service.go:143.36,145.4 1 0
github.com/kubercloud/ani/services/auth-service/internal/service/auth_service.go:146.3,146.48 1 0
github.com/kubercloud/ani/services/auth-service/internal/service/auth_service.go:148.2,148.37 1 1
github.com/kubercloud/ani/services/auth-service/internal/service/auth_service.go:148.37,149.36 1 0
github.com/kubercloud/ani/services/auth-service/internal/service/auth_service.go:149.36,151.4 1 0
github.com/kubercloud/ani/services/auth-service/internal/service/auth_service.go:152.3,152.59 1 0
github.com/kubercloud/ani/services/auth-service/internal/service/auth_service.go:154.2,154.47 1 1
github.com/kubercloud/ani/services/auth-service/internal/service/auth_service.go:157.128,159.16 2 0
github.com/kubercloud/ani/services/auth-service/internal/service/auth_service.go:159.16,161.3 1 0
github.com/kubercloud/ani/services/auth-service/internal/service/auth_service.go:162.2,162.18 1 0
github.com/kubercloud/ani/services/auth-service/internal/service/auth_service.go:165.125,167.16 2 0
github.com/kubercloud/ani/services/auth-service/internal/service/auth_service.go:167.16,169.3 1 0
github.com/kubercloud/ani/services/auth-service/internal/service/auth_service.go:170.2,170.18 1 0
github.com/kubercloud/ani/services/auth-service/internal/service/auth_service.go:173.114,174.51 1 0
github.com/kubercloud/ani/services/auth-service/internal/service/auth_service.go:174.51,175.40 1 0
github.com/kubercloud/ani/services/auth-service/internal/service/auth_service.go:175.40,177.4 1 0
github.com/kubercloud/ani/services/auth-service/internal/service/auth_service.go:178.3,178.63 1 0
github.com/kubercloud/ani/services/auth-service/internal/service/auth_service.go:180.2,180.30 1 0
github.com/kubercloud/ani/services/auth-service/internal/service/auth_service.go:183.46,185.2 1 1
github.com/kubercloud/ani/services/auth-service/internal/service/auth_service.go:187.58,189.2 1 1
github.com/kubercloud/ani/services/auth-service/internal/service/auth_service.go:191.48,192.29 1 1
github.com/kubercloud/ani/services/auth-service/internal/service/auth_service.go:192.29,193.19 1 1
github.com/kubercloud/ani/services/auth-service/internal/service/auth_service.go:193.19,195.4 1 0
github.com/kubercloud/ani/services/auth-service/internal/service/auth_service.go:197.2,197.14 1 1
github.com/kubercloud/ani/services/auth-service/internal/service/auth_service.go:200.61,201.29 1 1
github.com/kubercloud/ani/services/auth-service/internal/service/auth_service.go:201.29,202.15 1 1
github.com/kubercloud/ani/services/auth-service/internal/service/auth_service.go:203.88,204.15 1 1
github.com/kubercloud/ani/services/auth-service/internal/service/auth_service.go:205.52,206.15 1 1
github.com/kubercloud/ani/services/auth-service/internal/service/auth_service.go:209.2,209.14 1 1
github.com/kubercloud/ani/services/auth-service/internal/service/auth_service.go:212.34,214.2 1 1
github.com/kubercloud/ani/services/auth-service/internal/service/auth_service.go:216.41,218.2 1 1
github.com/kubercloud/ani/services/auth-service/internal/service/auth_service.go:220.38,221.20 1 0
github.com/kubercloud/ani/services/auth-service/internal/service/auth_service.go:221.20,223.3 1 0
github.com/kubercloud/ani/services/auth-service/internal/service/auth_service.go:224.2,224.20 1 0
github.com/kubercloud/ani/services/auth-service/internal/service/auth_service.go:229.39,230.16 1 0
github.com/kubercloud/ani/services/auth-service/internal/service/auth_service.go:231.38,232.14 1 0
github.com/kubercloud/ani/services/auth-service/internal/service/auth_service.go:233.10,234.15 1 0
github.com/kubercloud/ani/services/auth-service/internal/service/auth_service.go:238.39,239.16 1 0
github.com/kubercloud/ani/services/auth-service/internal/service/auth_service.go:240.55,241.14 1 0
github.com/kubercloud/ani/services/auth-service/internal/service/auth_service.go:242.10,243.15 1 0
github.com/kubercloud/ani/services/auth-service/internal/service/jwt.go:70.86,72.45 2 1
github.com/kubercloud/ani/services/auth-service/internal/service/jwt.go:72.45,74.17 2 0
github.com/kubercloud/ani/services/auth-service/internal/service/jwt.go:74.17,76.4 1 0
github.com/kubercloud/ani/services/auth-service/internal/service/jwt.go:77.3,77.24 1 0
github.com/kubercloud/ani/services/auth-service/internal/service/jwt.go:79.2,79.18 1 1
github.com/kubercloud/ani/services/auth-service/internal/service/jwt.go:79.18,81.3 1 1
github.com/kubercloud/ani/services/auth-service/internal/service/jwt.go:82.2,83.16 2 1
github.com/kubercloud/ani/services/auth-service/internal/service/jwt.go:83.16,85.3 1 0
github.com/kubercloud/ani/services/auth-service/internal/service/jwt.go:86.2,91.8 1 1
github.com/kubercloud/ani/services/auth-service/internal/service/jwt.go:94.85,96.21 2 1
github.com/kubercloud/ani/services/auth-service/internal/service/jwt.go:96.21,98.3 1 0
github.com/kubercloud/ani/services/auth-service/internal/service/jwt.go:100.2,101.57 2 1
github.com/kubercloud/ani/services/auth-service/internal/service/jwt.go:101.57,103.3 1 0
github.com/kubercloud/ani/services/auth-service/internal/service/jwt.go:104.2,104.27 1 1
github.com/kubercloud/ani/services/auth-service/internal/service/jwt.go:104.27,106.3 1 0
github.com/kubercloud/ani/services/auth-service/internal/service/jwt.go:108.2,110.16 3 1
github.com/kubercloud/ani/services/auth-service/internal/service/jwt.go:110.16,112.3 1 0
github.com/kubercloud/ani/services/auth-service/internal/service/jwt.go:113.2,114.93 2 1
github.com/kubercloud/ani/services/auth-service/internal/service/jwt.go:114.93,116.3 1 0
github.com/kubercloud/ani/services/auth-service/internal/service/jwt.go:118.2,119.58 2 1
github.com/kubercloud/ani/services/auth-service/internal/service/jwt.go:119.58,121.3 1 0
github.com/kubercloud/ani/services/auth-service/internal/service/jwt.go:122.2,122.56 1 1
github.com/kubercloud/ani/services/auth-service/internal/service/jwt.go:122.56,124.3 1 1
github.com/kubercloud/ani/services/auth-service/internal/service/jwt.go:126.2,127.40 2 1
github.com/kubercloud/ani/services/auth-service/internal/service/jwt.go:127.40,129.3 1 0
github.com/kubercloud/ani/services/auth-service/internal/service/jwt.go:130.2,131.38 2 1
github.com/kubercloud/ani/services/auth-service/internal/service/jwt.go:131.38,133.3 1 0
github.com/kubercloud/ani/services/auth-service/internal/service/jwt.go:134.2,139.8 1 1
github.com/kubercloud/ani/services/auth-service/internal/service/jwt.go:142.87,144.52 2 1
github.com/kubercloud/ani/services/auth-service/internal/service/jwt.go:144.52,146.3 1 1
github.com/kubercloud/ani/services/auth-service/internal/service/jwt.go:147.2,147.54 1 1
github.com/kubercloud/ani/services/auth-service/internal/service/jwt.go:147.54,149.3 1 0
github.com/kubercloud/ani/services/auth-service/internal/service/jwt.go:150.2,150.50 1 1
github.com/kubercloud/ani/services/auth-service/internal/service/jwt.go:150.50,152.3 1 0
github.com/kubercloud/ani/services/auth-service/internal/service/jwt.go:153.2,153.45 1 1
github.com/kubercloud/ani/services/auth-service/internal/service/jwt.go:153.45,155.17 2 1
github.com/kubercloud/ani/services/auth-service/internal/service/jwt.go:155.17,157.4 1 0
github.com/kubercloud/ani/services/auth-service/internal/service/jwt.go:158.3,158.14 1 1
github.com/kubercloud/ani/services/auth-service/internal/service/jwt.go:158.14,160.4 1 1
github.com/kubercloud/ani/services/auth-service/internal/service/jwt.go:162.2,162.12 1 1
github.com/kubercloud/ani/services/auth-service/internal/service/jwt.go:165.63,167.18 2 1
github.com/kubercloud/ani/services/auth-service/internal/service/jwt.go:167.18,169.3 1 1
github.com/kubercloud/ani/services/auth-service/internal/service/jwt.go:170.2,170.66 1 1
github.com/kubercloud/ani/services/auth-service/internal/service/jwt.go:170.66,171.45 1 1
github.com/kubercloud/ani/services/auth-service/internal/service/jwt.go:171.45,173.4 1 1
github.com/kubercloud/ani/services/auth-service/internal/service/jwt.go:175.2,175.65 1 0
github.com/kubercloud/ani/services/auth-service/internal/service/jwt.go:175.65,176.56 1 0
github.com/kubercloud/ani/services/auth-service/internal/service/jwt.go:176.56,178.4 1 0
github.com/kubercloud/ani/services/auth-service/internal/service/jwt.go:180.2,180.30 1 0
github.com/kubercloud/ani/services/auth-service/internal/service/jwt.go:183.51,185.16 2 1
github.com/kubercloud/ani/services/auth-service/internal/service/jwt.go:185.16,187.3 1 0
github.com/kubercloud/ani/services/auth-service/internal/service/jwt.go:188.2,188.34 1 1
github.com/kubercloud/ani/services/auth-service/internal/service/oidc.go:52.129,56.54 4 1
github.com/kubercloud/ani/services/auth-service/internal/service/oidc.go:56.54,63.3 1 1
github.com/kubercloud/ani/services/auth-service/internal/service/oidc.go:64.2,76.3 2 1
github.com/kubercloud/ani/services/auth-service/internal/service/oidc.go:79.39,81.2 1 1
github.com/kubercloud/ani/services/auth-service/internal/service/oidc.go:83.51,85.18 2 1
github.com/kubercloud/ani/services/auth-service/internal/service/oidc.go:85.18,87.3 1 1
github.com/kubercloud/ani/services/auth-service/internal/service/oidc.go:88.2,89.27 2 1
github.com/kubercloud/ani/services/auth-service/internal/service/oidc.go:89.27,91.3 1 1
github.com/kubercloud/ani/services/auth-service/internal/service/oidc.go:92.2,92.28 1 1
github.com/kubercloud/ani/services/auth-service/internal/service/oidc.go:92.28,94.3 1 1
github.com/kubercloud/ani/services/auth-service/internal/service/oidc.go:95.2,95.27 1 1
github.com/kubercloud/ani/services/auth-service/internal/service/oidc.go:95.27,97.3 1 1
github.com/kubercloud/ani/services/auth-service/internal/service/oidc.go:98.2,98.12 1 1
github.com/kubercloud/ani/services/auth-service/internal/service/oidc.go:101.130,102.31 1 1
github.com/kubercloud/ani/services/auth-service/internal/service/oidc.go:102.31,104.3 1 0
github.com/kubercloud/ani/services/auth-service/internal/service/oidc.go:105.2,105.32 1 1
github.com/kubercloud/ani/services/auth-service/internal/service/oidc.go:105.32,107.3 1 0
github.com/kubercloud/ani/services/auth-service/internal/service/oidc.go:108.2,108.70 1 1
github.com/kubercloud/ani/services/auth-service/internal/service/oidc.go:108.70,110.3 1 1
github.com/kubercloud/ani/services/auth-service/internal/service/oidc.go:111.2,111.36 1 1
github.com/kubercloud/ani/services/auth-service/internal/service/oidc.go:111.36,113.3 1 1
github.com/kubercloud/ani/services/auth-service/internal/service/oidc.go:114.2,114.71 1 1
github.com/kubercloud/ani/services/auth-service/internal/service/oidc.go:114.71,116.3 1 0
github.com/kubercloud/ani/services/auth-service/internal/service/oidc.go:117.2,118.16 2 1
github.com/kubercloud/ani/services/auth-service/internal/service/oidc.go:118.16,120.3 1 0
github.com/kubercloud/ani/services/auth-service/internal/service/oidc.go:121.2,122.16 2 1
github.com/kubercloud/ani/services/auth-service/internal/service/oidc.go:122.16,124.3 1 0
github.com/kubercloud/ani/services/auth-service/internal/service/oidc.go:125.2,130.16 2 1
github.com/kubercloud/ani/services/auth-service/internal/service/oidc.go:130.16,132.3 1 0
github.com/kubercloud/ani/services/auth-service/internal/service/oidc.go:133.2,133.94 1 1
github.com/kubercloud/ani/services/auth-service/internal/service/oidc.go:133.94,135.3 1 0
github.com/kubercloud/ani/services/auth-service/internal/service/oidc.go:136.2,137.16 2 1
github.com/kubercloud/ani/services/auth-service/internal/service/oidc.go:137.16,139.3 1 0
github.com/kubercloud/ani/services/auth-service/internal/service/oidc.go:140.2,140.85 1 1
github.com/kubercloud/ani/services/auth-service/internal/service/oidc.go:143.123,144.79 1 1
github.com/kubercloud/ani/services/auth-service/internal/service/oidc.go:144.79,146.3 1 0
github.com/kubercloud/ani/services/auth-service/internal/service/oidc.go:147.2,147.70 1 1
github.com/kubercloud/ani/services/auth-service/internal/service/oidc.go:147.70,149.3 1 0
github.com/kubercloud/ani/services/auth-service/internal/service/oidc.go:150.2,150.32 1 1
github.com/kubercloud/ani/services/auth-service/internal/service/oidc.go:150.32,152.3 1 0
github.com/kubercloud/ani/services/auth-service/internal/service/oidc.go:153.2,153.24 1 1
github.com/kubercloud/ani/services/auth-service/internal/service/oidc.go:153.24,155.3 1 0
github.com/kubercloud/ani/services/auth-service/internal/service/oidc.go:156.2,157.16 2 1
github.com/kubercloud/ani/services/auth-service/internal/service/oidc.go:157.16,159.3 1 0
github.com/kubercloud/ani/services/auth-service/internal/service/oidc.go:160.2,161.67 2 1
github.com/kubercloud/ani/services/auth-service/internal/service/oidc.go:161.67,163.3 1 1
github.com/kubercloud/ani/services/auth-service/internal/service/oidc.go:164.2,164.74 1 1
github.com/kubercloud/ani/services/auth-service/internal/service/oidc.go:164.74,166.3 1 0
github.com/kubercloud/ani/services/auth-service/internal/service/oidc.go:167.2,167.85 1 1
github.com/kubercloud/ani/services/auth-service/internal/service/oidc.go:167.85,169.3 1 0
github.com/kubercloud/ani/services/auth-service/internal/service/oidc.go:170.2,171.16 2 1
github.com/kubercloud/ani/services/auth-service/internal/service/oidc.go:171.16,173.3 1 0
github.com/kubercloud/ani/services/auth-service/internal/service/oidc.go:174.2,175.16 2 1
github.com/kubercloud/ani/services/auth-service/internal/service/oidc.go:175.16,177.3 1 0
github.com/kubercloud/ani/services/auth-service/internal/service/oidc.go:178.2,178.66 1 1
github.com/kubercloud/ani/services/auth-service/internal/service/oidc.go:178.66,180.3 1 1
github.com/kubercloud/ani/services/auth-service/internal/service/oidc.go:181.2,182.16 2 1
github.com/kubercloud/ani/services/auth-service/internal/service/oidc.go:182.16,184.3 1 0
github.com/kubercloud/ani/services/auth-service/internal/service/oidc.go:185.2,186.16 2 1
github.com/kubercloud/ani/services/auth-service/internal/service/oidc.go:186.16,188.3 1 0
github.com/kubercloud/ani/services/auth-service/internal/service/oidc.go:189.2,194.8 1 1
github.com/kubercloud/ani/services/auth-service/internal/service/oidc.go:197.61,199.110 2 1
github.com/kubercloud/ani/services/auth-service/internal/service/oidc.go:199.110,201.3 1 1
github.com/kubercloud/ani/services/auth-service/internal/service/oidc.go:202.2,203.21 2 0
github.com/kubercloud/ani/services/auth-service/internal/service/oidc.go:203.21,205.3 1 0
github.com/kubercloud/ani/services/auth-service/internal/service/oidc.go:206.2,206.74 1 0
github.com/kubercloud/ani/services/auth-service/internal/service/oidc.go:209.48,211.16 2 1
github.com/kubercloud/ani/services/auth-service/internal/service/oidc.go:211.16,213.3 1 0
github.com/kubercloud/ani/services/auth-service/internal/service/oidc.go:214.2,214.42 1 1
github.com/kubercloud/ani/services/auth-service/internal/service/oidc.go:214.42,216.3 1 1
github.com/kubercloud/ani/services/auth-service/internal/service/oidc.go:217.2,217.57 1 1
github.com/kubercloud/ani/services/auth-service/internal/service/oidc.go:217.57,219.3 1 0
github.com/kubercloud/ani/services/auth-service/internal/service/oidc.go:220.2,220.27 1 1
github.com/kubercloud/ani/services/auth-service/internal/service/oidc.go:220.27,222.3 1 1
github.com/kubercloud/ani/services/auth-service/internal/service/oidc.go:223.2,223.12 1 1
github.com/kubercloud/ani/services/auth-service/internal/service/oidc.go:226.102,228.16 2 1
github.com/kubercloud/ani/services/auth-service/internal/service/oidc.go:228.16,230.3 1 0
github.com/kubercloud/ani/services/auth-service/internal/service/oidc.go:231.2,237.17 7 1
github.com/kubercloud/ani/services/auth-service/internal/service/oidc.go:237.17,239.3 1 1
github.com/kubercloud/ani/services/auth-service/internal/service/oidc.go:240.2,241.29 2 1
github.com/kubercloud/ani/services/auth-service/internal/service/oidc.go:244.47,245.15 1 1
github.com/kubercloud/ani/services/auth-service/internal/service/oidc.go:245.15,247.3 1 0
github.com/kubercloud/ani/services/auth-service/internal/service/oidc.go:248.2,249.42 2 1
github.com/kubercloud/ani/services/auth-service/internal/service/oidc.go:249.42,251.3 1 0
github.com/kubercloud/ani/services/auth-service/internal/service/oidc.go:252.2,252.55 1 1
github.com/kubercloud/ani/services/auth-service/internal/service/oidc.go:270.111,276.26 6 1
github.com/kubercloud/ani/services/auth-service/internal/service/oidc.go:276.26,278.3 1 1
github.com/kubercloud/ani/services/auth-service/internal/service/oidc.go:279.2,280.16 2 1
github.com/kubercloud/ani/services/auth-service/internal/service/oidc.go:280.16,282.3 1 0
github.com/kubercloud/ani/services/auth-service/internal/service/oidc.go:283.2,285.16 3 1
github.com/kubercloud/ani/services/auth-service/internal/service/oidc.go:285.16,287.3 1 0
github.com/kubercloud/ani/services/auth-service/internal/service/oidc.go:288.2,288.53 1 1
github.com/kubercloud/ani/services/auth-service/internal/service/oidc.go:288.53,289.53 1 0
github.com/kubercloud/ani/services/auth-service/internal/service/oidc.go:289.53,291.4 1 0
github.com/kubercloud/ani/services/auth-service/internal/service/oidc.go:292.3,292.91 1 0
github.com/kubercloud/ani/services/auth-service/internal/service/oidc.go:294.2,296.20 3 1
github.com/kubercloud/ani/services/auth-service/internal/service/oidc.go:296.20,298.3 1 0
github.com/kubercloud/ani/services/auth-service/internal/service/oidc.go:299.2,299.21 1 1
github.com/kubercloud/ani/services/auth-service/internal/service/oidc.go:299.21,301.3 1 0
github.com/kubercloud/ani/services/auth-service/internal/service/oidc.go:302.2,305.55 2 1
github.com/kubercloud/ani/services/auth-service/internal/service/oidc.go:305.55,307.3 1 0
github.com/kubercloud/ani/services/auth-service/internal/service/oidc.go:308.2,308.27 1 1
github.com/kubercloud/ani/services/auth-service/internal/service/oidc.go:308.27,310.3 1 0
github.com/kubercloud/ani/services/auth-service/internal/service/oidc.go:311.2,311.57 1 1
github.com/kubercloud/ani/services/auth-service/internal/service/oidc.go:333.73,334.90 1 1
github.com/kubercloud/ani/services/auth-service/internal/service/oidc.go:334.90,336.3 1 1
github.com/kubercloud/ani/services/auth-service/internal/service/oidc.go:337.2,338.80 2 1
github.com/kubercloud/ani/services/auth-service/internal/service/oidc.go:338.80,346.3 1 1
github.com/kubercloud/ani/services/auth-service/internal/service/oidc.go:347.2,347.38 1 1
github.com/kubercloud/ani/services/auth-service/internal/service/oidc.go:350.78,352.49 2 1
github.com/kubercloud/ani/services/auth-service/internal/service/oidc.go:352.49,354.17 2 0
github.com/kubercloud/ani/services/auth-service/internal/service/oidc.go:354.17,356.4 1 0
github.com/kubercloud/ani/services/auth-service/internal/service/oidc.go:357.3,357.24 1 0
github.com/kubercloud/ani/services/auth-service/internal/service/oidc.go:359.2,359.71 1 1
github.com/kubercloud/ani/services/auth-service/internal/service/oidc.go:359.71,361.3 1 1
github.com/kubercloud/ani/services/auth-service/internal/service/oidc.go:362.2,363.16 2 1
github.com/kubercloud/ani/services/auth-service/internal/service/oidc.go:363.16,365.3 1 1
github.com/kubercloud/ani/services/auth-service/internal/service/oidc.go:366.2,366.122 1 1
github.com/kubercloud/ani/services/auth-service/internal/service/oidc.go:369.97,370.124 1 1
github.com/kubercloud/ani/services/auth-service/internal/service/oidc.go:370.124,372.3 1 1
github.com/kubercloud/ani/services/auth-service/internal/service/oidc.go:387.92,389.2 1 1
github.com/kubercloud/ani/services/auth-service/internal/service/oidc.go:391.92,392.15 1 1
github.com/kubercloud/ani/services/auth-service/internal/service/oidc.go:392.15,394.3 1 0
github.com/kubercloud/ani/services/auth-service/internal/service/oidc.go:395.2,396.16 2 1
github.com/kubercloud/ani/services/auth-service/internal/service/oidc.go:396.16,398.3 1 0
github.com/kubercloud/ani/services/auth-service/internal/service/oidc.go:399.2,400.19 2 1
github.com/kubercloud/ani/services/auth-service/internal/service/oidc.go:400.19,402.3 1 1
github.com/kubercloud/ani/services/auth-service/internal/service/oidc.go:403.2,406.39 4 1
github.com/kubercloud/ani/services/auth-service/internal/service/oidc.go:406.39,407.43 1 1
github.com/kubercloud/ani/services/auth-service/internal/service/oidc.go:407.43,409.4 1 1
github.com/kubercloud/ani/services/auth-service/internal/service/oidc.go:411.2,412.16 2 1
github.com/kubercloud/ani/services/auth-service/internal/service/oidc.go:412.16,414.3 1 0
github.com/kubercloud/ani/services/auth-service/internal/service/oidc.go:415.2,416.16 2 1
github.com/kubercloud/ani/services/auth-service/internal/service/oidc.go:416.16,418.3 1 0
github.com/kubercloud/ani/services/auth-service/internal/service/oidc.go:419.2,419.53 1 1
github.com/kubercloud/ani/services/auth-service/internal/service/oidc.go:419.53,420.53 1 0
github.com/kubercloud/ani/services/auth-service/internal/service/oidc.go:420.53,422.4 1 0
github.com/kubercloud/ani/services/auth-service/internal/service/oidc.go:423.3,423.28 1 0
github.com/kubercloud/ani/services/auth-service/internal/service/oidc.go:425.2,427.20 3 1
github.com/kubercloud/ani/services/auth-service/internal/service/oidc.go:427.20,429.3 1 0
github.com/kubercloud/ani/services/auth-service/internal/service/oidc.go:430.2,430.21 1 1
github.com/kubercloud/ani/services/auth-service/internal/service/oidc.go:430.21,432.3 1 0
github.com/kubercloud/ani/services/auth-service/internal/service/oidc.go:433.2,434.16 2 1
github.com/kubercloud/ani/services/auth-service/internal/service/oidc.go:434.16,436.3 1 0
github.com/kubercloud/ani/services/auth-service/internal/service/oidc.go:437.2,440.16 4 1
github.com/kubercloud/ani/services/auth-service/internal/service/oidc.go:440.16,442.3 1 0
github.com/kubercloud/ani/services/auth-service/internal/service/oidc.go:443.2,443.17 1 1
github.com/kubercloud/ani/services/auth-service/internal/service/oidc.go:453.23,455.21 2 1
github.com/kubercloud/ani/services/auth-service/internal/service/oidc.go:455.21,457.3 1 0
github.com/kubercloud/ani/services/auth-service/internal/service/oidc.go:458.2,459.82 2 1
github.com/kubercloud/ani/services/auth-service/internal/service/oidc.go:459.82,461.3 1 0
github.com/kubercloud/ani/services/auth-service/internal/service/oidc.go:462.2,463.36 2 1
github.com/kubercloud/ani/services/auth-service/internal/service/oidc.go:463.36,465.3 1 0
github.com/kubercloud/ani/services/auth-service/internal/service/oidc.go:466.2,468.16 3 1
github.com/kubercloud/ani/services/auth-service/internal/service/oidc.go:468.16,470.3 1 0
github.com/kubercloud/ani/services/auth-service/internal/service/oidc.go:471.2,472.91 2 1
github.com/kubercloud/ani/services/auth-service/internal/service/oidc.go:472.91,474.3 1 0
github.com/kubercloud/ani/services/auth-service/internal/service/oidc.go:475.2,476.58 2 1
github.com/kubercloud/ani/services/auth-service/internal/service/oidc.go:476.58,478.3 1 0
github.com/kubercloud/ani/services/auth-service/internal/service/oidc.go:479.2,479.16 1 1
github.com/kubercloud/ani/services/auth-service/internal/service/oidc.go:479.16,481.3 1 0
github.com/kubercloud/ani/services/auth-service/internal/service/oidc.go:482.2,483.141 2 1
github.com/kubercloud/ani/services/auth-service/internal/service/oidc.go:483.141,485.3 1 1
github.com/kubercloud/ani/services/auth-service/internal/service/oidc.go:486.2,486.25 1 1
github.com/kubercloud/ani/services/auth-service/internal/service/oidc.go:486.25,488.3 1 0
github.com/kubercloud/ani/services/auth-service/internal/service/oidc.go:489.2,489.138 1 1
github.com/kubercloud/ani/services/auth-service/internal/service/oidc.go:492.74,493.60 1 1
github.com/kubercloud/ani/services/auth-service/internal/service/oidc.go:493.60,495.3 1 0
github.com/kubercloud/ani/services/auth-service/internal/service/oidc.go:496.2,496.97 1 1
github.com/kubercloud/ani/services/auth-service/internal/service/oidc.go:496.97,498.3 1 1
github.com/kubercloud/ani/services/auth-service/internal/service/oidc.go:499.2,499.95 1 1
github.com/kubercloud/ani/services/auth-service/internal/service/oidc.go:499.95,501.3 1 0
github.com/kubercloud/ani/services/auth-service/internal/service/oidc.go:502.2,502.13 1 1
github.com/kubercloud/ani/services/auth-service/internal/service/oidc.go:505.64,516.51 2 1
github.com/kubercloud/ani/services/auth-service/internal/service/oidc.go:516.51,518.3 1 0
github.com/kubercloud/ani/services/auth-service/internal/service/oidc.go:519.2,520.32 2 1
github.com/kubercloud/ani/services/auth-service/internal/service/oidc.go:520.32,521.120 1 1
github.com/kubercloud/ani/services/auth-service/internal/service/oidc.go:521.120,522.12 1 1
github.com/kubercloud/ani/services/auth-service/internal/service/oidc.go:524.3,525.17 2 1
github.com/kubercloud/ani/services/auth-service/internal/service/oidc.go:525.17,527.4 1 0
github.com/kubercloud/ani/services/auth-service/internal/service/oidc.go:528.3,529.17 2 1
github.com/kubercloud/ani/services/auth-service/internal/service/oidc.go:529.17,531.4 1 0
github.com/kubercloud/ani/services/auth-service/internal/service/oidc.go:532.3,533.28 2 1
github.com/kubercloud/ani/services/auth-service/internal/service/oidc.go:533.28,535.4 1 1
github.com/kubercloud/ani/services/auth-service/internal/service/oidc.go:536.3,536.13 1 1
github.com/kubercloud/ani/services/auth-service/internal/service/oidc.go:536.13,537.12 1 0
github.com/kubercloud/ani/services/auth-service/internal/service/oidc.go:539.3,540.34 2 1
github.com/kubercloud/ani/services/auth-service/internal/service/oidc.go:540.34,541.12 1 1
github.com/kubercloud/ani/services/auth-service/internal/service/oidc.go:543.3,543.23 1 1
github.com/kubercloud/ani/services/auth-service/internal/service/oidc.go:545.2,545.18 1 1
github.com/kubercloud/ani/services/auth-service/internal/service/oidc.go:548.57,550.2 1 1
github.com/kubercloud/ani/services/auth-service/internal/service/oidc.go:552.53,554.2 1 1
github.com/kubercloud/ani/services/auth-service/internal/service/oidc.go:571.57,573.51 2 1
github.com/kubercloud/ani/services/auth-service/internal/service/oidc.go:573.51,576.3 2 1
github.com/kubercloud/ani/services/auth-service/internal/service/oidc.go:577.2,578.52 2 0
github.com/kubercloud/ani/services/auth-service/internal/service/oidc.go:578.52,580.3 1 0
github.com/kubercloud/ani/services/auth-service/internal/service/oidc.go:581.2,582.12 2 0
github.com/kubercloud/ani/services/auth-service/internal/service/oidc.go:585.50,586.24 1 1
github.com/kubercloud/ani/services/auth-service/internal/service/oidc.go:586.24,587.18 1 1
github.com/kubercloud/ani/services/auth-service/internal/service/oidc.go:587.18,589.4 1 1
github.com/kubercloud/ani/services/auth-service/internal/service/oidc.go:591.2,591.14 1 0
github.com/kubercloud/ani/services/auth-service/internal/service/oidc_sessions.go:26.98,28.2 1 1
github.com/kubercloud/ani/services/auth-service/internal/service/oidc_sessions.go:30.143,31.17 1 0
github.com/kubercloud/ani/services/auth-service/internal/service/oidc_sessions.go:31.17,33.3 1 0
github.com/kubercloud/ani/services/auth-service/internal/service/oidc_sessions.go:34.2,34.68 1 0
github.com/kubercloud/ani/services/auth-service/internal/service/oidc_sessions.go:34.68,36.3 1 0
github.com/kubercloud/ani/services/auth-service/internal/service/oidc_sessions.go:38.2,39.16 2 0
github.com/kubercloud/ani/services/auth-service/internal/service/oidc_sessions.go:39.16,41.3 1 0
github.com/kubercloud/ani/services/auth-service/internal/service/oidc_sessions.go:42.2,50.16 4 0
github.com/kubercloud/ani/services/auth-service/internal/service/oidc_sessions.go:50.16,52.3 1 0
github.com/kubercloud/ani/services/auth-service/internal/service/oidc_sessions.go:53.2,54.51 2 0
github.com/kubercloud/ani/services/auth-service/internal/service/oidc_sessions.go:54.51,56.3 1 0
github.com/kubercloud/ani/services/auth-service/internal/service/oidc_sessions.go:58.2,60.23 3 0
github.com/kubercloud/ani/services/auth-service/internal/service/oidc_sessions.go:60.23,62.3 1 0
github.com/kubercloud/ani/services/auth-service/internal/service/oidc_sessions.go:64.2,75.16 3 0
github.com/kubercloud/ani/services/auth-service/internal/service/oidc_sessions.go:75.16,77.3 1 0
github.com/kubercloud/ani/services/auth-service/internal/service/oidc_sessions.go:78.2,81.69 3 0
github.com/kubercloud/ani/services/auth-service/internal/service/oidc_sessions.go:81.69,83.3 1 0
github.com/kubercloud/ani/services/auth-service/internal/service/oidc_sessions.go:85.2,86.16 2 0
github.com/kubercloud/ani/services/auth-service/internal/service/oidc_sessions.go:86.16,88.3 1 0
github.com/kubercloud/ani/services/auth-service/internal/service/oidc_sessions.go:89.2,93.16 2 0
github.com/kubercloud/ani/services/auth-service/internal/service/oidc_sessions.go:93.16,95.3 1 0
github.com/kubercloud/ani/services/auth-service/internal/service/oidc_sessions.go:96.2,96.39 1 0
github.com/kubercloud/ani/services/auth-service/internal/service/oidc_sessions.go:96.39,98.3 1 0
github.com/kubercloud/ani/services/auth-service/internal/service/oidc_sessions.go:100.2,100.97 1 0
github.com/kubercloud/ani/services/auth-service/internal/service/oidc_sessions.go:108.65,110.38 2 1
github.com/kubercloud/ani/services/auth-service/internal/service/oidc_sessions.go:110.38,112.3 1 1
github.com/kubercloud/ani/services/auth-service/internal/service/oidc_sessions.go:113.2,114.62 2 1
github.com/kubercloud/ani/services/auth-service/internal/service/oidc_sessions.go:114.62,116.3 1 0
github.com/kubercloud/ani/services/auth-service/internal/service/oidc_sessions.go:117.2,117.32 1 1
github.com/kubercloud/ani/services/auth-service/internal/service/oidc_sessions.go:117.32,119.28 2 1
github.com/kubercloud/ani/services/auth-service/internal/service/oidc_sessions.go:119.28,120.12 1 0
github.com/kubercloud/ani/services/auth-service/internal/service/oidc_sessions.go:122.3,122.30 1 1
github.com/kubercloud/ani/services/auth-service/internal/service/oidc_sessions.go:122.30,124.41 2 1
github.com/kubercloud/ani/services/auth-service/internal/service/oidc_sessions.go:124.41,126.5 1 1
github.com/kubercloud/ani/services/auth-service/internal/service/oidc_sessions.go:129.2,129.15 1 1
github.com/kubercloud/ani/services/auth-service/internal/service/oidc_sessions.go:132.60,134.31 2 1
github.com/kubercloud/ani/services/auth-service/internal/service/oidc_sessions.go:134.31,135.66 1 1
github.com/kubercloud/ani/services/auth-service/internal/service/oidc_sessions.go:135.66,137.4 1 1
github.com/kubercloud/ani/services/auth-service/internal/service/oidc_sessions.go:139.2,139.23 1 1
github.com/kubercloud/ani/services/auth-service/internal/service/oidc_sessions.go:139.23,141.3 1 1
github.com/kubercloud/ani/services/auth-service/internal/service/oidc_sessions.go:142.2,143.28 2 1
github.com/kubercloud/ani/services/auth-service/internal/service/oidc_sessions.go:143.28,145.3 1 1
github.com/kubercloud/ani/services/auth-service/internal/service/oidc_sessions.go:146.2,147.14 2 1
github.com/kubercloud/ani/services/auth-service/internal/service/oidc_sessions.go:150.44,152.2 1 1
github.com/kubercloud/ani/services/auth-service/internal/service/oidc_sessions.go:154.42,155.14 1 1
github.com/kubercloud/ani/services/auth-service/internal/service/oidc_sessions.go:156.59,157.14 1 1
github.com/kubercloud/ani/services/auth-service/internal/service/oidc_sessions.go:158.10,159.15 1 1
github.com/kubercloud/ani/services/auth-service/internal/service/oidc_sessions.go:163.46,165.56 2 1
github.com/kubercloud/ani/services/auth-service/internal/service/oidc_sessions.go:165.56,167.3 1 1
github.com/kubercloud/ani/services/auth-service/internal/service/oidc_sessions.go:168.2,168.56 1 1
github.com/kubercloud/ani/services/auth-service/internal/service/oidc_sessions.go:168.56,170.3 1 0
github.com/kubercloud/ani/services/auth-service/internal/service/oidc_sessions.go:171.2,171.14 1 1
github.com/kubercloud/ani/services/auth-service/internal/service/oidc_sessions.go:174.99,175.29 1 0
github.com/kubercloud/ani/services/auth-service/internal/service/oidc_sessions.go:175.29,183.17 2 0
github.com/kubercloud/ani/services/auth-service/internal/service/oidc_sessions.go:183.17,185.4 1 0
github.com/kubercloud/ani/services/auth-service/internal/service/oidc_sessions.go:187.2,187.12 1 0
github.com/kubercloud/ani/services/auth-service/internal/service/refresh_tokens.go:33.74,35.2 1 1
github.com/kubercloud/ani/services/auth-service/internal/service/refresh_tokens.go:37.112,38.20 1 0
github.com/kubercloud/ani/services/auth-service/internal/service/refresh_tokens.go:38.20,40.3 1 0
github.com/kubercloud/ani/services/auth-service/internal/service/refresh_tokens.go:41.2,41.17 1 0
github.com/kubercloud/ani/services/auth-service/internal/service/refresh_tokens.go:41.17,43.3 1 0
github.com/kubercloud/ani/services/auth-service/internal/service/refresh_tokens.go:44.2,52.35 3 0
github.com/kubercloud/ani/services/auth-service/internal/service/refresh_tokens.go:52.35,54.3 1 0
github.com/kubercloud/ani/services/auth-service/internal/service/refresh_tokens.go:55.2,55.16 1 0
github.com/kubercloud/ani/services/auth-service/internal/service/refresh_tokens.go:55.16,57.3 1 0
github.com/kubercloud/ani/services/auth-service/internal/service/refresh_tokens.go:58.2,63.16 2 0
github.com/kubercloud/ani/services/auth-service/internal/service/refresh_tokens.go:63.16,65.3 1 0
github.com/kubercloud/ani/services/auth-service/internal/service/refresh_tokens.go:66.2,66.23 1 0
github.com/kubercloud/ani/services/auth-service/internal/service/refresh_tokens.go:69.45,71.50 2 0
github.com/kubercloud/ani/services/auth-service/internal/service/refresh_tokens.go:71.50,73.3 1 0
github.com/kubercloud/ani/services/auth-service/internal/service/refresh_tokens.go:74.2,74.80 1 0
github.com/kubercloud/ani/services/auth-service/internal/service/refresh_tokens.go:77.47,80.2 2 0
github.com/kubercloud/ani/services/auth-service/internal/service/token_blocklist.go:25.92,27.2 1 1
github.com/kubercloud/ani/services/auth-service/internal/service/token_blocklist.go:29.101,30.15 1 1
github.com/kubercloud/ani/services/auth-service/internal/service/token_blocklist.go:30.15,32.3 1 0
github.com/kubercloud/ani/services/auth-service/internal/service/token_blocklist.go:33.2,33.14 1 1
github.com/kubercloud/ani/services/auth-service/internal/service/token_blocklist.go:33.14,35.3 1 0
github.com/kubercloud/ani/services/auth-service/internal/service/token_blocklist.go:36.2,37.17 2 1
github.com/kubercloud/ani/services/auth-service/internal/service/token_blocklist.go:37.17,45.17 2 0
github.com/kubercloud/ani/services/auth-service/internal/service/token_blocklist.go:45.17,47.4 1 0
github.com/kubercloud/ani/services/auth-service/internal/service/token_blocklist.go:49.2,49.20 1 1
github.com/kubercloud/ani/services/auth-service/internal/service/token_blocklist.go:49.20,50.88 1 1
github.com/kubercloud/ani/services/auth-service/internal/service/token_blocklist.go:50.88,52.4 1 0
github.com/kubercloud/ani/services/auth-service/internal/service/token_blocklist.go:54.2,54.12 1 1
github.com/kubercloud/ani/services/auth-service/internal/service/token_blocklist.go:57.93,58.15 1 1
github.com/kubercloud/ani/services/auth-service/internal/service/token_blocklist.go:58.15,60.3 1 0
github.com/kubercloud/ani/services/auth-service/internal/service/token_blocklist.go:61.2,61.20 1 1
github.com/kubercloud/ani/services/auth-service/internal/service/token_blocklist.go:61.20,63.17 2 1
github.com/kubercloud/ani/services/auth-service/internal/service/token_blocklist.go:63.17,65.4 1 0
github.com/kubercloud/ani/services/auth-service/internal/service/token_blocklist.go:66.3,66.14 1 1
github.com/kubercloud/ani/services/auth-service/internal/service/token_blocklist.go:66.14,68.4 1 1
github.com/kubercloud/ani/services/auth-service/internal/service/token_blocklist.go:70.2,70.17 1 1
github.com/kubercloud/ani/services/auth-service/internal/service/token_blocklist.go:70.17,72.3 1 1
github.com/kubercloud/ani/services/auth-service/internal/service/token_blocklist.go:74.2,80.35 3 0
github.com/kubercloud/ani/services/auth-service/internal/service/token_blocklist.go:80.35,82.3 1 0
github.com/kubercloud/ani/services/auth-service/internal/service/token_blocklist.go:83.2,83.16 1 0
github.com/kubercloud/ani/services/auth-service/internal/service/token_blocklist.go:83.16,85.3 1 0
github.com/kubercloud/ani/services/auth-service/internal/service/token_blocklist.go:86.2,86.20 1 0
github.com/kubercloud/ani/services/auth-service/internal/service/token_blocklist.go:86.20,88.14 2 0
github.com/kubercloud/ani/services/auth-service/internal/service/token_blocklist.go:88.14,90.4 1 0
github.com/kubercloud/ani/services/auth-service/internal/service/token_blocklist.go:92.2,92.18 1 0
github.com/kubercloud/ani/services/auth-service/internal/service/token_issuer.go:25.54,27.46 2 1
github.com/kubercloud/ani/services/auth-service/internal/service/token_issuer.go:27.46,29.17 2 0
github.com/kubercloud/ani/services/auth-service/internal/service/token_issuer.go:29.17,31.4 1 0
github.com/kubercloud/ani/services/auth-service/internal/service/token_issuer.go:32.3,32.24 1 0
github.com/kubercloud/ani/services/auth-service/internal/service/token_issuer.go:34.2,34.18 1 1
github.com/kubercloud/ani/services/auth-service/internal/service/token_issuer.go:34.18,36.3 1 1
github.com/kubercloud/ani/services/auth-service/internal/service/token_issuer.go:37.2,38.16 2 1
github.com/kubercloud/ani/services/auth-service/internal/service/token_issuer.go:38.16,40.3 1 0
github.com/kubercloud/ani/services/auth-service/internal/service/token_issuer.go:41.2,41.76 1 1
github.com/kubercloud/ani/services/auth-service/internal/service/token_issuer.go:44.101,45.14 1 1
github.com/kubercloud/ani/services/auth-service/internal/service/token_issuer.go:45.14,47.3 1 0
github.com/kubercloud/ani/services/auth-service/internal/service/token_issuer.go:48.2,62.16 5 1
github.com/kubercloud/ani/services/auth-service/internal/service/token_issuer.go:62.16,64.3 1 0
github.com/kubercloud/ani/services/auth-service/internal/service/token_issuer.go:65.2,66.16 2 1
github.com/kubercloud/ani/services/auth-service/internal/service/token_issuer.go:66.16,68.3 1 0
github.com/kubercloud/ani/services/auth-service/internal/service/token_issuer.go:69.2,72.16 4 1
github.com/kubercloud/ani/services/auth-service/internal/service/token_issuer.go:72.16,74.3 1 0
github.com/kubercloud/ani/services/auth-service/internal/service/token_issuer.go:75.2,75.82 1 1
github.com/kubercloud/ani/services/auth-service/internal/service/token_issuer.go:78.65,80.18 2 1
github.com/kubercloud/ani/services/auth-service/internal/service/token_issuer.go:80.18,82.3 1 0
github.com/kubercloud/ani/services/auth-service/internal/service/token_issuer.go:83.2,83.68 1 1
github.com/kubercloud/ani/services/auth-service/internal/service/token_issuer.go:83.68,85.3 1 1
github.com/kubercloud/ani/services/auth-service/internal/service/token_issuer.go:86.2,87.16 2 0
github.com/kubercloud/ani/services/auth-service/internal/service/token_issuer.go:87.16,89.3 1 0
github.com/kubercloud/ani/services/auth-service/internal/service/token_issuer.go:90.2,91.9 2 0
github.com/kubercloud/ani/services/auth-service/internal/service/token_issuer.go:91.9,93.3 1 0
github.com/kubercloud/ani/services/auth-service/internal/service/token_issuer.go:94.2,94.17 1 0
github.com/kubercloud/ani/services/auth-service/internal/service/token_issuer.go:97.43,99.16 2 1
github.com/kubercloud/ani/services/auth-service/internal/service/token_issuer.go:99.16,101.3 1 0
github.com/kubercloud/ani/services/auth-service/internal/service/token_issuer.go:102.2,102.56 1 1
