mode: set
github.com/kubercloud/ani/cli/ani/main.go:42.13,44.2 1 0
github.com/kubercloud/ani/cli/ani/main.go:46.65,53.43 7 1
github.com/kubercloud/ani/cli/ani/main.go:53.43,55.3 1 0
github.com/kubercloud/ani/cli/ani/main.go:56.2,56.18 1 1
github.com/kubercloud/ani/cli/ani/main.go:56.18,57.62 1 1
github.com/kubercloud/ani/cli/ani/main.go:57.62,58.65 1 0
github.com/kubercloud/ani/cli/ani/main.go:58.65,60.5 1 0
github.com/kubercloud/ani/cli/ani/main.go:61.4,61.12 1 0
github.com/kubercloud/ani/cli/ani/main.go:63.3,63.11 1 1
github.com/kubercloud/ani/cli/ani/main.go:65.2,66.16 2 0
github.com/kubercloud/ani/cli/ani/main.go:66.16,67.64 1 0
github.com/kubercloud/ani/cli/ani/main.go:67.64,69.4 1 0
github.com/kubercloud/ani/cli/ani/main.go:70.3,70.11 1 0
github.com/kubercloud/ani/cli/ani/main.go:72.2,73.16 2 0
github.com/kubercloud/ani/cli/ani/main.go:73.16,74.64 1 0
github.com/kubercloud/ani/cli/ani/main.go:74.64,76.4 1 0
github.com/kubercloud/ani/cli/ani/main.go:77.3,77.11 1 0
github.com/kubercloud/ani/cli/ani/main.go:79.2,80.49 2 0
github.com/kubercloud/ani/cli/ani/main.go:80.49,82.3 1 0
github.com/kubercloud/ani/cli/ani/main.go:83.2,83.10 1 0
github.com/kubercloud/ani/cli/ani/main.go:86.58,87.52 1 1
github.com/kubercloud/ani/cli/ani/main.go:88.18,89.78 1 1
github.com/kubercloud/ani/cli/ani/main.go:90.14,98.17 3 1
github.com/kubercloud/ani/cli/ani/main.go:98.17,100.4 1 0
github.com/kubercloud/ani/cli/ani/main.go:101.3,102.30 2 1
github.com/kubercloud/ani/cli/ani/main.go:103.10,104.62 1 0
github.com/kubercloud/ani/cli/ani/main.go:106.2,106.12 1 1
github.com/kubercloud/ani/cli/ani/main.go:109.51,110.19 1 1
github.com/kubercloud/ani/cli/ani/main.go:110.19,112.3 1 0
github.com/kubercloud/ani/cli/ani/main.go:113.2,114.33 2 1
github.com/kubercloud/ani/cli/ani/main.go:114.33,116.3 1 1
github.com/kubercloud/ani/cli/ani/main.go:117.2,119.18 3 1
github.com/kubercloud/ani/cli/ani/main.go:120.19,121.49 1 1
github.com/kubercloud/ani/cli/ani/main.go:122.22,123.53 1 1
github.com/kubercloud/ani/cli/ani/main.go:124.25,125.56 1 1
github.com/kubercloud/ani/cli/ani/main.go:126.33,127.64 1 1
github.com/kubercloud/ani/cli/ani/main.go:128.32,129.63 1 1
github.com/kubercloud/ani/cli/ani/main.go:130.17,131.47 1 1
github.com/kubercloud/ani/cli/ani/main.go:132.21,133.51 1 1
github.com/kubercloud/ani/cli/ani/main.go:134.17,135.47 1 1
github.com/kubercloud/ani/cli/ani/main.go:136.23,137.53 1 1
github.com/kubercloud/ani/cli/ani/main.go:138.25,139.55 1 1
github.com/kubercloud/ani/cli/ani/main.go:140.22,141.52 1 0
github.com/kubercloud/ani/cli/ani/main.go:142.17,143.47 1 0
github.com/kubercloud/ani/cli/ani/main.go:144.27,145.57 1 0
github.com/kubercloud/ani/cli/ani/main.go:146.35,147.65 1 1
github.com/kubercloud/ani/cli/ani/main.go:148.29,149.49 1 1
github.com/kubercloud/ani/cli/ani/main.go:150.24,151.22 1 0
github.com/kubercloud/ani/cli/ani/main.go:151.22,153.4 1 0
github.com/kubercloud/ani/cli/ani/main.go:154.3,154.92 1 0
github.com/kubercloud/ani/cli/ani/main.go:155.10,156.74 1 0
github.com/kubercloud/ani/cli/ani/main.go:160.78,161.22 1 1
github.com/kubercloud/ani/cli/ani/main.go:161.22,163.3 1 0
github.com/kubercloud/ani/cli/ani/main.go:164.2,168.42 5 1
github.com/kubercloud/ani/cli/ani/main.go:168.42,170.3 1 0
github.com/kubercloud/ani/cli/ani/main.go:171.2,172.18 2 1
github.com/kubercloud/ani/cli/ani/main.go:172.18,174.3 1 1
github.com/kubercloud/ani/cli/ani/main.go:175.2,175.19 1 1
github.com/kubercloud/ani/cli/ani/main.go:175.19,177.3 1 1
github.com/kubercloud/ani/cli/ani/main.go:178.2,178.71 1 1
github.com/kubercloud/ani/cli/ani/main.go:181.79,182.21 1 1
github.com/kubercloud/ani/cli/ani/main.go:182.21,184.3 1 0
github.com/kubercloud/ani/cli/ani/main.go:185.2,189.42 5 1
github.com/kubercloud/ani/cli/ani/main.go:189.42,191.3 1 0
github.com/kubercloud/ani/cli/ani/main.go:192.2,192.41 1 1
github.com/kubercloud/ani/cli/ani/main.go:192.41,194.3 1 0
github.com/kubercloud/ani/cli/ani/main.go:195.2,197.21 3 1
github.com/kubercloud/ani/cli/ani/main.go:197.21,199.3 1 1
github.com/kubercloud/ani/cli/ani/main.go:200.2,200.89 1 1
github.com/kubercloud/ani/cli/ani/main.go:203.115,204.19 1 1
github.com/kubercloud/ani/cli/ani/main.go:204.19,206.3 1 0
github.com/kubercloud/ani/cli/ani/main.go:207.2,210.50 4 1
github.com/kubercloud/ani/cli/ani/main.go:210.50,212.3 1 0
github.com/kubercloud/ani/cli/ani/main.go:213.2,214.20 2 1
github.com/kubercloud/ani/cli/ani/main.go:214.20,216.3 1 0
github.com/kubercloud/ani/cli/ani/main.go:217.2,218.16 2 1
github.com/kubercloud/ani/cli/ani/main.go:218.16,220.3 1 0
github.com/kubercloud/ani/cli/ani/main.go:221.2,221.17 1 1
github.com/kubercloud/ani/cli/ani/main.go:221.17,223.3 1 1
github.com/kubercloud/ani/cli/ani/main.go:224.2,224.20 1 1
github.com/kubercloud/ani/cli/ani/main.go:224.20,226.3 1 0
github.com/kubercloud/ani/cli/ani/main.go:227.2,228.16 2 1
github.com/kubercloud/ani/cli/ani/main.go:228.16,230.3 1 0
github.com/kubercloud/ani/cli/ani/main.go:231.2,233.16 3 1
github.com/kubercloud/ani/cli/ani/main.go:233.16,235.3 1 0
github.com/kubercloud/ani/cli/ani/main.go:236.2,236.21 1 1
github.com/kubercloud/ani/cli/ani/main.go:236.21,238.3 1 0
github.com/kubercloud/ani/cli/ani/main.go:239.2,239.53 1 1
github.com/kubercloud/ani/cli/ani/main.go:239.53,241.3 1 0
github.com/kubercloud/ani/cli/ani/main.go:242.2,242.26 1 1
github.com/kubercloud/ani/cli/ani/main.go:245.55,246.61 1 1
github.com/kubercloud/ani/cli/ani/main.go:246.61,248.3 1 0
github.com/kubercloud/ani/cli/ani/main.go:249.2,249.17 1 1
github.com/kubercloud/ani/pkg/adapters/nats/message_bus.go:17.60,19.2 1 0
github.com/kubercloud/ani/pkg/adapters/nats/message_bus.go:21.111,22.24 1 0
github.com/kubercloud/ani/pkg/adapters/nats/message_bus.go:22.24,24.3 1 0
github.com/kubercloud/ani/pkg/adapters/nats/message_bus.go:25.2,26.20 2 0
github.com/kubercloud/ani/pkg/adapters/nats/message_bus.go:26.20,28.3 1 0
github.com/kubercloud/ani/pkg/adapters/nats/message_bus.go:29.2,30.16 2 0
github.com/kubercloud/ani/pkg/adapters/nats/message_bus.go:30.16,32.3 1 0
github.com/kubercloud/ani/pkg/adapters/nats/message_bus.go:33.2,33.12 1 0
github.com/kubercloud/ani/pkg/adapters/nats/message_bus.go:36.140,37.24 1 0
github.com/kubercloud/ani/pkg/adapters/nats/message_bus.go:37.24,39.3 1 0
github.com/kubercloud/ani/pkg/adapters/nats/message_bus.go:40.2,41.25 2 0
github.com/kubercloud/ani/pkg/adapters/nats/message_bus.go:41.25,43.3 1 0
github.com/kubercloud/ani/pkg/adapters/nats/message_bus.go:44.2,44.26 1 0
github.com/kubercloud/ani/pkg/adapters/nats/message_bus.go:44.26,46.3 1 0
github.com/kubercloud/ani/pkg/adapters/nats/message_bus.go:47.2,47.39 1 0
github.com/kubercloud/ani/pkg/adapters/nats/message_bus.go:47.39,49.3 1 0
github.com/kubercloud/ani/pkg/adapters/nats/message_bus.go:50.2,54.22 2 0
github.com/kubercloud/ani/pkg/adapters/nats/message_bus.go:54.22,56.3 1 0
github.com/kubercloud/ani/pkg/adapters/nats/message_bus.go:56.8,58.3 1 0
github.com/kubercloud/ani/pkg/adapters/nats/message_bus.go:59.2,59.16 1 0
github.com/kubercloud/ani/pkg/adapters/nats/message_bus.go:59.16,61.3 1 0
github.com/kubercloud/ani/pkg/adapters/nats/message_bus.go:62.2,62.36 1 0
github.com/kubercloud/ani/pkg/adapters/nats/message_bus.go:69.35,71.2 1 0
github.com/kubercloud/ani/pkg/adapters/nats/message_bus.go:73.32,75.2 1 0
github.com/kubercloud/ani/pkg/adapters/nats/message_bus.go:77.45,79.2 1 0
github.com/kubercloud/ani/pkg/adapters/nats/message_bus.go:81.46,83.2 1 0
github.com/kubercloud/ani/pkg/adapters/nats/message_bus.go:89.52,91.2 1 0
github.com/kubercloud/ani/pkg/adapters/gpu/not_configured.go:11.111,13.2 1 0
github.com/kubercloud/ani/pkg/adapters/gpu/not_configured.go:15.88,17.2 1 0
github.com/kubercloud/ani/pkg/adapters/gpu/not_configured.go:19.119,21.2 1 0
github.com/kubercloud/ani/pkg/adapters/identity/not_configured.go:13.44,15.2 1 0
github.com/kubercloud/ani/pkg/adapters/identity/not_configured.go:17.91,19.2 1 0
github.com/kubercloud/ani/pkg/adapters/identity/not_configured.go:21.81,23.2 1 0
github.com/kubercloud/ani/pkg/adapters/registry/local_image_registry.go:24.71,25.44 1 1
github.com/kubercloud/ani/pkg/adapters/registry/local_image_registry.go:25.44,26.17 1 1
github.com/kubercloud/ani/pkg/adapters/registry/local_image_registry.go:26.17,28.4 1 1
github.com/kubercloud/ani/pkg/adapters/registry/local_image_registry.go:32.85,34.33 1 1
github.com/kubercloud/ani/pkg/adapters/registry/local_image_registry.go:34.33,34.60 1 0
github.com/kubercloud/ani/pkg/adapters/registry/local_image_registry.go:40.2,40.33 1 1
github.com/kubercloud/ani/pkg/adapters/registry/local_image_registry.go:40.33,42.3 1 1
github.com/kubercloud/ani/pkg/adapters/registry/local_image_registry.go:43.2,43.17 1 1
github.com/kubercloud/ani/pkg/adapters/registry/local_image_registry.go:46.86,48.20 2 1
github.com/kubercloud/ani/pkg/adapters/registry/local_image_registry.go:48.20,50.3 1 0
github.com/kubercloud/ani/pkg/adapters/registry/local_image_registry.go:51.2,54.12 4 1
github.com/kubercloud/ani/pkg/adapters/registry/local_image_registry.go:57.132,60.20 3 1
github.com/kubercloud/ani/pkg/adapters/registry/local_image_registry.go:60.20,62.3 1 0
github.com/kubercloud/ani/pkg/adapters/registry/local_image_registry.go:63.2,63.16 1 1
github.com/kubercloud/ani/pkg/adapters/registry/local_image_registry.go:63.16,65.3 1 0
github.com/kubercloud/ani/pkg/adapters/registry/local_image_registry.go:66.2,66.22 1 1
github.com/kubercloud/ani/pkg/adapters/registry/local_image_registry.go:66.22,68.3 1 0
github.com/kubercloud/ani/pkg/adapters/registry/local_image_registry.go:69.2,70.16 2 1
github.com/kubercloud/ani/pkg/adapters/registry/local_image_registry.go:70.16,72.3 1 0
github.com/kubercloud/ani/pkg/adapters/registry/local_image_registry.go:73.2,75.49 3 1
github.com/kubercloud/ani/pkg/adapters/registry/local_image_registry.go:75.49,79.3 3 0
github.com/kubercloud/ani/pkg/adapters/registry/local_image_registry.go:80.2,85.21 6 1
github.com/kubercloud/ani/pkg/adapters/registry/local_image_registry.go:88.145,90.20 2 1
github.com/kubercloud/ani/pkg/adapters/registry/local_image_registry.go:90.20,92.3 1 0
github.com/kubercloud/ani/pkg/adapters/registry/local_image_registry.go:93.2,100.8 5 1
github.com/kubercloud/ani/pkg/adapters/registry/local_image_registry.go:103.155,104.81 1 1
github.com/kubercloud/ani/pkg/adapters/registry/local_image_registry.go:104.81,106.3 1 0
github.com/kubercloud/ani/pkg/adapters/registry/local_image_registry.go:107.2,117.97 5 1
github.com/kubercloud/ani/pkg/adapters/registry/local_image_registry.go:117.97,120.3 2 0
github.com/kubercloud/ani/pkg/adapters/registry/local_image_registry.go:121.2,124.8 1 1
github.com/kubercloud/ani/pkg/adapters/registry/local_image_registry.go:127.148,128.81 1 1
github.com/kubercloud/ani/pkg/adapters/registry/local_image_registry.go:128.81,130.3 1 0
github.com/kubercloud/ani/pkg/adapters/registry/local_image_registry.go:131.2,131.49 1 1
github.com/kubercloud/ani/pkg/adapters/registry/local_image_registry.go:131.49,133.3 1 0
github.com/kubercloud/ani/pkg/adapters/registry/local_image_registry.go:134.2,152.8 6 1
github.com/kubercloud/ani/pkg/adapters/registry/local_image_registry.go:155.148,156.81 1 1
github.com/kubercloud/ani/pkg/adapters/registry/local_image_registry.go:156.81,158.3 1 0
github.com/kubercloud/ani/pkg/adapters/registry/local_image_registry.go:159.2,159.49 1 1
github.com/kubercloud/ani/pkg/adapters/registry/local_image_registry.go:159.49,161.3 1 0
github.com/kubercloud/ani/pkg/adapters/registry/local_image_registry.go:162.2,162.46 1 1
github.com/kubercloud/ani/pkg/adapters/registry/local_image_registry.go:162.46,164.3 1 0
github.com/kubercloud/ani/pkg/adapters/registry/local_image_registry.go:165.2,165.31 1 1
github.com/kubercloud/ani/pkg/adapters/registry/local_image_registry.go:165.31,167.3 1 0
github.com/kubercloud/ani/pkg/adapters/registry/local_image_registry.go:168.2,169.16 2 1
github.com/kubercloud/ani/pkg/adapters/registry/local_image_registry.go:169.16,171.3 1 0
github.com/kubercloud/ani/pkg/adapters/registry/local_image_registry.go:172.2,174.43 3 1
github.com/kubercloud/ani/pkg/adapters/registry/local_image_registry.go:174.43,179.3 4 1
github.com/kubercloud/ani/pkg/adapters/registry/local_image_registry.go:180.2,193.24 6 1
github.com/kubercloud/ani/pkg/adapters/registry/local_image_registry.go:196.138,197.47 1 1
github.com/kubercloud/ani/pkg/adapters/registry/local_image_registry.go:197.47,199.3 1 0
github.com/kubercloud/ani/pkg/adapters/registry/local_image_registry.go:200.2,200.44 1 1
github.com/kubercloud/ani/pkg/adapters/registry/local_image_registry.go:200.44,202.3 1 0
github.com/kubercloud/ani/pkg/adapters/registry/local_image_registry.go:203.2,206.66 4 1
github.com/kubercloud/ani/pkg/adapters/registry/local_image_registry.go:209.141,210.81 1 1
github.com/kubercloud/ani/pkg/adapters/registry/local_image_registry.go:210.81,212.3 1 0
github.com/kubercloud/ani/pkg/adapters/registry/local_image_registry.go:213.2,214.16 2 1
github.com/kubercloud/ani/pkg/adapters/registry/local_image_registry.go:214.16,216.3 1 0
github.com/kubercloud/ani/pkg/adapters/registry/local_image_registry.go:217.2,218.16 2 1
github.com/kubercloud/ani/pkg/adapters/registry/local_image_registry.go:218.16,220.3 1 0
github.com/kubercloud/ani/pkg/adapters/registry/local_image_registry.go:221.2,223.43 3 1
github.com/kubercloud/ani/pkg/adapters/registry/local_image_registry.go:223.43,228.3 4 0
github.com/kubercloud/ani/pkg/adapters/registry/local_image_registry.go:229.2,244.20 6 1
github.com/kubercloud/ani/pkg/adapters/registry/local_image_registry.go:247.159,248.81 1 1
github.com/kubercloud/ani/pkg/adapters/registry/local_image_registry.go:248.81,250.3 1 0
github.com/kubercloud/ani/pkg/adapters/registry/local_image_registry.go:251.2,266.8 4 1
github.com/kubercloud/ani/pkg/adapters/registry/local_image_registry.go:269.105,275.16 2 0
github.com/kubercloud/ani/pkg/adapters/registry/local_image_registry.go:275.16,277.3 1 0
github.com/kubercloud/ani/pkg/adapters/registry/local_image_registry.go:278.2,279.43 2 0
github.com/kubercloud/ani/pkg/adapters/registry/local_image_registry.go:279.43,280.37 1 0
github.com/kubercloud/ani/pkg/adapters/registry/local_image_registry.go:280.37,282.4 1 0
github.com/kubercloud/ani/pkg/adapters/registry/local_image_registry.go:284.2,284.18 1 0
github.com/kubercloud/ani/pkg/adapters/registry/local_image_registry.go:287.116,290.16 3 0
github.com/kubercloud/ani/pkg/adapters/registry/local_image_registry.go:290.16,292.3 1 0
github.com/kubercloud/ani/pkg/adapters/registry/local_image_registry.go:293.2,301.8 1 0
github.com/kubercloud/ani/pkg/adapters/registry/local_image_registry.go:304.89,305.45 1 1
github.com/kubercloud/ani/pkg/adapters/registry/local_image_registry.go:305.45,307.3 1 1
github.com/kubercloud/ani/pkg/adapters/registry/local_image_registry.go:308.2,317.16 3 1
github.com/kubercloud/ani/pkg/adapters/registry/local_image_registry.go:320.86,333.2 1 1
github.com/kubercloud/ani/pkg/adapters/registry/local_image_registry.go:335.60,338.20 3 1
github.com/kubercloud/ani/pkg/adapters/registry/local_image_registry.go:338.20,340.3 1 0
github.com/kubercloud/ani/pkg/adapters/registry/local_image_registry.go:341.2,341.19 1 1
github.com/kubercloud/ani/pkg/adapters/registry/local_image_registry.go:341.19,343.3 1 0
github.com/kubercloud/ani/pkg/adapters/registry/local_image_registry.go:344.2,344.25 1 1
github.com/kubercloud/ani/pkg/adapters/registry/local_image_registry.go:344.25,346.3 1 0
github.com/kubercloud/ani/pkg/adapters/registry/local_image_registry.go:347.2,347.12 1 1
github.com/kubercloud/ani/pkg/adapters/registry/local_image_registry.go:350.67,353.20 3 1
github.com/kubercloud/ani/pkg/adapters/registry/local_image_registry.go:353.20,355.3 1 0
github.com/kubercloud/ani/pkg/adapters/registry/local_image_registry.go:356.2,356.15 1 1
github.com/kubercloud/ani/pkg/adapters/registry/local_image_registry.go:356.15,358.3 1 0
github.com/kubercloud/ani/pkg/adapters/registry/local_image_registry.go:359.2,359.34 1 1
github.com/kubercloud/ani/pkg/adapters/registry/local_image_registry.go:362.64,364.2 1 1
github.com/kubercloud/ani/pkg/adapters/registry/local_image_registry.go:366.92,369.2 2 1
github.com/kubercloud/ani/pkg/adapters/registry/local_image_registry.go:371.48,378.2 1 1
github.com/kubercloud/ani/pkg/adapters/registry/not_configured.go:13.67,15.2 1 0
github.com/kubercloud/ani/pkg/adapters/registry/not_configured.go:17.82,19.2 1 0
github.com/kubercloud/ani/pkg/adapters/registry/not_configured.go:21.100,23.2 1 0
github.com/kubercloud/ani/pkg/adapters/registry/not_configured.go:25.114,27.2 1 0
github.com/kubercloud/ani/pkg/adapters/registry/not_configured.go:29.127,31.2 1 0
github.com/kubercloud/ani/pkg/adapters/registry/not_configured.go:33.137,35.2 1 0
github.com/kubercloud/ani/pkg/adapters/registry/not_configured.go:37.130,39.2 1 0
github.com/kubercloud/ani/pkg/adapters/registry/not_configured.go:41.130,43.2 1 0
github.com/kubercloud/ani/pkg/adapters/registry/not_configured.go:45.120,47.2 1 0
github.com/kubercloud/ani/pkg/adapters/registry/not_configured.go:49.123,51.2 1 0
github.com/kubercloud/ani/pkg/adapters/registry/not_configured.go:53.141,55.2 1 0
github.com/kubercloud/ani/pkg/adapters/resilience/degradation.go:10.52,11.14 1 1
github.com/kubercloud/ani/pkg/adapters/resilience/degradation.go:12.38,13.24 1 1
github.com/kubercloud/ani/pkg/adapters/resilience/degradation.go:14.10,15.26 1 1
github.com/kubercloud/ani/pkg/adapters/resilience/degradation.go:19.39,21.2 1 0
github.com/kubercloud/ani/pkg/adapters/resilience/resilience.go:34.99,42.2 1 1
github.com/kubercloud/ani/pkg/adapters/resilience/resilience.go:44.38,46.18 2 0
github.com/kubercloud/ani/pkg/adapters/resilience/resilience.go:46.18,48.3 1 0
github.com/kubercloud/ani/pkg/adapters/resilience/resilience.go:49.2,50.18 2 0
github.com/kubercloud/ani/pkg/adapters/resilience/resilience.go:50.18,52.3 1 0
github.com/kubercloud/ani/pkg/adapters/resilience/resilience.go:53.2,53.35 1 0
github.com/kubercloud/ani/pkg/adapters/resilience/resilience.go:56.32,57.16 1 1
github.com/kubercloud/ani/pkg/adapters/resilience/resilience.go:57.16,59.3 1 1
github.com/kubercloud/ani/pkg/adapters/resilience/resilience.go:60.2,60.38 1 1
github.com/kubercloud/ani/pkg/adapters/resilience/resilience.go:60.38,62.3 1 0
github.com/kubercloud/ani/pkg/adapters/resilience/resilience.go:63.2,63.46 1 1
github.com/kubercloud/ani/pkg/adapters/resilience/resilience.go:63.46,65.3 1 1
github.com/kubercloud/ani/pkg/adapters/resilience/resilience.go:66.2,67.32 2 1
github.com/kubercloud/ani/pkg/adapters/resilience/resilience.go:67.32,69.3 1 1
github.com/kubercloud/ani/pkg/adapters/resilience/resilience.go:70.2,71.28 2 1
github.com/kubercloud/ani/pkg/adapters/resilience/resilience.go:71.28,73.3 1 1
github.com/kubercloud/ani/pkg/adapters/resilience/resilience.go:74.2,75.29 2 0
github.com/kubercloud/ani/pkg/adapters/resilience/resilience.go:75.29,76.23 1 0
github.com/kubercloud/ani/pkg/adapters/resilience/resilience.go:76.23,78.4 1 0
github.com/kubercloud/ani/pkg/adapters/resilience/resilience.go:79.3,82.61 2 0
github.com/kubercloud/ani/pkg/adapters/resilience/resilience.go:82.61,84.4 1 0
github.com/kubercloud/ani/pkg/adapters/resilience/resilience.go:86.2,86.14 1 0
github.com/kubercloud/ani/pkg/adapters/resilience/resilience.go:89.83,91.73 2 1
github.com/kubercloud/ani/pkg/adapters/resilience/resilience.go:91.73,93.3 1 1
github.com/kubercloud/ani/pkg/adapters/resilience/resilience.go:95.2,96.19 2 1
github.com/kubercloud/ani/pkg/adapters/resilience/resilience.go:96.19,98.3 1 1
github.com/kubercloud/ani/pkg/adapters/resilience/resilience.go:99.2,100.51 2 1
github.com/kubercloud/ani/pkg/adapters/resilience/resilience.go:100.51,101.35 1 1
github.com/kubercloud/ani/pkg/adapters/resilience/resilience.go:101.35,102.22 1 0
github.com/kubercloud/ani/pkg/adapters/resilience/resilience.go:102.22,104.5 1 0
github.com/kubercloud/ani/pkg/adapters/resilience/resilience.go:105.4,105.14 1 0
github.com/kubercloud/ani/pkg/adapters/resilience/resilience.go:108.3,109.17 2 1
github.com/kubercloud/ani/pkg/adapters/resilience/resilience.go:109.17,110.22 1 1
github.com/kubercloud/ani/pkg/adapters/resilience/resilience.go:110.22,112.5 1 0
github.com/kubercloud/ani/pkg/adapters/resilience/resilience.go:113.4,113.14 1 1
github.com/kubercloud/ani/pkg/adapters/resilience/resilience.go:115.3,116.45 2 1
github.com/kubercloud/ani/pkg/adapters/resilience/resilience.go:116.45,117.22 1 1
github.com/kubercloud/ani/pkg/adapters/resilience/resilience.go:117.22,119.5 1 1
github.com/kubercloud/ani/pkg/adapters/resilience/resilience.go:120.4,120.14 1 1
github.com/kubercloud/ani/pkg/adapters/resilience/resilience.go:122.3,122.60 1 1
github.com/kubercloud/ani/pkg/adapters/resilience/resilience.go:122.60,123.22 1 0
github.com/kubercloud/ani/pkg/adapters/resilience/resilience.go:123.22,125.5 1 0
github.com/kubercloud/ani/pkg/adapters/resilience/resilience.go:126.4,126.14 1 0
github.com/kubercloud/ani/pkg/adapters/resilience/resilience.go:129.2,129.20 1 0
github.com/kubercloud/ani/pkg/adapters/resilience/resilience.go:129.20,131.3 1 0
github.com/kubercloud/ani/pkg/adapters/resilience/resilience.go:132.2,132.16 1 0
github.com/kubercloud/ani/pkg/adapters/resilience/resilience.go:135.95,136.18 1 1
github.com/kubercloud/ani/pkg/adapters/resilience/resilience.go:136.18,138.3 1 1
github.com/kubercloud/ani/pkg/adapters/resilience/resilience.go:139.2,141.20 3 1
github.com/kubercloud/ani/pkg/adapters/resilience/resilience.go:144.74,146.16 2 1
github.com/kubercloud/ani/pkg/adapters/resilience/resilience.go:146.16,148.3 1 0
github.com/kubercloud/ani/pkg/adapters/resilience/resilience.go:149.2,149.31 1 1
github.com/kubercloud/ani/pkg/adapters/resilience/resilience.go:149.31,151.58 2 0
github.com/kubercloud/ani/pkg/adapters/resilience/resilience.go:151.58,153.9 2 0
github.com/kubercloud/ani/pkg/adapters/resilience/resilience.go:156.2,158.9 3 1
github.com/kubercloud/ani/pkg/adapters/resilience/resilience.go:159.20,160.19 1 0
github.com/kubercloud/ani/pkg/adapters/resilience/resilience.go:161.17,162.13 1 1
github.com/kubercloud/ani/pkg/adapters/resilience/resilience.go:176.48,177.104 1 1
github.com/kubercloud/ani/pkg/adapters/resilience/resilience.go:177.104,179.3 1 1
github.com/kubercloud/ani/pkg/adapters/resilience/resilience.go:180.2,181.32 2 1
github.com/kubercloud/ani/pkg/adapters/resilience/resilience.go:184.76,187.25 3 1
github.com/kubercloud/ani/pkg/adapters/resilience/resilience.go:187.25,189.3 1 1
github.com/kubercloud/ani/pkg/adapters/resilience/resilience.go:190.2,190.54 1 1
github.com/kubercloud/ani/pkg/adapters/resilience/resilience.go:190.54,193.3 2 0
github.com/kubercloud/ani/pkg/adapters/resilience/resilience.go:194.2,194.14 1 1
github.com/kubercloud/ani/pkg/adapters/resilience/resilience.go:197.77,200.16 3 1
github.com/kubercloud/ani/pkg/adapters/resilience/resilience.go:200.16,201.14 1 0
github.com/kubercloud/ani/pkg/adapters/resilience/resilience.go:201.14,207.4 5 0
github.com/kubercloud/ani/pkg/adapters/resilience/resilience.go:208.3,210.9 3 0
github.com/kubercloud/ani/pkg/adapters/resilience/resilience.go:212.2,212.26 1 1
github.com/kubercloud/ani/pkg/adapters/resilience/resilience.go:212.26,214.3 1 0
github.com/kubercloud/ani/pkg/adapters/resilience/resilience.go:215.2,216.14 2 1
github.com/kubercloud/ani/pkg/adapters/resilience/resilience.go:216.14,218.3 1 1
github.com/kubercloud/ani/pkg/adapters/resilience/resilience.go:219.2,219.104 1 1
github.com/kubercloud/ani/pkg/adapters/resilience/resilience.go:219.104,221.3 1 1
github.com/kubercloud/ani/pkg/adapters/postgres/metadata_store.go:19.58,21.2 1 0
github.com/kubercloud/ani/pkg/adapters/postgres/metadata_store.go:23.57,25.2 1 0
github.com/kubercloud/ani/pkg/adapters/postgres/metadata_store.go:27.115,29.16 2 0
github.com/kubercloud/ani/pkg/adapters/postgres/metadata_store.go:29.16,31.3 1 0
github.com/kubercloud/ani/pkg/adapters/postgres/metadata_store.go:32.2,32.15 1 0
github.com/kubercloud/ani/pkg/adapters/postgres/metadata_store.go:32.15,32.39 1 0
github.com/kubercloud/ani/pkg/adapters/postgres/metadata_store.go:34.2,34.51 1 0
github.com/kubercloud/ani/pkg/adapters/postgres/metadata_store.go:34.51,36.3 1 0
github.com/kubercloud/ani/pkg/adapters/postgres/metadata_store.go:37.2,37.51 1 0
github.com/kubercloud/ani/pkg/adapters/postgres/metadata_store.go:37.51,39.3 1 0
github.com/kubercloud/ani/pkg/adapters/postgres/metadata_store.go:40.2,40.39 1 0
github.com/kubercloud/ani/pkg/adapters/postgres/metadata_store.go:40.39,42.3 1 0
github.com/kubercloud/ani/pkg/adapters/postgres/metadata_store.go:43.2,43.12 1 0
github.com/kubercloud/ani/pkg/adapters/postgres/metadata_store.go:46.117,48.16 2 0
github.com/kubercloud/ani/pkg/adapters/postgres/metadata_store.go:48.16,50.3 1 0
github.com/kubercloud/ani/pkg/adapters/postgres/metadata_store.go:51.2,51.15 1 0
github.com/kubercloud/ani/pkg/adapters/postgres/metadata_store.go:51.15,51.39 1 0
github.com/kubercloud/ani/pkg/adapters/postgres/metadata_store.go:53.2,53.51 1 0
github.com/kubercloud/ani/pkg/adapters/postgres/metadata_store.go:53.51,55.3 1 0
github.com/kubercloud/ani/pkg/adapters/postgres/metadata_store.go:56.2,56.39 1 0
github.com/kubercloud/ani/pkg/adapters/postgres/metadata_store.go:56.39,58.3 1 0
github.com/kubercloud/ani/pkg/adapters/postgres/metadata_store.go:59.2,59.12 1 0
github.com/kubercloud/ani/pkg/adapters/postgres/metadata_store.go:66.97,68.16 2 0
github.com/kubercloud/ani/pkg/adapters/postgres/metadata_store.go:68.16,70.3 1 0
github.com/kubercloud/ani/pkg/adapters/postgres/metadata_store.go:71.2,71.64 1 0
github.com/kubercloud/ani/pkg/adapters/postgres/metadata_store.go:74.92,76.16 2 0
github.com/kubercloud/ani/pkg/adapters/postgres/metadata_store.go:76.16,78.3 1 0
github.com/kubercloud/ani/pkg/adapters/postgres/metadata_store.go:79.2,79.37 1 0
github.com/kubercloud/ani/pkg/adapters/postgres/metadata_store.go:82.85,84.2 1 0
github.com/kubercloud/ani/pkg/adapters/postgres/metadata_store.go:90.30,92.2 1 0
github.com/kubercloud/ani/pkg/adapters/postgres/metadata_store.go:94.34,96.2 1 0
github.com/kubercloud/ani/pkg/adapters/postgres/metadata_store.go:98.34,100.2 1 0
github.com/kubercloud/ani/pkg/adapters/postgres/metadata_store.go:102.46,104.2 1 0
github.com/kubercloud/ani/pkg/adapters/redis/cache_store.go:19.64,21.2 1 0
github.com/kubercloud/ani/pkg/adapters/redis/cache_store.go:23.75,25.33 2 0
github.com/kubercloud/ani/pkg/adapters/redis/cache_store.go:25.33,27.3 1 0
github.com/kubercloud/ani/pkg/adapters/redis/cache_store.go:28.2,28.16 1 0
github.com/kubercloud/ani/pkg/adapters/redis/cache_store.go:28.16,30.3 1 0
github.com/kubercloud/ani/pkg/adapters/redis/cache_store.go:31.2,31.19 1 0
github.com/kubercloud/ani/pkg/adapters/redis/cache_store.go:34.98,35.65 1 0
github.com/kubercloud/ani/pkg/adapters/redis/cache_store.go:35.65,37.3 1 0
github.com/kubercloud/ani/pkg/adapters/redis/cache_store.go:38.2,38.12 1 0
github.com/kubercloud/ani/pkg/adapters/redis/cache_store.go:41.108,43.16 2 0
github.com/kubercloud/ani/pkg/adapters/redis/cache_store.go:43.16,45.3 1 0
github.com/kubercloud/ani/pkg/adapters/redis/cache_store.go:46.2,46.16 1 0
github.com/kubercloud/ani/pkg/adapters/redis/cache_store.go:49.68,50.53 1 0
github.com/kubercloud/ani/pkg/adapters/redis/cache_store.go:50.53,52.3 1 0
github.com/kubercloud/ani/pkg/adapters/redis/cache_store.go:53.2,53.12 1 0
github.com/kubercloud/ani/pkg/adapters/redis/cache_store.go:56.99,59.13 3 0
github.com/kubercloud/ani/pkg/adapters/redis/cache_store.go:59.13,61.3 1 0
github.com/kubercloud/ani/pkg/adapters/redis/cache_store.go:62.2,62.42 1 0
github.com/kubercloud/ani/pkg/adapters/redis/cache_store.go:62.42,64.3 1 0
github.com/kubercloud/ani/pkg/adapters/redis/cache_store.go:65.2,65.24 1 0
github.com/kubercloud/ani/pkg/adapters/redis/cache_store.go:68.76,70.16 2 0
github.com/kubercloud/ani/pkg/adapters/redis/cache_store.go:70.16,72.3 1 0
github.com/kubercloud/ani/pkg/adapters/redis/cache_store.go:73.2,73.23 1 0
github.com/kubercloud/ani/pkg/adapters/objectstore/minio_store.go:62.84,64.16 2 1
github.com/kubercloud/ani/pkg/adapters/objectstore/minio_store.go:64.16,66.3 1 0
github.com/kubercloud/ani/pkg/adapters/objectstore/minio_store.go:67.2,69.52 3 1
github.com/kubercloud/ani/pkg/adapters/objectstore/minio_store.go:69.52,71.17 2 1
github.com/kubercloud/ani/pkg/adapters/objectstore/minio_store.go:71.17,73.4 1 0
github.com/kubercloud/ani/pkg/adapters/objectstore/minio_store.go:75.2,77.48 3 1
github.com/kubercloud/ani/pkg/adapters/objectstore/minio_store.go:77.48,79.3 1 0
github.com/kubercloud/ani/pkg/adapters/objectstore/minio_store.go:80.2,81.18 2 1
github.com/kubercloud/ani/pkg/adapters/objectstore/minio_store.go:81.18,83.3 1 1
github.com/kubercloud/ani/pkg/adapters/objectstore/minio_store.go:84.2,85.19 2 1
github.com/kubercloud/ani/pkg/adapters/objectstore/minio_store.go:85.19,87.3 1 1
github.com/kubercloud/ani/pkg/adapters/objectstore/minio_store.go:88.2,89.16 2 1
github.com/kubercloud/ani/pkg/adapters/objectstore/minio_store.go:89.16,90.26 1 0
github.com/kubercloud/ani/pkg/adapters/objectstore/minio_store.go:90.26,90.53 1 0
github.com/kubercloud/ani/pkg/adapters/objectstore/minio_store.go:92.2,104.8 1 1
github.com/kubercloud/ani/pkg/adapters/objectstore/minio_store.go:107.62,113.16 6 1
github.com/kubercloud/ani/pkg/adapters/objectstore/minio_store.go:113.16,115.3 1 0
github.com/kubercloud/ani/pkg/adapters/objectstore/minio_store.go:116.2,117.16 2 1
github.com/kubercloud/ani/pkg/adapters/objectstore/minio_store.go:117.16,119.3 1 0
github.com/kubercloud/ani/pkg/adapters/objectstore/minio_store.go:120.2,121.53 2 1
github.com/kubercloud/ani/pkg/adapters/objectstore/minio_store.go:121.53,123.3 1 0
github.com/kubercloud/ani/pkg/adapters/objectstore/minio_store.go:124.2,124.12 1 1
github.com/kubercloud/ani/pkg/adapters/objectstore/minio_store.go:127.93,129.16 2 1
github.com/kubercloud/ani/pkg/adapters/objectstore/minio_store.go:129.16,131.3 1 0
github.com/kubercloud/ani/pkg/adapters/objectstore/minio_store.go:132.2,133.16 2 1
github.com/kubercloud/ani/pkg/adapters/objectstore/minio_store.go:133.16,135.3 1 0
github.com/kubercloud/ani/pkg/adapters/objectstore/minio_store.go:136.2,137.16 2 1
github.com/kubercloud/ani/pkg/adapters/objectstore/minio_store.go:137.16,139.3 1 1
github.com/kubercloud/ani/pkg/adapters/objectstore/minio_store.go:140.2,141.61 2 1
github.com/kubercloud/ani/pkg/adapters/objectstore/minio_store.go:141.61,143.3 1 1
github.com/kubercloud/ani/pkg/adapters/objectstore/minio_store.go:144.2,144.48 1 1
github.com/kubercloud/ani/pkg/adapters/objectstore/minio_store.go:144.48,146.3 1 0
github.com/kubercloud/ani/pkg/adapters/objectstore/minio_store.go:148.2,149.16 2 1
github.com/kubercloud/ani/pkg/adapters/objectstore/minio_store.go:149.16,151.3 1 0
github.com/kubercloud/ani/pkg/adapters/objectstore/minio_store.go:152.2,153.16 2 1
github.com/kubercloud/ani/pkg/adapters/objectstore/minio_store.go:153.16,155.3 1 0
github.com/kubercloud/ani/pkg/adapters/objectstore/minio_store.go:156.2,157.106 2 1
github.com/kubercloud/ani/pkg/adapters/objectstore/minio_store.go:157.106,159.3 1 1
github.com/kubercloud/ani/pkg/adapters/objectstore/minio_store.go:160.2,160.60 1 0
github.com/kubercloud/ani/pkg/adapters/objectstore/minio_store.go:163.117,164.23 1 0
github.com/kubercloud/ani/pkg/adapters/objectstore/minio_store.go:164.23,166.3 1 0
github.com/kubercloud/ani/pkg/adapters/objectstore/minio_store.go:167.2,168.16 2 0
github.com/kubercloud/ani/pkg/adapters/objectstore/minio_store.go:168.16,170.3 1 0
github.com/kubercloud/ani/pkg/adapters/objectstore/minio_store.go:171.2,172.16 2 0
github.com/kubercloud/ani/pkg/adapters/objectstore/minio_store.go:172.16,174.3 1 0
github.com/kubercloud/ani/pkg/adapters/objectstore/minio_store.go:175.2,177.16 3 0
github.com/kubercloud/ani/pkg/adapters/objectstore/minio_store.go:177.16,179.3 1 0
github.com/kubercloud/ani/pkg/adapters/objectstore/minio_store.go:180.2,180.76 1 0
github.com/kubercloud/ani/pkg/adapters/objectstore/minio_store.go:180.76,182.3 1 0
github.com/kubercloud/ani/pkg/adapters/objectstore/minio_store.go:183.2,184.16 2 0
github.com/kubercloud/ani/pkg/adapters/objectstore/minio_store.go:184.16,186.3 1 0
github.com/kubercloud/ani/pkg/adapters/objectstore/minio_store.go:187.2,188.53 2 0
github.com/kubercloud/ani/pkg/adapters/objectstore/minio_store.go:188.53,190.3 1 0
github.com/kubercloud/ani/pkg/adapters/objectstore/minio_store.go:191.2,197.8 1 0
github.com/kubercloud/ani/pkg/adapters/objectstore/minio_store.go:200.125,202.16 2 0
github.com/kubercloud/ani/pkg/adapters/objectstore/minio_store.go:202.16,204.3 1 0
github.com/kubercloud/ani/pkg/adapters/objectstore/minio_store.go:205.2,206.16 2 0
github.com/kubercloud/ani/pkg/adapters/objectstore/minio_store.go:206.16,208.3 1 0
github.com/kubercloud/ani/pkg/adapters/objectstore/minio_store.go:209.2,210.16 2 0
github.com/kubercloud/ani/pkg/adapters/objectstore/minio_store.go:210.16,212.3 1 0
github.com/kubercloud/ani/pkg/adapters/objectstore/minio_store.go:213.2,213.53 1 0
github.com/kubercloud/ani/pkg/adapters/objectstore/minio_store.go:213.53,216.3 2 0
github.com/kubercloud/ani/pkg/adapters/objectstore/minio_store.go:217.2,217.58 1 0
github.com/kubercloud/ani/pkg/adapters/objectstore/minio_store.go:220.89,222.16 2 0
github.com/kubercloud/ani/pkg/adapters/objectstore/minio_store.go:222.16,224.3 1 0
github.com/kubercloud/ani/pkg/adapters/objectstore/minio_store.go:225.2,226.16 2 0
github.com/kubercloud/ani/pkg/adapters/objectstore/minio_store.go:226.16,228.3 1 0
github.com/kubercloud/ani/pkg/adapters/objectstore/minio_store.go:229.2,230.16 2 0
github.com/kubercloud/ani/pkg/adapters/objectstore/minio_store.go:230.16,232.3 1 0
github.com/kubercloud/ani/pkg/adapters/objectstore/minio_store.go:233.2,234.44 2 0
github.com/kubercloud/ani/pkg/adapters/objectstore/minio_store.go:234.44,236.3 1 0
github.com/kubercloud/ani/pkg/adapters/objectstore/minio_store.go:237.2,237.53 1 0
github.com/kubercloud/ani/pkg/adapters/objectstore/minio_store.go:237.53,239.3 1 0
github.com/kubercloud/ani/pkg/adapters/objectstore/minio_store.go:240.2,240.12 1 0
github.com/kubercloud/ani/pkg/adapters/objectstore/minio_store.go:243.111,245.16 2 0
github.com/kubercloud/ani/pkg/adapters/objectstore/minio_store.go:245.16,247.3 1 0
github.com/kubercloud/ani/pkg/adapters/objectstore/minio_store.go:248.2,249.16 2 0
github.com/kubercloud/ani/pkg/adapters/objectstore/minio_store.go:249.16,251.3 1 0
github.com/kubercloud/ani/pkg/adapters/objectstore/minio_store.go:252.2,253.16 2 0
github.com/kubercloud/ani/pkg/adapters/objectstore/minio_store.go:253.16,255.3 1 0
github.com/kubercloud/ani/pkg/adapters/objectstore/minio_store.go:256.2,257.44 2 0
github.com/kubercloud/ani/pkg/adapters/objectstore/minio_store.go:257.44,259.3 1 0
github.com/kubercloud/ani/pkg/adapters/objectstore/minio_store.go:260.2,260.53 1 0
github.com/kubercloud/ani/pkg/adapters/objectstore/minio_store.go:260.53,262.3 1 0
github.com/kubercloud/ani/pkg/adapters/objectstore/minio_store.go:263.2,263.47 1 0
github.com/kubercloud/ani/pkg/adapters/objectstore/minio_store.go:266.130,268.2 1 1
github.com/kubercloud/ani/pkg/adapters/objectstore/minio_store.go:270.132,272.2 1 1
github.com/kubercloud/ani/pkg/adapters/objectstore/minio_store.go:274.137,275.34 1 1
github.com/kubercloud/ani/pkg/adapters/objectstore/minio_store.go:275.34,277.3 1 0
github.com/kubercloud/ani/pkg/adapters/objectstore/minio_store.go:278.2,278.14 1 1
github.com/kubercloud/ani/pkg/adapters/objectstore/minio_store.go:278.14,280.3 1 0
github.com/kubercloud/ani/pkg/adapters/objectstore/minio_store.go:281.2,282.16 2 1
github.com/kubercloud/ani/pkg/adapters/objectstore/minio_store.go:282.16,284.3 1 1
github.com/kubercloud/ani/pkg/adapters/objectstore/minio_store.go:285.2,293.26 9 1
github.com/kubercloud/ani/pkg/adapters/objectstore/minio_store.go:293.26,295.3 1 1
github.com/kubercloud/ani/pkg/adapters/objectstore/minio_store.go:296.2,312.8 6 1
github.com/kubercloud/ani/pkg/adapters/objectstore/minio_store.go:315.156,316.23 1 1
github.com/kubercloud/ani/pkg/adapters/objectstore/minio_store.go:316.23,318.3 1 1
github.com/kubercloud/ani/pkg/adapters/objectstore/minio_store.go:319.2,320.16 2 1
github.com/kubercloud/ani/pkg/adapters/objectstore/minio_store.go:320.16,322.3 1 0
github.com/kubercloud/ani/pkg/adapters/objectstore/minio_store.go:323.2,326.26 4 1
github.com/kubercloud/ani/pkg/adapters/objectstore/minio_store.go:326.26,328.3 1 1
github.com/kubercloud/ani/pkg/adapters/objectstore/minio_store.go:329.2,330.17 2 1
github.com/kubercloud/ani/pkg/adapters/objectstore/minio_store.go:333.81,335.43 2 1
github.com/kubercloud/ani/pkg/adapters/objectstore/minio_store.go:335.43,337.17 2 1
github.com/kubercloud/ani/pkg/adapters/objectstore/minio_store.go:337.17,339.4 1 0
github.com/kubercloud/ani/pkg/adapters/objectstore/minio_store.go:340.3,341.17 2 1
github.com/kubercloud/ani/pkg/adapters/objectstore/minio_store.go:341.17,343.63 2 1
github.com/kubercloud/ani/pkg/adapters/objectstore/minio_store.go:343.63,344.13 1 0
github.com/kubercloud/ani/pkg/adapters/objectstore/minio_store.go:346.4,346.19 1 1
github.com/kubercloud/ani/pkg/adapters/objectstore/minio_store.go:348.3,348.74 1 1
github.com/kubercloud/ani/pkg/adapters/objectstore/minio_store.go:348.74,351.12 3 1
github.com/kubercloud/ani/pkg/adapters/objectstore/minio_store.go:353.3,353.19 1 1
github.com/kubercloud/ani/pkg/adapters/objectstore/minio_store.go:355.2,355.21 1 0
github.com/kubercloud/ani/pkg/adapters/objectstore/minio_store.go:358.85,360.84 2 1
github.com/kubercloud/ani/pkg/adapters/objectstore/minio_store.go:360.84,364.3 3 1
github.com/kubercloud/ani/pkg/adapters/objectstore/minio_store.go:365.2,365.18 1 1
github.com/kubercloud/ani/pkg/adapters/objectstore/minio_store.go:368.108,376.24 8 1
github.com/kubercloud/ani/pkg/adapters/objectstore/minio_store.go:376.24,378.17 2 0
github.com/kubercloud/ani/pkg/adapters/objectstore/minio_store.go:378.17,380.4 1 0
github.com/kubercloud/ani/pkg/adapters/objectstore/minio_store.go:381.3,381.24 1 0
github.com/kubercloud/ani/pkg/adapters/objectstore/minio_store.go:383.2,388.23 6 1
github.com/kubercloud/ani/pkg/adapters/objectstore/minio_store.go:391.94,393.26 2 1
github.com/kubercloud/ani/pkg/adapters/objectstore/minio_store.go:393.26,395.3 1 1
github.com/kubercloud/ani/pkg/adapters/objectstore/minio_store.go:396.2,399.39 3 1
github.com/kubercloud/ani/pkg/adapters/objectstore/minio_store.go:399.39,401.36 2 1
github.com/kubercloud/ani/pkg/adapters/objectstore/minio_store.go:401.36,403.4 1 0
github.com/kubercloud/ani/pkg/adapters/objectstore/minio_store.go:404.3,404.23 1 1
github.com/kubercloud/ani/pkg/adapters/objectstore/minio_store.go:404.23,406.4 1 1
github.com/kubercloud/ani/pkg/adapters/objectstore/minio_store.go:407.3,410.35 4 1
github.com/kubercloud/ani/pkg/adapters/objectstore/minio_store.go:412.2,423.48 3 1
github.com/kubercloud/ani/pkg/adapters/objectstore/minio_store.go:426.85,440.2 8 1
github.com/kubercloud/ani/pkg/adapters/objectstore/minio_store.go:442.66,444.2 1 1
github.com/kubercloud/ani/pkg/adapters/objectstore/minio_store.go:446.61,452.2 5 1
github.com/kubercloud/ani/pkg/adapters/objectstore/minio_store.go:454.76,456.2 1 0
github.com/kubercloud/ani/pkg/adapters/objectstore/minio_store.go:458.106,460.16 2 1
github.com/kubercloud/ani/pkg/adapters/objectstore/minio_store.go:460.16,462.3 1 0
github.com/kubercloud/ani/pkg/adapters/objectstore/minio_store.go:463.2,465.39 3 1
github.com/kubercloud/ani/pkg/adapters/objectstore/minio_store.go:465.39,467.3 1 1
github.com/kubercloud/ani/pkg/adapters/objectstore/minio_store.go:468.2,472.20 5 1
github.com/kubercloud/ani/pkg/adapters/objectstore/minio_store.go:475.80,477.16 2 1
github.com/kubercloud/ani/pkg/adapters/objectstore/minio_store.go:477.16,479.3 1 0
github.com/kubercloud/ani/pkg/adapters/objectstore/minio_store.go:480.2,480.140 1 1
github.com/kubercloud/ani/pkg/adapters/objectstore/minio_store.go:480.140,482.3 1 0
github.com/kubercloud/ani/pkg/adapters/objectstore/minio_store.go:483.2,483.18 1 1
github.com/kubercloud/ani/pkg/adapters/objectstore/minio_store.go:486.112,488.93 2 0
github.com/kubercloud/ani/pkg/adapters/objectstore/minio_store.go:488.93,489.62 1 0
github.com/kubercloud/ani/pkg/adapters/objectstore/minio_store.go:489.62,491.4 1 0
github.com/kubercloud/ani/pkg/adapters/objectstore/minio_store.go:493.2,499.3 1 0
github.com/kubercloud/ani/pkg/adapters/objectstore/minio_store.go:502.68,504.20 2 1
github.com/kubercloud/ani/pkg/adapters/objectstore/minio_store.go:504.20,506.3 1 0
github.com/kubercloud/ani/pkg/adapters/objectstore/minio_store.go:507.2,507.40 1 1
github.com/kubercloud/ani/pkg/adapters/objectstore/minio_store.go:507.40,509.13 2 0
github.com/kubercloud/ani/pkg/adapters/objectstore/minio_store.go:509.13,511.4 1 0
github.com/kubercloud/ani/pkg/adapters/objectstore/minio_store.go:512.3,512.39 1 0
github.com/kubercloud/ani/pkg/adapters/objectstore/minio_store.go:514.2,515.16 2 1
github.com/kubercloud/ani/pkg/adapters/objectstore/minio_store.go:515.16,517.3 1 0
github.com/kubercloud/ani/pkg/adapters/objectstore/minio_store.go:518.2,518.57 1 1
github.com/kubercloud/ani/pkg/adapters/objectstore/minio_store.go:518.57,520.3 1 0
github.com/kubercloud/ani/pkg/adapters/objectstore/minio_store.go:521.2,521.23 1 1
github.com/kubercloud/ani/pkg/adapters/objectstore/minio_store.go:521.23,523.3 1 0
github.com/kubercloud/ani/pkg/adapters/objectstore/minio_store.go:524.2,524.45 1 1
github.com/kubercloud/ani/pkg/adapters/objectstore/minio_store.go:524.45,526.3 1 0
github.com/kubercloud/ani/pkg/adapters/objectstore/minio_store.go:527.2,531.20 5 1
github.com/kubercloud/ani/pkg/adapters/objectstore/minio_store.go:534.92,536.38 2 1
github.com/kubercloud/ani/pkg/adapters/objectstore/minio_store.go:536.38,538.3 1 1
github.com/kubercloud/ani/pkg/adapters/objectstore/minio_store.go:539.2,539.25 1 1
github.com/kubercloud/ani/pkg/adapters/objectstore/minio_store.go:539.25,541.3 1 0
github.com/kubercloud/ani/pkg/adapters/objectstore/minio_store.go:542.2,544.32 3 1
github.com/kubercloud/ani/pkg/adapters/objectstore/minio_store.go:544.32,546.20 2 1
github.com/kubercloud/ani/pkg/adapters/objectstore/minio_store.go:546.20,547.12 1 0
github.com/kubercloud/ani/pkg/adapters/objectstore/minio_store.go:549.3,550.17 2 1
github.com/kubercloud/ani/pkg/adapters/objectstore/minio_store.go:550.17,552.4 1 0
github.com/kubercloud/ani/pkg/adapters/objectstore/minio_store.go:553.3,554.29 2 1
github.com/kubercloud/ani/pkg/adapters/objectstore/minio_store.go:554.29,555.12 1 0
github.com/kubercloud/ani/pkg/adapters/objectstore/minio_store.go:557.3,558.40 2 1
github.com/kubercloud/ani/pkg/adapters/objectstore/minio_store.go:560.2,560.25 1 1
github.com/kubercloud/ani/pkg/adapters/objectstore/minio_store.go:560.25,562.3 1 0
github.com/kubercloud/ani/pkg/adapters/objectstore/minio_store.go:563.2,563.23 1 1
github.com/kubercloud/ani/pkg/adapters/objectstore/minio_store.go:566.61,567.20 1 1
github.com/kubercloud/ani/pkg/adapters/objectstore/minio_store.go:568.27,569.27 1 0
github.com/kubercloud/ani/pkg/adapters/objectstore/minio_store.go:570.27,571.27 1 0
github.com/kubercloud/ani/pkg/adapters/objectstore/minio_store.go:572.76,573.105 1 0
github.com/kubercloud/ani/pkg/adapters/objectstore/minio_store.go:574.10,575.72 1 1
github.com/kubercloud/ani/pkg/adapters/objectstore/minio_store.go:579.48,581.2 1 1
github.com/kubercloud/ani/pkg/adapters/objectstore/minio_store.go:583.47,584.22 1 1
github.com/kubercloud/ani/pkg/adapters/objectstore/minio_store.go:584.22,586.3 1 1
github.com/kubercloud/ani/pkg/adapters/objectstore/minio_store.go:587.2,588.26 2 1
github.com/kubercloud/ani/pkg/adapters/objectstore/minio_store.go:588.26,590.3 1 1
github.com/kubercloud/ani/pkg/adapters/objectstore/minio_store.go:591.2,593.27 3 1
github.com/kubercloud/ani/pkg/adapters/objectstore/minio_store.go:593.27,596.31 3 1
github.com/kubercloud/ani/pkg/adapters/objectstore/minio_store.go:596.31,598.4 1 1
github.com/kubercloud/ani/pkg/adapters/objectstore/minio_store.go:600.2,600.65 1 1
github.com/kubercloud/ani/pkg/adapters/objectstore/minio_store.go:603.36,606.2 2 1
github.com/kubercloud/ani/pkg/adapters/objectstore/minio_store.go:608.49,612.2 3 1
github.com/kubercloud/ani/pkg/adapters/objectstore/minio_store.go:614.32,615.17 1 1
github.com/kubercloud/ani/pkg/adapters/objectstore/minio_store.go:615.17,617.3 1 1
github.com/kubercloud/ani/pkg/adapters/objectstore/not_configured.go:15.52,17.2 1 0
github.com/kubercloud/ani/pkg/adapters/objectstore/not_configured.go:19.77,21.2 1 0
github.com/kubercloud/ani/pkg/adapters/objectstore/not_configured.go:23.101,25.2 1 0
github.com/kubercloud/ani/pkg/adapters/objectstore/not_configured.go:27.111,29.2 1 0
github.com/kubercloud/ani/pkg/adapters/objectstore/not_configured.go:31.75,33.2 1 0
github.com/kubercloud/ani/pkg/adapters/objectstore/not_configured.go:35.97,37.2 1 0
github.com/kubercloud/ani/pkg/adapters/objectstore/not_configured.go:39.112,41.2 1 0
github.com/kubercloud/ani/pkg/adapters/objectstore/not_configured.go:43.114,45.2 1 0
github.com/kubercloud/ani/pkg/bootstrap/db.go:16.59,18.16 2 1
github.com/kubercloud/ani/pkg/bootstrap/db.go:18.16,20.3 1 1
github.com/kubercloud/ani/pkg/bootstrap/db.go:23.2,33.6 9 0
github.com/kubercloud/ani/pkg/bootstrap/db.go:33.6,35.17 2 0
github.com/kubercloud/ani/pkg/bootstrap/db.go:35.17,38.85 2 0
github.com/kubercloud/ani/pkg/bootstrap/db.go:38.85,41.5 2 0
github.com/kubercloud/ani/pkg/bootstrap/db.go:42.4,42.16 1 0
github.com/kubercloud/ani/pkg/bootstrap/db.go:45.3,45.10 1 0
github.com/kubercloud/ani/pkg/bootstrap/db.go:46.21,47.76 1 0
github.com/kubercloud/ani/pkg/bootstrap/db.go:48.38,49.60 1 0
github.com/kubercloud/ani/pkg/bootstrap/db.go:54.105,55.23 1 1
github.com/kubercloud/ani/pkg/bootstrap/db.go:55.24,55.25 0 1
github.com/kubercloud/ani/pkg/bootstrap/db.go:56.2,56.34 1 1
github.com/kubercloud/ani/pkg/bootstrap/db.go:56.34,58.3 1 0
github.com/kubercloud/ani/pkg/bootstrap/db.go:59.2,60.16 2 1
github.com/kubercloud/ani/pkg/bootstrap/db.go:60.16,62.3 1 1
github.com/kubercloud/ani/pkg/bootstrap/db.go:63.2,63.64 1 0
github.com/kubercloud/ani/pkg/bootstrap/deps.go:85.114,87.16 2 0
github.com/kubercloud/ani/pkg/bootstrap/deps.go:87.16,88.13 1 0
github.com/kubercloud/ani/pkg/bootstrap/deps.go:90.2,90.21 1 0
github.com/kubercloud/ani/pkg/bootstrap/deps.go:93.145,98.16 5 1
github.com/kubercloud/ani/pkg/bootstrap/deps.go:98.16,100.3 1 1
github.com/kubercloud/ani/pkg/bootstrap/deps.go:101.2,102.16 2 1
github.com/kubercloud/ani/pkg/bootstrap/deps.go:102.16,104.3 1 0
github.com/kubercloud/ani/pkg/bootstrap/deps.go:105.2,107.16 3 1
github.com/kubercloud/ani/pkg/bootstrap/deps.go:107.16,109.3 1 1
github.com/kubercloud/ani/pkg/bootstrap/deps.go:110.2,111.16 2 1
github.com/kubercloud/ani/pkg/bootstrap/deps.go:111.16,113.3 1 1
github.com/kubercloud/ani/pkg/bootstrap/deps.go:114.2,115.16 2 1
github.com/kubercloud/ani/pkg/bootstrap/deps.go:115.16,117.3 1 0
github.com/kubercloud/ani/pkg/bootstrap/deps.go:118.2,121.48 4 1
github.com/kubercloud/ani/pkg/bootstrap/deps.go:121.48,128.17 2 1
github.com/kubercloud/ani/pkg/bootstrap/deps.go:128.17,130.4 1 1
github.com/kubercloud/ani/pkg/bootstrap/deps.go:131.3,131.114 1 1
github.com/kubercloud/ani/pkg/bootstrap/deps.go:133.2,138.16 6 1
github.com/kubercloud/ani/pkg/bootstrap/deps.go:138.16,140.3 1 1
github.com/kubercloud/ani/pkg/bootstrap/deps.go:141.2,144.62 2 1
github.com/kubercloud/ani/pkg/bootstrap/deps.go:144.62,155.3 1 1
github.com/kubercloud/ani/pkg/bootstrap/deps.go:156.2,159.16 4 1
github.com/kubercloud/ani/pkg/bootstrap/deps.go:159.16,161.3 1 0
github.com/kubercloud/ani/pkg/bootstrap/deps.go:162.2,165.48 2 1
github.com/kubercloud/ani/pkg/bootstrap/deps.go:166.37,166.37 0 1
github.com/kubercloud/ani/pkg/bootstrap/deps.go:167.25,168.120 1 1
github.com/kubercloud/ani/pkg/bootstrap/deps.go:168.120,170.4 1 1
github.com/kubercloud/ani/pkg/bootstrap/deps.go:171.3,184.5 2 1
github.com/kubercloud/ani/pkg/bootstrap/deps.go:185.10,186.118 1 0
github.com/kubercloud/ani/pkg/bootstrap/deps.go:188.2,188.59 1 1
github.com/kubercloud/ani/pkg/bootstrap/deps.go:188.59,190.3 1 1
github.com/kubercloud/ani/pkg/bootstrap/deps.go:191.2,192.16 2 1
github.com/kubercloud/ani/pkg/bootstrap/deps.go:192.16,194.3 1 0
github.com/kubercloud/ani/pkg/bootstrap/deps.go:195.2,196.60 2 1
github.com/kubercloud/ani/pkg/bootstrap/deps.go:196.60,198.3 1 1
github.com/kubercloud/ani/pkg/bootstrap/deps.go:199.2,258.8 2 1
github.com/kubercloud/ani/pkg/bootstrap/deps.go:261.115,262.53 1 1
github.com/kubercloud/ani/pkg/bootstrap/deps.go:263.37,264.34 1 1
github.com/kubercloud/ani/pkg/bootstrap/deps.go:265.25,267.20 2 1
github.com/kubercloud/ani/pkg/bootstrap/deps.go:267.20,270.18 3 1
github.com/kubercloud/ani/pkg/bootstrap/deps.go:270.18,272.5 1 0
github.com/kubercloud/ani/pkg/bootstrap/deps.go:274.3,274.63 1 1
github.com/kubercloud/ani/pkg/bootstrap/deps.go:275.10,276.118 1 0
github.com/kubercloud/ani/pkg/bootstrap/deps.go:280.145,281.48 1 1
github.com/kubercloud/ani/pkg/bootstrap/deps.go:282.37,283.74 1 1
github.com/kubercloud/ani/pkg/bootstrap/deps.go:284.22,285.120 1 1
github.com/kubercloud/ani/pkg/bootstrap/deps.go:285.120,287.4 1 1
github.com/kubercloud/ani/pkg/bootstrap/deps.go:288.3,289.20 2 1
github.com/kubercloud/ani/pkg/bootstrap/deps.go:289.20,292.18 3 1
github.com/kubercloud/ani/pkg/bootstrap/deps.go:292.18,294.5 1 0
github.com/kubercloud/ani/pkg/bootstrap/deps.go:296.3,299.9 1 1
github.com/kubercloud/ani/pkg/bootstrap/deps.go:300.10,301.107 1 0
github.com/kubercloud/ani/pkg/bootstrap/deps.go:305.64,306.52 1 1
github.com/kubercloud/ani/pkg/bootstrap/deps.go:307.37,308.42 1 1
github.com/kubercloud/ani/pkg/bootstrap/deps.go:309.15,320.5 1 1
github.com/kubercloud/ani/pkg/bootstrap/deps.go:321.10,322.116 1 0
github.com/kubercloud/ani/pkg/bootstrap/deps.go:326.64,327.52 1 1
github.com/kubercloud/ani/pkg/bootstrap/deps.go:328.37,329.42 1 1
github.com/kubercloud/ani/pkg/bootstrap/deps.go:330.16,337.5 1 1
github.com/kubercloud/ani/pkg/bootstrap/deps.go:338.10,339.116 1 0
github.com/kubercloud/ani/pkg/bootstrap/deps.go:343.84,344.62 1 1
github.com/kubercloud/ani/pkg/bootstrap/deps.go:345.37,346.68 1 1
github.com/kubercloud/ani/pkg/bootstrap/deps.go:347.31,358.5 1 1
github.com/kubercloud/ani/pkg/bootstrap/deps.go:359.10,360.136 1 0
github.com/kubercloud/ani/pkg/bootstrap/deps.go:364.76,372.2 1 1
github.com/kubercloud/ani/pkg/bootstrap/deps.go:374.184,375.49 1 1
github.com/kubercloud/ani/pkg/bootstrap/deps.go:376.19,381.7 1 1
github.com/kubercloud/ani/pkg/bootstrap/deps.go:382.25,384.17 2 1
github.com/kubercloud/ani/pkg/bootstrap/deps.go:384.17,386.4 1 1
github.com/kubercloud/ani/pkg/bootstrap/deps.go:387.3,391.48 2 1
github.com/kubercloud/ani/pkg/bootstrap/deps.go:392.10,393.124 1 0
github.com/kubercloud/ani/pkg/bootstrap/deps.go:397.142,398.58 1 1
github.com/kubercloud/ani/pkg/bootstrap/deps.go:399.19,400.18 1 1
github.com/kubercloud/ani/pkg/bootstrap/deps.go:401.25,403.20 2 1
github.com/kubercloud/ani/pkg/bootstrap/deps.go:403.20,406.18 3 1
github.com/kubercloud/ani/pkg/bootstrap/deps.go:406.18,408.5 1 1
github.com/kubercloud/ani/pkg/bootstrap/deps.go:410.3,413.9 1 1
github.com/kubercloud/ani/pkg/bootstrap/deps.go:414.10,415.128 1 0
github.com/kubercloud/ani/pkg/bootstrap/deps.go:419.122,420.52 1 1
github.com/kubercloud/ani/pkg/bootstrap/deps.go:421.19,422.117 1 1
github.com/kubercloud/ani/pkg/bootstrap/deps.go:423.25,425.20 2 1
github.com/kubercloud/ani/pkg/bootstrap/deps.go:425.20,428.18 3 1
github.com/kubercloud/ani/pkg/bootstrap/deps.go:428.18,430.5 1 1
github.com/kubercloud/ani/pkg/bootstrap/deps.go:432.3,432.135 1 1
github.com/kubercloud/ani/pkg/bootstrap/deps.go:433.10,434.116 1 0
github.com/kubercloud/ani/pkg/bootstrap/deps.go:438.87,448.2 1 1
github.com/kubercloud/ani/pkg/bootstrap/deps.go:451.24,452.17 1 0
github.com/kubercloud/ani/pkg/bootstrap/deps.go:452.17,454.3 1 0
github.com/kubercloud/ani/pkg/bootstrap/deps.go:455.2,455.19 1 0
github.com/kubercloud/ani/pkg/bootstrap/deps.go:455.19,457.3 1 0
github.com/kubercloud/ani/pkg/bootstrap/deps.go:458.2,458.20 1 0
github.com/kubercloud/ani/pkg/bootstrap/deps.go:458.20,460.3 1 0
github.com/kubercloud/ani/pkg/bootstrap/nats.go:14.77,21.6 5 0
github.com/kubercloud/ani/pkg/bootstrap/nats.go:21.6,28.17 2 0
github.com/kubercloud/ani/pkg/bootstrap/nats.go:28.17,29.9 1 0
github.com/kubercloud/ani/pkg/bootstrap/nats.go:32.3,32.10 1 0
github.com/kubercloud/ani/pkg/bootstrap/nats.go:33.21,34.67 1 0
github.com/kubercloud/ani/pkg/bootstrap/nats.go:35.38,36.56 1 0
github.com/kubercloud/ani/pkg/bootstrap/nats.go:40.2,41.16 2 0
github.com/kubercloud/ani/pkg/bootstrap/nats.go:41.16,44.3 2 0
github.com/kubercloud/ani/pkg/bootstrap/nats.go:47.2,47.42 1 0
github.com/kubercloud/ani/pkg/bootstrap/nats.go:47.42,50.3 2 0
github.com/kubercloud/ani/pkg/bootstrap/nats.go:52.2,53.20 2 0
github.com/kubercloud/ani/pkg/bootstrap/nats.go:56.52,71.28 2 0
github.com/kubercloud/ani/pkg/bootstrap/nats.go:71.28,73.36 2 0
github.com/kubercloud/ani/pkg/bootstrap/nats.go:73.36,82.4 1 0
github.com/kubercloud/ani/pkg/bootstrap/nats.go:83.3,83.17 1 0
github.com/kubercloud/ani/pkg/bootstrap/nats.go:83.17,85.4 1 0
github.com/kubercloud/ani/pkg/bootstrap/nats.go:87.2,87.12 1 0
github.com/kubercloud/ani/pkg/bootstrap/probes.go:37.134,39.74 2 1
github.com/kubercloud/ani/pkg/bootstrap/probes.go:39.74,44.3 1 1
github.com/kubercloud/ani/pkg/bootstrap/probes.go:45.2,45.73 1 1
github.com/kubercloud/ani/pkg/bootstrap/probes.go:45.73,48.30 3 1
github.com/kubercloud/ani/pkg/bootstrap/probes.go:48.30,50.4 1 0
github.com/kubercloud/ani/pkg/bootstrap/probes.go:51.3,51.40 1 1
github.com/kubercloud/ani/pkg/bootstrap/probes.go:53.2,53.74 1 1
github.com/kubercloud/ani/pkg/bootstrap/probes.go:53.74,56.3 2 1
github.com/kubercloud/ani/pkg/bootstrap/probes.go:57.2,57.12 1 1
github.com/kubercloud/ani/pkg/bootstrap/probes.go:60.123,61.33 1 1
github.com/kubercloud/ani/pkg/bootstrap/probes.go:61.33,62.20 1 1
github.com/kubercloud/ani/pkg/bootstrap/probes.go:62.20,64.4 1 1
github.com/kubercloud/ani/pkg/bootstrap/probes.go:66.2,66.12 1 0
github.com/kubercloud/ani/pkg/bootstrap/probes.go:69.119,72.19 3 1
github.com/kubercloud/ani/pkg/bootstrap/probes.go:72.19,74.3 1 1
github.com/kubercloud/ani/pkg/bootstrap/probes.go:75.2,80.174 6 1
github.com/kubercloud/ani/pkg/bootstrap/probes.go:83.107,87.2 3 1
github.com/kubercloud/ani/pkg/bootstrap/probes.go:89.51,91.2 1 1
github.com/kubercloud/ani/pkg/bootstrap/probes.go:93.51,94.31 1 1
github.com/kubercloud/ani/pkg/bootstrap/probes.go:94.31,95.37 1 1
github.com/kubercloud/ani/pkg/bootstrap/probes.go:95.37,97.4 1 1
github.com/kubercloud/ani/pkg/bootstrap/probes.go:99.2,99.11 1 0
github.com/kubercloud/ani/pkg/bootstrap/probes.go:102.77,103.22 1 1
github.com/kubercloud/ani/pkg/bootstrap/probes.go:103.22,104.76 1 0
github.com/kubercloud/ani/pkg/bootstrap/probes.go:104.76,104.90 1 0
github.com/kubercloud/ani/pkg/bootstrap/probes.go:106.2,110.31 2 1
github.com/kubercloud/ani/pkg/bootstrap/probes.go:110.31,117.17 4 1
github.com/kubercloud/ani/pkg/bootstrap/probes.go:117.17,119.18 2 1
github.com/kubercloud/ani/pkg/bootstrap/probes.go:119.18,121.5 1 1
github.com/kubercloud/ani/pkg/bootstrap/probes.go:122.4,122.21 1 1
github.com/kubercloud/ani/pkg/bootstrap/probes.go:122.21,123.32 1 1
github.com/kubercloud/ani/pkg/bootstrap/probes.go:123.32,125.6 1 1
github.com/kubercloud/ani/pkg/bootstrap/probes.go:126.5,126.29 1 1
github.com/kubercloud/ani/pkg/bootstrap/probes.go:127.10,130.5 2 1
github.com/kubercloud/ani/pkg/bootstrap/probes.go:131.4,131.28 1 1
github.com/kubercloud/ani/pkg/bootstrap/probes.go:133.3,133.37 1 1
github.com/kubercloud/ani/pkg/bootstrap/probes.go:135.2,135.17 1 1
github.com/kubercloud/ani/pkg/bootstrap/probes.go:138.80,142.2 3 1
github.com/kubercloud/ani/pkg/bootstrap/probes.go:144.53,145.83 1 1
github.com/kubercloud/ani/pkg/bootstrap/probes.go:145.83,147.3 1 1
github.com/kubercloud/ani/pkg/bootstrap/probes.go:148.2,151.36 1 1
github.com/kubercloud/ani/pkg/bootstrap/probes.go:151.36,152.38 1 0
github.com/kubercloud/ani/pkg/bootstrap/probes.go:152.38,154.6 1 0
github.com/kubercloud/ani/pkg/bootstrap/probes.go:155.5,155.29 1 0
github.com/kubercloud/ani/pkg/bootstrap/probes.go:160.32,161.40 1 0
github.com/kubercloud/ani/pkg/bootstrap/probes.go:161.40,163.6 1 0
github.com/kubercloud/ani/pkg/bootstrap/probes.go:164.5,164.33 1 0
github.com/kubercloud/ani/pkg/bootstrap/probes.go:164.33,166.6 1 0
github.com/kubercloud/ani/pkg/bootstrap/probes.go:167.5,167.15 1 0
github.com/kubercloud/ani/pkg/bootstrap/probes.go:172.36,173.41 1 0
github.com/kubercloud/ani/pkg/bootstrap/probes.go:173.41,175.6 1 0
github.com/kubercloud/ani/pkg/bootstrap/probes.go:176.5,176.38 1 0
github.com/kubercloud/ani/pkg/bootstrap/probes.go:181.36,182.67 1 1
github.com/kubercloud/ani/pkg/bootstrap/probes.go:182.67,184.6 1 0
github.com/kubercloud/ani/pkg/bootstrap/probes.go:185.5,186.47 2 1
github.com/kubercloud/ani/pkg/bootstrap/probes.go:186.47,188.6 1 1
github.com/kubercloud/ani/pkg/bootstrap/probes.go:189.5,189.15 1 1
github.com/kubercloud/ani/pkg/bootstrap/probes.go:194.36,195.67 1 1
github.com/kubercloud/ani/pkg/bootstrap/probes.go:195.67,197.6 1 0
github.com/kubercloud/ani/pkg/bootstrap/probes.go:198.5,199.47 2 1
github.com/kubercloud/ani/pkg/bootstrap/probes.go:199.47,201.6 1 1
github.com/kubercloud/ani/pkg/bootstrap/probes.go:202.5,202.15 1 1
github.com/kubercloud/ani/pkg/bootstrap/probes.go:207.36,208.69 1 1
github.com/kubercloud/ani/pkg/bootstrap/probes.go:208.69,210.6 1 1
github.com/kubercloud/ani/pkg/bootstrap/probes.go:211.5,212.47 2 1
github.com/kubercloud/ani/pkg/bootstrap/probes.go:212.47,214.6 1 1
github.com/kubercloud/ani/pkg/bootstrap/probes.go:215.5,215.15 1 1
github.com/kubercloud/ani/pkg/bootstrap/probes.go:221.42,222.18 1 1
github.com/kubercloud/ani/pkg/bootstrap/probes.go:222.18,224.3 1 0
github.com/kubercloud/ani/pkg/bootstrap/probes.go:225.2,226.26 2 1
github.com/kubercloud/ani/pkg/bootstrap/probes.go:227.98,228.27 1 1
github.com/kubercloud/ani/pkg/bootstrap/probes.go:229.10,230.15 1 1
github.com/kubercloud/ani/pkg/bootstrap/redis.go:27.67,29.2 1 0
github.com/kubercloud/ani/pkg/bootstrap/redis.go:31.80,33.16 2 0
github.com/kubercloud/ani/pkg/bootstrap/redis.go:33.16,35.3 1 0
github.com/kubercloud/ani/pkg/bootstrap/redis.go:37.2,42.44 4 0
github.com/kubercloud/ani/pkg/bootstrap/redis.go:42.44,44.3 1 0
github.com/kubercloud/ani/pkg/bootstrap/redis.go:46.2,47.17 2 0
github.com/kubercloud/ani/pkg/bootstrap/redis.go:50.86,52.16 2 0
github.com/kubercloud/ani/pkg/bootstrap/redis.go:52.16,54.3 1 0
github.com/kubercloud/ani/pkg/bootstrap/redis.go:55.2,55.62 1 0
github.com/kubercloud/ani/pkg/bootstrap/redis.go:58.99,60.16 2 0
github.com/kubercloud/ani/pkg/bootstrap/redis.go:60.16,62.3 1 0
github.com/kubercloud/ani/pkg/bootstrap/redis.go:63.2,63.62 1 0
github.com/kubercloud/ani/pkg/bootstrap/redis.go:66.64,78.2 1 0
github.com/kubercloud/ani/pkg/bootstrap/redis.go:80.81,81.123 1 1
github.com/kubercloud/ani/pkg/bootstrap/redis.go:81.123,83.17 2 0
github.com/kubercloud/ani/pkg/bootstrap/redis.go:83.17,85.4 1 0
github.com/kubercloud/ani/pkg/bootstrap/redis.go:86.3,91.9 1 0
github.com/kubercloud/ani/pkg/bootstrap/redis.go:94.2,95.21 2 1
github.com/kubercloud/ani/pkg/bootstrap/redis.go:95.21,97.3 1 0
github.com/kubercloud/ani/pkg/bootstrap/redis.go:98.2,107.14 3 1
github.com/kubercloud/ani/pkg/bootstrap/redis.go:108.34,109.22 1 0
github.com/kubercloud/ani/pkg/bootstrap/redis.go:109.22,111.4 1 0
github.com/kubercloud/ani/pkg/bootstrap/redis.go:112.18,114.28 2 1
github.com/kubercloud/ani/pkg/bootstrap/redis.go:114.28,116.4 1 0
github.com/kubercloud/ani/pkg/bootstrap/redis.go:117.17,118.21 1 1
github.com/kubercloud/ani/pkg/bootstrap/redis.go:118.21,120.4 1 0
github.com/kubercloud/ani/pkg/bootstrap/redis.go:121.10,122.67 1 0
github.com/kubercloud/ani/pkg/bootstrap/redis.go:124.2,124.18 1 1
github.com/kubercloud/ani/pkg/bootstrap/redis.go:127.47,129.31 2 1
github.com/kubercloud/ani/pkg/bootstrap/redis.go:129.31,130.51 1 1
github.com/kubercloud/ani/pkg/bootstrap/redis.go:130.51,132.4 1 1
github.com/kubercloud/ani/pkg/bootstrap/redis.go:134.2,134.16 1 1
github.com/kubercloud/ani/pkg/bootstrap/server.go:97.36,103.16 5 0
github.com/kubercloud/ani/pkg/bootstrap/server.go:103.16,106.3 2 0
github.com/kubercloud/ani/pkg/bootstrap/server.go:108.2,109.16 2 0
github.com/kubercloud/ani/pkg/bootstrap/server.go:109.16,112.3 2 0
github.com/kubercloud/ani/pkg/bootstrap/server.go:114.2,115.16 2 0
github.com/kubercloud/ani/pkg/bootstrap/server.go:115.16,118.3 2 0
github.com/kubercloud/ani/pkg/bootstrap/server.go:120.2,121.16 2 0
github.com/kubercloud/ani/pkg/bootstrap/server.go:121.16,124.3 2 0
github.com/kubercloud/ani/pkg/bootstrap/server.go:126.2,137.3 1 0
github.com/kubercloud/ani/pkg/bootstrap/server.go:140.51,141.51 1 1
github.com/kubercloud/ani/pkg/bootstrap/server.go:141.51,143.3 1 1
github.com/kubercloud/ani/pkg/bootstrap/server.go:144.2,144.52 1 1
github.com/kubercloud/ani/pkg/bootstrap/server.go:144.52,146.3 1 1
github.com/kubercloud/ani/pkg/bootstrap/server.go:147.2,147.58 1 1
github.com/kubercloud/ani/pkg/bootstrap/server.go:147.58,149.3 1 1
github.com/kubercloud/ani/pkg/bootstrap/server.go:150.2,150.55 1 1
github.com/kubercloud/ani/pkg/bootstrap/server.go:150.55,152.3 1 1
github.com/kubercloud/ani/pkg/bootstrap/server.go:153.2,153.55 1 1
github.com/kubercloud/ani/pkg/bootstrap/server.go:153.55,155.3 1 1
github.com/kubercloud/ani/pkg/bootstrap/server.go:156.2,156.64 1 1
github.com/kubercloud/ani/pkg/bootstrap/server.go:156.64,158.3 1 0
github.com/kubercloud/ani/pkg/bootstrap/server.go:159.2,159.64 1 1
github.com/kubercloud/ani/pkg/bootstrap/server.go:159.64,161.3 1 0
github.com/kubercloud/ani/pkg/bootstrap/server.go:162.2,162.49 1 1
github.com/kubercloud/ani/pkg/bootstrap/server.go:162.49,164.3 1 1
github.com/kubercloud/ani/pkg/bootstrap/server.go:165.2,165.58 1 1
github.com/kubercloud/ani/pkg/bootstrap/server.go:165.58,167.3 1 0
github.com/kubercloud/ani/pkg/bootstrap/server.go:168.2,168.52 1 1
github.com/kubercloud/ani/pkg/bootstrap/server.go:168.52,170.3 1 0
github.com/kubercloud/ani/pkg/bootstrap/server.go:171.2,171.72 1 1
github.com/kubercloud/ani/pkg/bootstrap/server.go:171.72,173.3 1 0
github.com/kubercloud/ani/pkg/bootstrap/server.go:174.2,174.63 1 1
github.com/kubercloud/ani/pkg/bootstrap/server.go:174.63,176.3 1 1
github.com/kubercloud/ani/pkg/bootstrap/server.go:177.2,177.57 1 1
github.com/kubercloud/ani/pkg/bootstrap/server.go:177.57,179.3 1 1
github.com/kubercloud/ani/pkg/bootstrap/server.go:180.2,180.71 1 1
github.com/kubercloud/ani/pkg/bootstrap/server.go:180.71,182.3 1 1
github.com/kubercloud/ani/pkg/bootstrap/server.go:183.2,183.65 1 1
github.com/kubercloud/ani/pkg/bootstrap/server.go:183.65,185.3 1 1
github.com/kubercloud/ani/pkg/bootstrap/server.go:186.2,186.74 1 1
github.com/kubercloud/ani/pkg/bootstrap/server.go:186.74,188.3 1 1
github.com/kubercloud/ani/pkg/bootstrap/server.go:189.2,189.57 1 1
github.com/kubercloud/ani/pkg/bootstrap/server.go:189.57,191.3 1 1
github.com/kubercloud/ani/pkg/bootstrap/server.go:192.2,192.71 1 1
github.com/kubercloud/ani/pkg/bootstrap/server.go:192.71,194.3 1 1
github.com/kubercloud/ani/pkg/bootstrap/server.go:195.2,195.65 1 1
github.com/kubercloud/ani/pkg/bootstrap/server.go:195.65,197.3 1 1
github.com/kubercloud/ani/pkg/bootstrap/server.go:198.2,198.74 1 1
github.com/kubercloud/ani/pkg/bootstrap/server.go:198.74,200.3 1 1
github.com/kubercloud/ani/pkg/bootstrap/server.go:201.2,201.68 1 1
github.com/kubercloud/ani/pkg/bootstrap/server.go:201.68,203.3 1 0
github.com/kubercloud/ani/pkg/bootstrap/server.go:204.2,204.73 1 1
github.com/kubercloud/ani/pkg/bootstrap/server.go:204.73,206.3 1 0
github.com/kubercloud/ani/pkg/bootstrap/server.go:207.2,207.62 1 1
github.com/kubercloud/ani/pkg/bootstrap/server.go:207.62,209.3 1 0
github.com/kubercloud/ani/pkg/bootstrap/server.go:210.2,210.61 1 1
github.com/kubercloud/ani/pkg/bootstrap/server.go:210.61,212.3 1 0
github.com/kubercloud/ani/pkg/bootstrap/server.go:213.2,213.72 1 1
github.com/kubercloud/ani/pkg/bootstrap/server.go:213.72,215.3 1 0
github.com/kubercloud/ani/pkg/bootstrap/server.go:216.2,216.78 1 1
github.com/kubercloud/ani/pkg/bootstrap/server.go:216.78,218.3 1 0
github.com/kubercloud/ani/pkg/bootstrap/server.go:219.2,219.77 1 1
github.com/kubercloud/ani/pkg/bootstrap/server.go:219.77,221.3 1 0
github.com/kubercloud/ani/pkg/bootstrap/server.go:222.2,222.60 1 1
github.com/kubercloud/ani/pkg/bootstrap/server.go:222.60,224.3 1 0
github.com/kubercloud/ani/pkg/bootstrap/server.go:225.2,225.64 1 1
github.com/kubercloud/ani/pkg/bootstrap/server.go:225.64,227.3 1 1
github.com/kubercloud/ani/pkg/bootstrap/server.go:228.2,228.64 1 1
github.com/kubercloud/ani/pkg/bootstrap/server.go:228.64,230.3 1 1
github.com/kubercloud/ani/pkg/bootstrap/server.go:231.2,231.64 1 1
github.com/kubercloud/ani/pkg/bootstrap/server.go:231.64,233.3 1 0
github.com/kubercloud/ani/pkg/bootstrap/server.go:234.2,234.78 1 1
github.com/kubercloud/ani/pkg/bootstrap/server.go:234.78,236.3 1 1
github.com/kubercloud/ani/pkg/bootstrap/server.go:237.2,237.75 1 1
github.com/kubercloud/ani/pkg/bootstrap/server.go:237.75,239.3 1 1
github.com/kubercloud/ani/pkg/bootstrap/server.go:240.2,240.74 1 1
github.com/kubercloud/ani/pkg/bootstrap/server.go:240.74,242.3 1 0
github.com/kubercloud/ani/pkg/bootstrap/server.go:243.2,243.62 1 1
github.com/kubercloud/ani/pkg/bootstrap/server.go:243.62,245.3 1 0
github.com/kubercloud/ani/pkg/bootstrap/server.go:246.2,246.62 1 1
github.com/kubercloud/ani/pkg/bootstrap/server.go:246.62,248.3 1 0
github.com/kubercloud/ani/pkg/bootstrap/server.go:249.2,249.63 1 1
github.com/kubercloud/ani/pkg/bootstrap/server.go:249.63,251.3 1 0
github.com/kubercloud/ani/pkg/bootstrap/server.go:252.2,252.69 1 1
github.com/kubercloud/ani/pkg/bootstrap/server.go:252.69,254.3 1 0
github.com/kubercloud/ani/pkg/bootstrap/server.go:255.2,255.67 1 1
github.com/kubercloud/ani/pkg/bootstrap/server.go:255.67,257.3 1 0
github.com/kubercloud/ani/pkg/bootstrap/server.go:258.2,258.71 1 1
github.com/kubercloud/ani/pkg/bootstrap/server.go:258.71,260.3 1 0
github.com/kubercloud/ani/pkg/bootstrap/server.go:261.2,261.67 1 1
github.com/kubercloud/ani/pkg/bootstrap/server.go:261.67,263.3 1 0
github.com/kubercloud/ani/pkg/bootstrap/server.go:264.2,264.60 1 1
github.com/kubercloud/ani/pkg/bootstrap/server.go:264.60,266.3 1 0
github.com/kubercloud/ani/pkg/bootstrap/server.go:267.2,267.60 1 1
github.com/kubercloud/ani/pkg/bootstrap/server.go:267.60,269.3 1 0
github.com/kubercloud/ani/pkg/bootstrap/server.go:270.2,270.67 1 1
github.com/kubercloud/ani/pkg/bootstrap/server.go:270.67,272.3 1 0
github.com/kubercloud/ani/pkg/bootstrap/server.go:273.2,273.62 1 1
github.com/kubercloud/ani/pkg/bootstrap/server.go:273.62,275.3 1 0
github.com/kubercloud/ani/pkg/bootstrap/server.go:276.2,276.62 1 1
github.com/kubercloud/ani/pkg/bootstrap/server.go:276.62,278.3 1 0
github.com/kubercloud/ani/pkg/bootstrap/server.go:279.2,279.63 1 1
github.com/kubercloud/ani/pkg/bootstrap/server.go:279.63,281.3 1 0
github.com/kubercloud/ani/pkg/bootstrap/server.go:282.2,282.59 1 1
github.com/kubercloud/ani/pkg/bootstrap/server.go:282.59,284.3 1 0
github.com/kubercloud/ani/pkg/bootstrap/server.go:285.2,285.62 1 1
github.com/kubercloud/ani/pkg/bootstrap/server.go:285.62,287.3 1 0
github.com/kubercloud/ani/pkg/bootstrap/server.go:288.2,288.71 1 1
github.com/kubercloud/ani/pkg/bootstrap/server.go:288.71,290.3 1 0
github.com/kubercloud/ani/pkg/bootstrap/server.go:291.2,291.78 1 1
github.com/kubercloud/ani/pkg/bootstrap/server.go:291.78,293.3 1 1
github.com/kubercloud/ani/pkg/bootstrap/server.go:294.2,294.83 1 1
github.com/kubercloud/ani/pkg/bootstrap/server.go:294.83,296.3 1 1
github.com/kubercloud/ani/pkg/bootstrap/server.go:297.2,297.83 1 1
github.com/kubercloud/ani/pkg/bootstrap/server.go:297.83,299.3 1 1
github.com/kubercloud/ani/pkg/bootstrap/server.go:300.2,300.83 1 1
github.com/kubercloud/ani/pkg/bootstrap/server.go:300.83,302.3 1 1
github.com/kubercloud/ani/pkg/bootstrap/server.go:303.2,303.69 1 1
github.com/kubercloud/ani/pkg/bootstrap/server.go:303.69,305.3 1 1
github.com/kubercloud/ani/pkg/bootstrap/server.go:306.2,306.83 1 1
github.com/kubercloud/ani/pkg/bootstrap/server.go:306.83,308.3 1 1
github.com/kubercloud/ani/pkg/bootstrap/server.go:309.2,309.83 1 1
github.com/kubercloud/ani/pkg/bootstrap/server.go:309.83,311.3 1 1
github.com/kubercloud/ani/pkg/bootstrap/server.go:312.2,312.75 1 1
github.com/kubercloud/ani/pkg/bootstrap/server.go:312.75,314.3 1 1
github.com/kubercloud/ani/pkg/bootstrap/server.go:315.2,315.77 1 1
github.com/kubercloud/ani/pkg/bootstrap/server.go:315.77,317.3 1 1
github.com/kubercloud/ani/pkg/bootstrap/server.go:318.2,318.84 1 1
github.com/kubercloud/ani/pkg/bootstrap/server.go:318.84,320.3 1 1
github.com/kubercloud/ani/pkg/bootstrap/server.go:321.2,321.89 1 1
github.com/kubercloud/ani/pkg/bootstrap/server.go:321.89,323.3 1 1
github.com/kubercloud/ani/pkg/bootstrap/server.go:324.2,324.10 1 1
github.com/kubercloud/ani/pkg/bootstrap/server.go:327.47,329.16 2 1
github.com/kubercloud/ani/pkg/bootstrap/server.go:329.16,331.3 1 0
github.com/kubercloud/ani/pkg/bootstrap/server.go:332.2,332.15 1 1
github.com/kubercloud/ani/pkg/bootstrap/server.go:335.35,336.15 1 1
github.com/kubercloud/ani/pkg/bootstrap/server.go:337.53,338.14 1 1
github.com/kubercloud/ani/pkg/bootstrap/server.go:339.10,340.15 1 0
github.com/kubercloud/ani/pkg/bootstrap/server.go:344.38,347.29 3 1
github.com/kubercloud/ani/pkg/bootstrap/server.go:347.29,348.56 1 1
github.com/kubercloud/ani/pkg/bootstrap/server.go:348.56,350.4 1 1
github.com/kubercloud/ani/pkg/bootstrap/server.go:352.2,352.14 1 1
github.com/kubercloud/ani/pkg/bootstrap/server.go:358.65,360.16 2 0
github.com/kubercloud/ani/pkg/bootstrap/server.go:360.16,363.3 2 0
github.com/kubercloud/ani/pkg/bootstrap/server.go:365.2,376.25 5 0
github.com/kubercloud/ani/pkg/bootstrap/server.go:376.25,382.13 2 0
github.com/kubercloud/ani/pkg/bootstrap/server.go:382.13,384.90 2 0
github.com/kubercloud/ani/pkg/bootstrap/server.go:384.90,387.5 2 0
github.com/kubercloud/ani/pkg/bootstrap/server.go:391.2,391.12 1 0
github.com/kubercloud/ani/pkg/bootstrap/server.go:391.12,393.40 2 0
github.com/kubercloud/ani/pkg/bootstrap/server.go:393.40,395.4 1 0
github.com/kubercloud/ani/pkg/bootstrap/server.go:398.2,404.18 6 0
github.com/kubercloud/ani/pkg/bootstrap/server.go:404.18,407.53 3 0
github.com/kubercloud/ani/pkg/bootstrap/server.go:407.53,409.4 1 0
github.com/kubercloud/ani/pkg/bootstrap/server.go:411.2,412.41 2 0
github.com/kubercloud/ani/pkg/bootstrap/server.go:415.45,419.2 3 0
github.com/kubercloud/ani/pkg/bootstrap/server.go:421.66,423.39 2 1
github.com/kubercloud/ani/pkg/bootstrap/server.go:423.39,425.3 1 1
github.com/kubercloud/ani/pkg/bootstrap/server.go:426.2,427.40 2 1
github.com/kubercloud/ani/pkg/bootstrap/server.go:427.40,433.13 2 0
github.com/kubercloud/ani/pkg/bootstrap/server.go:433.13,435.90 2 0
github.com/kubercloud/ani/pkg/bootstrap/server.go:435.90,438.5 2 0
github.com/kubercloud/ani/pkg/bootstrap/server.go:441.2,441.17 1 1
github.com/kubercloud/ani/pkg/bootstrap/server.go:441.17,443.3 1 1
github.com/kubercloud/ani/pkg/bootstrap/server.go:444.2,446.18 3 1
github.com/kubercloud/ani/pkg/bootstrap/server.go:446.18,449.53 3 0
github.com/kubercloud/ani/pkg/bootstrap/server.go:449.53,451.4 1 0
github.com/kubercloud/ani/pkg/bootstrap/server.go:453.2,453.50 1 1
github.com/kubercloud/ani/pkg/bootstrap/server.go:456.90,457.57 1 0
github.com/kubercloud/ani/pkg/bootstrap/server.go:457.57,459.3 1 0
github.com/kubercloud/ani/pkg/bootstrap/server.go:460.2,461.9 2 0
github.com/kubercloud/ani/pkg/bootstrap/server.go:461.9,463.3 1 0
github.com/kubercloud/ani/pkg/bootstrap/server.go:464.2,464.15 1 0
github.com/kubercloud/ani/pkg/bootstrap/server.go:467.77,468.101 1 1
github.com/kubercloud/ani/pkg/bootstrap/server.go:468.101,470.3 1 1
github.com/kubercloud/ani/pkg/bootstrap/server.go:471.2,472.19 2 1
github.com/kubercloud/ani/pkg/bootstrap/server.go:472.19,474.3 1 0
github.com/kubercloud/ani/pkg/bootstrap/server.go:475.2,475.12 1 1
github.com/kubercloud/ani/pkg/bootstrap/server.go:475.12,477.66 2 1
github.com/kubercloud/ani/pkg/bootstrap/server.go:477.66,479.4 1 0
github.com/kubercloud/ani/pkg/bootstrap/server.go:481.2,481.13 1 1
github.com/kubercloud/ani/pkg/bootstrap/server.go:485.79,486.112 1 0
github.com/kubercloud/ani/pkg/bootstrap/server.go:486.112,488.17 2 0
github.com/kubercloud/ani/pkg/bootstrap/server.go:488.17,490.4 1 0
github.com/kubercloud/ani/pkg/bootstrap/server.go:491.3,491.19 1 0
github.com/kubercloud/ani/pkg/bootstrap/server.go:496.80,497.121 1 0
github.com/kubercloud/ani/pkg/bootstrap/server.go:497.121,498.16 1 0
github.com/kubercloud/ani/pkg/bootstrap/server.go:498.16,499.32 1 0
github.com/kubercloud/ani/pkg/bootstrap/server.go:499.32,502.5 2 0
github.com/kubercloud/ani/pkg/bootstrap/server.go:504.3,504.27 1 0
github.com/kubercloud/ani/pkg/adapters/runtime/admission.go:16.52,24.2 1 1
github.com/kubercloud/ani/pkg/adapters/runtime/admission.go:26.132,27.25 1 1
github.com/kubercloud/ani/pkg/adapters/runtime/admission.go:27.25,29.3 1 0
github.com/kubercloud/ani/pkg/adapters/runtime/admission.go:31.2,32.37 2 1
github.com/kubercloud/ani/pkg/adapters/runtime/admission.go:32.37,33.48 1 1
github.com/kubercloud/ani/pkg/adapters/runtime/admission.go:33.48,35.4 1 0
github.com/kubercloud/ani/pkg/adapters/runtime/admission.go:36.3,37.72 2 1
github.com/kubercloud/ani/pkg/adapters/runtime/admission.go:37.72,39.4 1 0
github.com/kubercloud/ani/pkg/adapters/runtime/admission.go:40.3,40.47 1 1
github.com/kubercloud/ani/pkg/adapters/runtime/admission.go:40.47,42.4 1 1
github.com/kubercloud/ani/pkg/adapters/runtime/admission.go:43.3,43.30 1 1
github.com/kubercloud/ani/pkg/adapters/runtime/admission.go:43.30,45.4 1 0
github.com/kubercloud/ani/pkg/adapters/runtime/admission.go:48.2,52.8 1 1
github.com/kubercloud/ani/pkg/adapters/runtime/admission.go:55.72,57.27 2 1
github.com/kubercloud/ani/pkg/adapters/runtime/admission.go:57.27,59.3 1 0
github.com/kubercloud/ani/pkg/adapters/runtime/admission.go:61.2,62.9 2 1
github.com/kubercloud/ani/pkg/adapters/runtime/admission.go:62.9,64.3 1 0
github.com/kubercloud/ani/pkg/adapters/runtime/admission.go:65.2,67.49 3 1
github.com/kubercloud/ani/pkg/adapters/runtime/admission.go:67.49,69.3 1 0
github.com/kubercloud/ani/pkg/adapters/runtime/admission.go:70.2,70.48 1 1
github.com/kubercloud/ani/pkg/adapters/runtime/admission.go:70.48,72.3 1 0
github.com/kubercloud/ani/pkg/adapters/runtime/admission.go:73.2,73.63 1 1
github.com/kubercloud/ani/pkg/adapters/runtime/admission.go:73.63,75.3 1 1
github.com/kubercloud/ani/pkg/adapters/runtime/admission.go:76.2,76.59 1 1
github.com/kubercloud/ani/pkg/adapters/runtime/admission.go:76.59,78.3 1 0
github.com/kubercloud/ani/pkg/adapters/runtime/admission.go:80.2,80.30 1 1
github.com/kubercloud/ani/pkg/adapters/runtime/admission.go:80.30,82.3 1 0
github.com/kubercloud/ani/pkg/adapters/runtime/admission.go:83.2,83.38 1 1
github.com/kubercloud/ani/pkg/adapters/runtime/admission.go:83.38,85.3 1 1
github.com/kubercloud/ani/pkg/adapters/runtime/admission.go:86.2,86.12 1 1
github.com/kubercloud/ani/pkg/adapters/runtime/admission.go:89.58,94.2 1 1
github.com/kubercloud/ani/pkg/adapters/runtime/admission.go:96.45,99.9 3 1
github.com/kubercloud/ani/pkg/adapters/runtime/admission.go:99.9,101.3 1 0
github.com/kubercloud/ani/pkg/adapters/runtime/admission.go:102.2,102.30 1 1
github.com/kubercloud/ani/pkg/adapters/runtime/admission.go:102.30,103.37 1 1
github.com/kubercloud/ani/pkg/adapters/runtime/admission.go:103.37,105.4 1 1
github.com/kubercloud/ani/pkg/adapters/runtime/admission.go:107.2,107.15 1 1
github.com/kubercloud/ani/pkg/adapters/runtime/admission.go:110.42,111.31 1 1
github.com/kubercloud/ani/pkg/adapters/runtime/admission.go:112.22,113.32 1 1
github.com/kubercloud/ani/pkg/adapters/runtime/admission.go:113.32,114.28 1 1
github.com/kubercloud/ani/pkg/adapters/runtime/admission.go:114.28,115.50 1 0
github.com/kubercloud/ani/pkg/adapters/runtime/admission.go:115.50,117.6 1 0
github.com/kubercloud/ani/pkg/adapters/runtime/admission.go:119.4,119.33 1 1
github.com/kubercloud/ani/pkg/adapters/runtime/admission.go:119.33,121.5 1 0
github.com/kubercloud/ani/pkg/adapters/runtime/admission.go:123.13,124.30 1 1
github.com/kubercloud/ani/pkg/adapters/runtime/admission.go:124.30,125.33 1 1
github.com/kubercloud/ani/pkg/adapters/runtime/admission.go:125.33,127.5 1 0
github.com/kubercloud/ani/pkg/adapters/runtime/admission.go:130.2,130.14 1 1
github.com/kubercloud/ani/pkg/adapters/runtime/admission.go:133.50,134.31 1 1
github.com/kubercloud/ani/pkg/adapters/runtime/admission.go:135.22,136.32 1 1
github.com/kubercloud/ani/pkg/adapters/runtime/admission.go:136.32,137.27 1 1
github.com/kubercloud/ani/pkg/adapters/runtime/admission.go:137.27,138.50 1 1
github.com/kubercloud/ani/pkg/adapters/runtime/admission.go:138.50,140.6 1 1
github.com/kubercloud/ani/pkg/adapters/runtime/admission.go:142.4,142.41 1 1
github.com/kubercloud/ani/pkg/adapters/runtime/admission.go:142.41,144.5 1 1
github.com/kubercloud/ani/pkg/adapters/runtime/admission.go:146.13,147.30 1 1
github.com/kubercloud/ani/pkg/adapters/runtime/admission.go:147.30,148.41 1 1
github.com/kubercloud/ani/pkg/adapters/runtime/admission.go:148.41,150.5 1 1
github.com/kubercloud/ani/pkg/adapters/runtime/admission.go:153.2,153.14 1 1
github.com/kubercloud/ani/pkg/adapters/runtime/dryrun_renderer.go:16.86,17.20 1 1
github.com/kubercloud/ani/pkg/adapters/runtime/dryrun_renderer.go:17.20,19.3 1 0
github.com/kubercloud/ani/pkg/adapters/runtime/dryrun_renderer.go:20.2,20.52 1 1
github.com/kubercloud/ani/pkg/adapters/runtime/dryrun_renderer.go:23.123,25.16 2 1
github.com/kubercloud/ani/pkg/adapters/runtime/dryrun_renderer.go:25.16,27.3 1 0
github.com/kubercloud/ani/pkg/adapters/runtime/dryrun_renderer.go:29.2,29.22 1 1
github.com/kubercloud/ani/pkg/adapters/runtime/dryrun_renderer.go:30.28,31.58 1 1
github.com/kubercloud/ani/pkg/adapters/runtime/dryrun_renderer.go:32.34,33.59 1 1
github.com/kubercloud/ani/pkg/adapters/runtime/dryrun_renderer.go:34.10,35.66 1 1
github.com/kubercloud/ani/pkg/adapters/runtime/dryrun_renderer.go:39.63,68.2 2 1
github.com/kubercloud/ani/pkg/adapters/runtime/dryrun_renderer.go:70.71,82.2 2 1
github.com/kubercloud/ani/pkg/adapters/runtime/dryrun_renderer.go:84.64,95.2 2 1
github.com/kubercloud/ani/pkg/adapters/runtime/dryrun_renderer.go:97.58,115.45 2 1
github.com/kubercloud/ani/pkg/adapters/runtime/dryrun_renderer.go:115.45,117.3 1 1
github.com/kubercloud/ani/pkg/adapters/runtime/dryrun_renderer.go:118.2,118.33 1 1
github.com/kubercloud/ani/pkg/adapters/runtime/dryrun_renderer.go:118.33,120.3 1 1
github.com/kubercloud/ani/pkg/adapters/runtime/dryrun_renderer.go:121.2,121.30 1 1
github.com/kubercloud/ani/pkg/adapters/runtime/dryrun_renderer.go:121.30,123.3 1 1
github.com/kubercloud/ani/pkg/adapters/runtime/dryrun_renderer.go:124.2,124.35 1 1
github.com/kubercloud/ani/pkg/adapters/runtime/dryrun_renderer.go:124.35,126.3 1 0
github.com/kubercloud/ani/pkg/adapters/runtime/dryrun_renderer.go:128.2,134.3 1 1
github.com/kubercloud/ani/pkg/adapters/runtime/dryrun_renderer.go:137.73,146.2 1 1
github.com/kubercloud/ani/pkg/adapters/runtime/dryrun_renderer.go:148.56,155.2 1 1
github.com/kubercloud/ani/pkg/adapters/runtime/dryrun_renderer.go:157.64,162.2 1 1
github.com/kubercloud/ani/pkg/adapters/runtime/dryrun_renderer.go:164.77,171.26 2 1
github.com/kubercloud/ani/pkg/adapters/runtime/dryrun_renderer.go:171.26,174.3 2 1
github.com/kubercloud/ani/pkg/adapters/runtime/dryrun_renderer.go:175.2,175.39 1 1
github.com/kubercloud/ani/pkg/adapters/runtime/dryrun_renderer.go:175.39,176.75 1 1
github.com/kubercloud/ani/pkg/adapters/runtime/dryrun_renderer.go:176.75,178.4 1 1
github.com/kubercloud/ani/pkg/adapters/runtime/dryrun_renderer.go:180.2,180.20 1 1
github.com/kubercloud/ani/pkg/adapters/runtime/dryrun_renderer.go:183.57,184.26 1 1
github.com/kubercloud/ani/pkg/adapters/runtime/dryrun_renderer.go:184.26,186.3 1 1
github.com/kubercloud/ani/pkg/adapters/runtime/dryrun_renderer.go:187.2,202.3 2 1
[...]
github.com/kubercloud/ani/services/auth-service/internal/service/token_blocklist.go:92.2,92.18 1 0
github.com/kubercloud/ani/services/auth-service/internal/service/token_issuer.go:25.54,27.46 2 1
github.com/kubercloud/ani/services/auth-service/internal/service/token_issuer.go:27.46,29.17 2 0
github.com/kubercloud/ani/services/auth-service/internal/service/token_issuer.go:29.17,31.4 1 0
github.com/kubercloud/ani/services/auth-service/internal/service/token_issuer.go:32.3,32.24 1 0
github.com/kubercloud/ani/services/auth-service/internal/service/token_issuer.go:34.2,34.18 1 1
github.com/kubercloud/ani/services/auth-service/internal/service/token_issuer.go:34.18,36.3 1 1
github.com/kubercloud/ani/services/auth-service/internal/service/token_issuer.go:37.2,38.16 2 1
github.com/kubercloud/ani/services/auth-service/internal/service/token_issuer.go:38.16,40.3 1 0
github.com/kubercloud/ani/services/auth-service/internal/service/token_issuer.go:41.2,41.76 1 1
github.com/kubercloud/ani/services/auth-service/internal/service/token_issuer.go:44.101,45.14 1 1
github.com/kubercloud/ani/services/auth-service/internal/service/token_issuer.go:45.14,47.3 1 0
github.com/kubercloud/ani/services/auth-service/internal/service/token_issuer.go:48.2,62.16 5 1
github.com/kubercloud/ani/services/auth-service/internal/service/token_issuer.go:62.16,64.3 1 0
github.com/kubercloud/ani/services/auth-service/internal/service/token_issuer.go:65.2,66.16 2 1
github.com/kubercloud/ani/services/auth-service/internal/service/token_issuer.go:66.16,68.3 1 0
github.com/kubercloud/ani/services/auth-service/internal/service/token_issuer.go:69.2,72.16 4 1
github.com/kubercloud/ani/services/auth-service/internal/service/token_issuer.go:72.16,74.3 1 0
github.com/kubercloud/ani/services/auth-service/internal/service/token_issuer.go:75.2,75.82 1 1
github.com/kubercloud/ani/services/auth-service/internal/service/token_issuer.go:78.65,80.18 2 1
github.com/kubercloud/ani/services/auth-service/internal/service/token_issuer.go:80.18,82.3 1 0
github.com/kubercloud/ani/services/auth-service/internal/service/token_issuer.go:83.2,83.68 1 1
github.com/kubercloud/ani/services/auth-service/internal/service/token_issuer.go:83.68,85.3 1 1
github.com/kubercloud/ani/services/auth-service/internal/service/token_issuer.go:86.2,87.16 2 0
github.com/kubercloud/ani/services/auth-service/internal/service/token_issuer.go:87.16,89.3 1 0
github.com/kubercloud/ani/services/auth-service/internal/service/token_issuer.go:90.2,91.9 2 0
github.com/kubercloud/ani/services/auth-service/internal/service/token_issuer.go:91.9,93.3 1 0
github.com/kubercloud/ani/services/auth-service/internal/service/token_issuer.go:94.2,94.17 1 0
github.com/kubercloud/ani/services/auth-service/internal/service/token_issuer.go:97.43,99.16 2 1
github.com/kubercloud/ani/services/auth-service/internal/service/token_issuer.go:99.16,101.3 1 0
github.com/kubercloud/ani/services/auth-service/internal/service/token_issuer.go:102.2,102.56 1 1
github.com/kubercloud/ani/services/reconcile-worker/internal/config/config.go:10.30,20.2 1 1
github.com/kubercloud/ani/services/reconcile-worker/internal/config/config.go:22.39,23.34 1 1
github.com/kubercloud/ani/services/reconcile-worker/internal/config/config.go:23.34,25.3 1 0
github.com/kubercloud/ani/services/reconcile-worker/internal/config/config.go:26.2,26.17 1 1
github.com/kubercloud/ani/services/reconcile-worker/internal/config/config.go:29.43,31.13 2 1
github.com/kubercloud/ani/services/reconcile-worker/internal/config/config.go:31.13,33.3 1 1
github.com/kubercloud/ani/services/reconcile-worker/internal/config/config.go:34.2,35.16 2 0
github.com/kubercloud/ani/services/reconcile-worker/internal/config/config.go:35.16,37.3 1 0
github.com/kubercloud/ani/services/reconcile-worker/internal/config/config.go:38.2,38.10 1 0
github.com/kubercloud/ani/services/task-service/internal/service/task_service.go:28.87,30.2 1 0
github.com/kubercloud/ani/services/task-service/internal/service/task_service.go:32.53,34.2 1 0
github.com/kubercloud/ani/services/task-service/internal/service/task_service.go:36.107,38.16 2 0
github.com/kubercloud/ani/services/task-service/internal/service/task_service.go:38.16,40.3 1 0
github.com/kubercloud/ani/services/task-service/internal/service/task_service.go:41.2,43.16 3 0
github.com/kubercloud/ani/services/task-service/internal/service/task_service.go:43.16,45.3 1 0
github.com/kubercloud/ani/services/task-service/internal/service/task_service.go:46.2,46.28 1 0
github.com/kubercloud/ani/services/task-service/internal/service/task_service.go:49.110,51.2 1 0
github.com/kubercloud/ani/services/task-service/internal/service/task_service.go:53.126,55.16 2 0
github.com/kubercloud/ani/services/task-service/internal/service/task_service.go:55.16,57.3 1 0
github.com/kubercloud/ani/services/task-service/internal/service/task_service.go:58.2,59.99 2 0
github.com/kubercloud/ani/services/task-service/internal/service/task_service.go:59.99,61.3 1 0
github.com/kubercloud/ani/services/task-service/internal/service/task_service.go:62.2,62.30 1 0
github.com/kubercloud/ani/services/task-service/internal/service/task_service.go:65.140,67.16 2 0
github.com/kubercloud/ani/services/task-service/internal/service/task_service.go:67.16,69.3 1 0
github.com/kubercloud/ani/services/task-service/internal/service/task_service.go:70.2,71.16 2 0
github.com/kubercloud/ani/services/task-service/internal/service/task_service.go:71.16,73.3 1 0
github.com/kubercloud/ani/services/task-service/internal/service/task_service.go:74.2,76.16 3 0
github.com/kubercloud/ani/services/task-service/internal/service/task_service.go:76.16,78.3 1 0
github.com/kubercloud/ani/services/task-service/internal/service/task_service.go:79.2,79.15 1 0
github.com/kubercloud/ani/services/task-service/internal/service/task_service.go:79.15,81.3 1 0
github.com/kubercloud/ani/services/task-service/internal/service/task_service.go:82.2,85.8 1 0
github.com/kubercloud/ani/services/task-service/internal/service/task_service.go:88.126,90.16 2 0
github.com/kubercloud/ani/services/task-service/internal/service/task_service.go:90.16,92.3 1 0
github.com/kubercloud/ani/services/task-service/internal/service/task_service.go:93.2,94.16 2 0
github.com/kubercloud/ani/services/task-service/internal/service/task_service.go:94.16,96.3 1 0
github.com/kubercloud/ani/services/task-service/internal/service/task_service.go:97.2,98.80 2 0
github.com/kubercloud/ani/services/task-service/internal/service/task_service.go:98.80,100.3 1 0
github.com/kubercloud/ani/services/task-service/internal/service/task_service.go:101.2,101.30 1 0
github.com/kubercloud/ani/services/task-service/internal/service/task_service.go:104.106,106.16 2 0
github.com/kubercloud/ani/services/task-service/internal/service/task_service.go:106.16,108.3 1 0
github.com/kubercloud/ani/services/task-service/internal/service/task_service.go:109.2,109.33 1 0
github.com/kubercloud/ani/services/task-service/internal/service/task_service.go:109.33,111.3 1 0
github.com/kubercloud/ani/services/task-service/internal/service/task_service.go:112.2,114.16 3 0
github.com/kubercloud/ani/services/task-service/internal/service/task_service.go:114.16,116.3 1 0
github.com/kubercloud/ani/services/task-service/internal/service/task_service.go:117.2,118.115 2 0
github.com/kubercloud/ani/services/task-service/internal/service/task_service.go:118.115,120.3 1 0
github.com/kubercloud/ani/services/task-service/internal/service/task_service.go:121.2,121.39 1 0
github.com/kubercloud/ani/services/task-service/internal/service/task_service.go:121.39,123.3 1 0
github.com/kubercloud/ani/services/task-service/internal/service/task_service.go:124.2,124.30 1 0
github.com/kubercloud/ani/services/task-service/internal/service/task_service.go:127.114,129.16 2 0
github.com/kubercloud/ani/services/task-service/internal/service/task_service.go:129.16,131.3 1 0
github.com/kubercloud/ani/services/task-service/internal/service/task_service.go:132.2,133.30 2 0
github.com/kubercloud/ani/services/task-service/internal/service/task_service.go:133.30,134.66 1 0
github.com/kubercloud/ani/services/task-service/internal/service/task_service.go:134.66,136.4 1 0
github.com/kubercloud/ani/services/task-service/internal/service/task_service.go:138.2,140.16 3 0
github.com/kubercloud/ani/services/task-service/internal/service/task_service.go:140.16,142.3 1 0
github.com/kubercloud/ani/services/task-service/internal/service/task_service.go:143.2,144.75 2 0
github.com/kubercloud/ani/services/task-service/internal/service/task_service.go:144.75,146.3 1 0
github.com/kubercloud/ani/services/task-service/internal/service/task_service.go:147.2,147.39 1 0
github.com/kubercloud/ani/services/task-service/internal/service/task_service.go:147.39,149.3 1 0
github.com/kubercloud/ani/services/task-service/internal/service/task_service.go:150.2,150.30 1 0
github.com/kubercloud/ani/services/task-service/internal/service/task_service.go:153.74,155.35 2 1
github.com/kubercloud/ani/services/task-service/internal/service/task_service.go:155.35,157.3 1 0
github.com/kubercloud/ani/services/task-service/internal/service/task_service.go:158.2,159.40 2 1
github.com/kubercloud/ani/services/task-service/internal/service/task_service.go:159.40,161.3 1 0
github.com/kubercloud/ani/services/task-service/internal/service/task_service.go:162.2,162.27 1 1
github.com/kubercloud/ani/services/task-service/internal/service/task_service.go:165.99,167.16 2 1
github.com/kubercloud/ani/services/task-service/internal/service/task_service.go:167.16,169.3 1 0
github.com/kubercloud/ani/services/task-service/internal/service/task_service.go:170.2,170.20 1 1
github.com/kubercloud/ani/services/task-service/internal/service/task_service.go:170.20,172.3 1 1
github.com/kubercloud/ani/services/task-service/internal/service/task_service.go:173.2,173.41 1 1
github.com/kubercloud/ani/services/task-service/internal/service/task_service.go:176.63,177.36 1 1
github.com/kubercloud/ani/services/task-service/internal/service/task_service.go:177.36,179.3 1 1
github.com/kubercloud/ani/services/task-service/internal/service/task_service.go:180.2,180.50 1 1
github.com/kubercloud/ani/services/task-service/internal/service/task_service.go:183.47,185.2 1 0
github.com/kubercloud/ani/services/task-service/internal/service/task_service.go:187.61,205.28 2 0
github.com/kubercloud/ani/services/task-service/internal/service/task_service.go:205.28,207.3 1 0
github.com/kubercloud/ani/services/task-service/internal/service/task_service.go:208.2,208.33 1 0
github.com/kubercloud/ani/services/task-service/internal/service/task_service.go:208.33,210.3 1 0
github.com/kubercloud/ani/services/task-service/internal/service/task_service.go:211.2,211.30 1 0
github.com/kubercloud/ani/services/task-service/internal/service/task_service.go:211.30,213.3 1 0
github.com/kubercloud/ani/services/task-service/internal/service/task_service.go:214.2,214.27 1 0
github.com/kubercloud/ani/services/task-service/internal/service/task_service.go:214.27,216.3 1 0
github.com/kubercloud/ani/services/task-service/internal/service/task_service.go:217.2,217.29 1 0
github.com/kubercloud/ani/services/task-service/internal/service/task_service.go:217.29,219.3 1 0
github.com/kubercloud/ani/services/task-service/internal/service/task_service.go:220.2,220.12 1 0
github.com/kubercloud/ani/services/task-service/internal/service/task_service.go:223.32,224.9 1 1
github.com/kubercloud/ani/services/task-service/internal/service/task_service.go:225.41,226.56 1 0
github.com/kubercloud/ani/services/task-service/internal/service/task_service.go:227.82,228.58 1 0
github.com/kubercloud/ani/services/task-service/internal/service/task_service.go:229.43,230.84 1 1
github.com/kubercloud/ani/services/task-service/internal/service/task_service.go:231.42,232.59 1 0
github.com/kubercloud/ani/services/task-service/internal/service/task_service.go:233.45,234.61 1 0
github.com/kubercloud/ani/services/task-service/internal/service/task_service.go:235.10,236.56 1 0
github.com/kubercloud/ani/tools/kms-sm4-live-fixture/main.go:33.13,37.16 4 0
github.com/kubercloud/ani/tools/kms-sm4-live-fixture/main.go:37.16,40.3 2 0
github.com/kubercloud/ani/tools/kms-sm4-live-fixture/main.go:41.2,47.93 3 0
github.com/kubercloud/ani/tools/kms-sm4-live-fixture/main.go:47.93,50.3 2 0
github.com/kubercloud/ani/tools/kms-sm4-live-fixture/main.go:53.90,55.16 2 1
github.com/kubercloud/ani/tools/kms-sm4-live-fixture/main.go:55.16,57.3 1 0
github.com/kubercloud/ani/tools/kms-sm4-live-fixture/main.go:58.2,60.16 3 1
github.com/kubercloud/ani/tools/kms-sm4-live-fixture/main.go:60.16,62.3 1 0
github.com/kubercloud/ani/tools/kms-sm4-live-fixture/main.go:63.2,64.16 2 1
github.com/kubercloud/ani/tools/kms-sm4-live-fixture/main.go:64.16,66.3 1 0
github.com/kubercloud/ani/tools/kms-sm4-live-fixture/main.go:67.2,71.8 1 1
github.com/kubercloud/ani/tools/kms-sm4-live-fixture/main.go:74.40,84.2 9 1
github.com/kubercloud/ani/tools/kms-sm4-live-fixture/main.go:86.65,87.32 1 0
github.com/kubercloud/ani/tools/kms-sm4-live-fixture/main.go:87.32,90.3 2 0
github.com/kubercloud/ani/tools/kms-sm4-live-fixture/main.go:91.2,91.64 1 0
github.com/kubercloud/ani/tools/kms-sm4-live-fixture/main.go:94.68,95.30 1 1
github.com/kubercloud/ani/tools/kms-sm4-live-fixture/main.go:95.30,97.3 1 0
github.com/kubercloud/ani/tools/kms-sm4-live-fixture/main.go:98.2,99.29 2 1
github.com/kubercloud/ani/tools/kms-sm4-live-fixture/main.go:99.29,101.3 1 0
github.com/kubercloud/ani/tools/kms-sm4-live-fixture/main.go:102.2,105.73 4 1
github.com/kubercloud/ani/tools/kms-sm4-live-fixture/main.go:105.73,108.3 2 0
github.com/kubercloud/ani/tools/kms-sm4-live-fixture/main.go:109.2,109.60 1 1
github.com/kubercloud/ani/tools/kms-sm4-live-fixture/main.go:109.60,112.3 2 0
github.com/kubercloud/ani/tools/kms-sm4-live-fixture/main.go:113.2,119.4 1 1
github.com/kubercloud/ani/tools/kms-sm4-live-fixture/main.go:122.69,123.30 1 1
github.com/kubercloud/ani/tools/kms-sm4-live-fixture/main.go:123.30,125.3 1 0
github.com/kubercloud/ani/tools/kms-sm4-live-fixture/main.go:126.2,127.29 2 1
github.com/kubercloud/ani/tools/kms-sm4-live-fixture/main.go:127.29,129.3 1 0
github.com/kubercloud/ani/tools/kms-sm4-live-fixture/main.go:130.2,134.111 5 1
github.com/kubercloud/ani/tools/kms-sm4-live-fixture/main.go:134.111,137.3 2 0
github.com/kubercloud/ani/tools/kms-sm4-live-fixture/main.go:138.2,145.4 2 1
github.com/kubercloud/ani/tools/kms-sm4-live-fixture/main.go:148.70,149.30 1 0
github.com/kubercloud/ani/tools/kms-sm4-live-fixture/main.go:149.30,151.3 1 0
github.com/kubercloud/ani/tools/kms-sm4-live-fixture/main.go:152.2,153.29 2 0
github.com/kubercloud/ani/tools/kms-sm4-live-fixture/main.go:153.29,155.3 1 0
github.com/kubercloud/ani/tools/kms-sm4-live-fixture/main.go:156.2,159.117 4 0
github.com/kubercloud/ani/tools/kms-sm4-live-fixture/main.go:159.117,162.3 2 0
github.com/kubercloud/ani/tools/kms-sm4-live-fixture/main.go:163.2,169.4 2 0
github.com/kubercloud/ani/tools/kms-sm4-live-fixture/main.go:172.69,173.31 1 1
github.com/kubercloud/ani/tools/kms-sm4-live-fixture/main.go:173.31,175.3 1 0
github.com/kubercloud/ani/tools/kms-sm4-live-fixture/main.go:176.2,177.16 2 1
github.com/kubercloud/ani/tools/kms-sm4-live-fixture/main.go:177.16,180.3 2 0
github.com/kubercloud/ani/tools/kms-sm4-live-fixture/main.go:181.2,182.44 2 1
github.com/kubercloud/ani/tools/kms-sm4-live-fixture/main.go:182.44,185.3 2 0
github.com/kubercloud/ani/tools/kms-sm4-live-fixture/main.go:186.2,190.24 5 1
github.com/kubercloud/ani/tools/kms-sm4-live-fixture/main.go:193.69,194.31 1 1
github.com/kubercloud/ani/tools/kms-sm4-live-fixture/main.go:194.31,196.3 1 0
github.com/kubercloud/ani/tools/kms-sm4-live-fixture/main.go:197.2,198.16 2 1
github.com/kubercloud/ani/tools/kms-sm4-live-fixture/main.go:198.16,201.3 2 0
github.com/kubercloud/ani/tools/kms-sm4-live-fixture/main.go:202.2,203.95 2 1
github.com/kubercloud/ani/tools/kms-sm4-live-fixture/main.go:203.95,206.3 2 0
github.com/kubercloud/ani/tools/kms-sm4-live-fixture/main.go:207.2,210.16 4 1
github.com/kubercloud/ani/tools/kms-sm4-live-fixture/main.go:210.16,213.3 2 0
github.com/kubercloud/ani/tools/kms-sm4-live-fixture/main.go:214.2,216.27 3 1
github.com/kubercloud/ani/tools/kms-sm4-live-fixture/main.go:219.70,220.62 1 1
github.com/kubercloud/ani/tools/kms-sm4-live-fixture/main.go:220.62,223.3 2 0
github.com/kubercloud/ani/tools/kms-sm4-live-fixture/main.go:224.2,225.9 2 1
github.com/kubercloud/ani/tools/kms-sm4-live-fixture/main.go:225.9,228.3 2 0
github.com/kubercloud/ani/tools/kms-sm4-live-fixture/main.go:229.2,229.32 1 1
github.com/kubercloud/ani/tools/kms-sm4-live-fixture/main.go:229.32,231.17 2 1
github.com/kubercloud/ani/tools/kms-sm4-live-fixture/main.go:231.17,234.4 2 0
github.com/kubercloud/ani/tools/kms-sm4-live-fixture/main.go:235.3,235.64 1 1
github.com/kubercloud/ani/tools/kms-sm4-live-fixture/main.go:235.64,238.4 2 0
github.com/kubercloud/ani/tools/kms-sm4-live-fixture/main.go:239.3,239.60 1 1
github.com/kubercloud/ani/tools/kms-sm4-live-fixture/main.go:239.60,242.4 2 0
github.com/kubercloud/ani/tools/kms-sm4-live-fixture/main.go:243.3,244.9 2 1
github.com/kubercloud/ani/tools/kms-sm4-live-fixture/main.go:246.2,247.16 2 1
github.com/kubercloud/ani/tools/kms-sm4-live-fixture/main.go:247.16,250.3 2 0
github.com/kubercloud/ani/tools/kms-sm4-live-fixture/main.go:251.2,253.25 3 1
github.com/kubercloud/ani/tools/kms-sm4-live-fixture/main.go:256.57,257.48 1 1
github.com/kubercloud/ani/tools/kms-sm4-live-fixture/main.go:257.48,258.19 1 1
github.com/kubercloud/ani/tools/kms-sm4-live-fixture/main.go:258.19,260.4 1 1
github.com/kubercloud/ani/tools/kms-sm4-live-fixture/main.go:262.2,263.18 2 1
github.com/kubercloud/ani/tools/kms-sm4-live-fixture/main.go:263.18,265.3 1 0
github.com/kubercloud/ani/tools/kms-sm4-live-fixture/main.go:266.2,266.74 1 1
github.com/kubercloud/ani/tools/kms-sm4-live-fixture/main.go:269.79,270.28 1 1
github.com/kubercloud/ani/tools/kms-sm4-live-fixture/main.go:270.28,272.3 1 0
github.com/kubercloud/ani/tools/kms-sm4-live-fixture/main.go:273.2,273.33 1 1
github.com/kubercloud/ani/tools/kms-sm4-live-fixture/main.go:273.33,276.3 2 0
github.com/kubercloud/ani/tools/kms-sm4-live-fixture/main.go:277.2,277.13 1 1
github.com/kubercloud/ani/tools/kms-sm4-live-fixture/main.go:280.80,281.28 1 1
github.com/kubercloud/ani/tools/kms-sm4-live-fixture/main.go:281.28,283.3 1 0
github.com/kubercloud/ani/tools/kms-sm4-live-fixture/main.go:284.2,284.33 1 1
github.com/kubercloud/ani/tools/kms-sm4-live-fixture/main.go:284.33,287.3 2 0
github.com/kubercloud/ani/tools/kms-sm4-live-fixture/main.go:288.2,288.13 1 1
github.com/kubercloud/ani/tools/kms-sm4-live-fixture/main.go:291.77,292.25 1 1
github.com/kubercloud/ani/tools/kms-sm4-live-fixture/main.go:292.25,294.3 1 0
github.com/kubercloud/ani/tools/kms-sm4-live-fixture/main.go:295.2,295.62 1 1
github.com/kubercloud/ani/tools/kms-sm4-live-fixture/main.go:295.62,298.3 2 0
github.com/kubercloud/ani/tools/kms-sm4-live-fixture/main.go:299.2,299.13 1 1
github.com/kubercloud/ani/tools/kms-sm4-live-fixture/main.go:302.71,303.91 1 1
github.com/kubercloud/ani/tools/kms-sm4-live-fixture/main.go:303.91,306.3 2 0
github.com/kubercloud/ani/tools/kms-sm4-live-fixture/main.go:307.2,307.13 1 1
github.com/kubercloud/ani/tools/kms-sm4-live-fixture/main.go:310.62,314.2 3 1
github.com/kubercloud/ani/tools/kms-sm4-live-fixture/main.go:316.54,318.2 1 0
github.com/kubercloud/ani/tools/kms-sm4-live-fixture/main.go:320.60,321.36 1 1
github.com/kubercloud/ani/tools/kms-sm4-live-fixture/main.go:321.36,323.3 1 0
github.com/kubercloud/ani/tools/kms-sm4-live-fixture/main.go:324.2,324.14 1 1
github.com/kubercloud/ani/tools/kms-sm4-live-fixture/main.go:327.45,328.31 1 1
github.com/kubercloud/ani/tools/kms-sm4-live-fixture/main.go:328.31,329.37 1 1
github.com/kubercloud/ani/tools/kms-sm4-live-fixture/main.go:329.37,331.4 1 1
github.com/kubercloud/ani/tools/kms-sm4-live-fixture/main.go:333.2,333.11 1 0
